TN:
SF:/Users/jschuler/Documents/GitHub/pf-react-fork/packages/patternfly-4/react-catalog-view-extension/src/components/CatalogItemHeader/CatalogItemHeader.tsx
FN:20,(anonymous_5)
FNF:1
FNH:1
FNDA:2,(anonymous_5)
DA:1,2
DA:2,2
DA:20,2
DA:21,4
DA:22,4
DA:23,4
DA:24,2
DA:25,4
DA:26,2
DA:28,2
LF:10
LH:10
BRDA:21,0,0,1
BRDA:21,0,1,1
BRDA:22,1,0,1
BRDA:22,1,1,1
BRDA:23,2,0,1
BRDA:23,2,1,1
BRDA:25,3,0,0
BRDA:25,3,1,2
BRDA:30,4,0,2
BRDA:30,4,1,1
BRDA:31,5,0,2
BRDA:31,5,1,1
BRDA:31,5,2,0
BRDA:34,6,0,2
BRDA:34,6,1,1
BRF:15
BRH:13
end_of_record
TN:
SF:/Users/jschuler/Documents/GitHub/pf-react-fork/packages/patternfly-4/react-catalog-view-extension/src/components/CatalogTile/CatalogTile.tsx
FN:42,(anonymous_11)
FN:61,(anonymous_13)
FN:73,(anonymous_14)
FN:84,(anonymous_15)
FN:91,(anonymous_16)
FN:98,(anonymous_17)
FN:122,(anonymous_18)
FNF:7
FNH:7
FNDA:12,(anonymous_11)
FNDA:7,(anonymous_13)
FNDA:1,(anonymous_14)
FNDA:5,(anonymous_15)
FNDA:7,(anonymous_16)
FNDA:10,(anonymous_17)
FNDA:1,(anonymous_18)
DA:1,2
DA:2,2
DA:3,2
DA:42,10
DA:43,2
DA:61,10
DA:62,7
DA:63,5
DA:65,2
DA:73,10
DA:74,1
DA:76,1
DA:77,1
DA:79,1
DA:80,1
DA:84,10
DA:85,5
DA:86,0
DA:89,5
DA:91,7
DA:98,10
DA:99,10
DA:100,10
DA:101,10
DA:102,10
DA:103,10
DA:104,10
DA:105,10
DA:106,10
DA:107,10
DA:108,10
DA:109,10
DA:110,10
DA:111,10
DA:112,10
DA:113,10
DA:114,10
DA:115,10
DA:116,10
DA:117,10
DA:119,10
DA:121,10
DA:122,1
DA:145,2
LF:44
LH:43
BRDA:42,0,0,10
BRDA:42,0,1,10
BRDA:42,0,2,10
BRDA:62,1,0,5
BRDA:62,1,1,2
BRDA:62,2,0,7
BRDA:62,2,1,7
BRDA:62,2,2,7
BRDA:76,3,0,1
BRDA:76,3,1,0
BRDA:79,4,0,1
BRDA:79,4,1,0
BRDA:85,5,0,0
BRDA:85,5,1,5
BRDA:85,6,0,5
BRDA:85,6,1,5
BRDA:119,7,0,10
BRDA:119,7,1,9
BRDA:122,8,0,5
BRDA:122,8,1,5
BRDA:122,9,0,10
BRDA:122,9,1,6
BRDA:122,10,0,10
BRDA:122,10,1,6
BRDA:123,11,0,10
BRDA:123,11,1,5
BRDA:123,11,2,4
BRDA:123,11,3,4
BRDA:123,11,4,7
BRDA:124,12,0,7
BRDA:124,12,1,1
BRDA:125,13,0,7
BRDA:125,13,1,6
BRDA:125,13,2,5
BRDA:125,13,3,2
BRDA:126,14,0,7
BRDA:126,14,1,5
BRDA:132,15,0,10
BRDA:132,15,1,8
BRDA:134,16,0,10
BRDA:134,16,1,8
BRDA:141,17,0,10
BRDA:141,17,1,1
BRF:43
BRH:40
end_of_record
TN:
SF:/Users/jschuler/Documents/GitHub/pf-react-fork/packages/patternfly-4/react-catalog-view-extension/src/components/CatalogTile/CatalogTileBadge.tsx
FN:19,(anonymous_5)
FNF:1
FNH:1
FNDA:8,(anonymous_5)
DA:1,2
DA:2,2
DA:3,2
DA:19,2
DA:20,16
DA:21,16
DA:22,16
DA:23,16
DA:24,8
DA:26,8
DA:28,8
DA:29,7
DA:40,1
LF:13
LH:13
BRDA:20,0,0,0
BRDA:20,0,1,8
BRDA:21,1,0,7
BRDA:21,1,1,1
BRDA:22,2,0,0
BRDA:22,2,1,8
BRDA:23,3,0,1
BRDA:23,3,1,7
BRDA:28,4,0,7
BRDA:28,4,1,1
BRF:10
BRH:8
end_of_record
TN:
SF:/Users/jschuler/Documents/GitHub/pf-react-fork/packages/patternfly-4/react-catalog-view-extension/src/components/FilterSidePanel/FilterSidePanel.tsx
FN:11,(anonymous_5)
FNF:1
FNH:1
FNDA:1,(anonymous_5)
DA:1,1
DA:2,1
DA:11,1
DA:12,2
DA:13,2
DA:14,1
DA:16,1
DA:17,1
LF:8
LH:8
BRDA:12,0,0,0
BRDA:12,0,1,1
BRDA:13,1,0,0
BRDA:13,1,1,1
BRF:4
BRH:2
end_of_record
TN:
SF:/Users/jschuler/Documents/GitHub/pf-react-fork/packages/patternfly-4/react-catalog-view-extension/src/components/FilterSidePanel/FilterSidePanelCategory.tsx
FN:31,(anonymous_5)
FN:38,(anonymous_6)
FNF:2
FNH:1
FNDA:1,(anonymous_5)
FNDA:0,(anonymous_6)
DA:1,1
DA:2,1
DA:3,1
DA:4,1
DA:5,1
DA:7,1
DA:31,1
DA:32,2
DA:33,2
DA:34,2
DA:35,2
DA:36,2
DA:37,2
DA:38,2
DA:39,2
DA:40,2
DA:41,1
DA:43,1
DA:44,1
DA:45,1
DA:46,1
DA:48,1
DA:50,1
DA:51,1
DA:52,1
DA:53,0
DA:60,0
DA:61,0
DA:62,0
DA:70,1
LF:30
LH:26
BRDA:32,0,0,0
BRDA:32,0,1,1
BRDA:33,1,0,0
BRDA:33,1,1,1
BRDA:34,2,0,0
BRDA:34,2,1,1
BRDA:35,3,0,0
BRDA:35,3,1,1
BRDA:36,4,0,0
BRDA:36,4,1,1
BRDA:37,5,0,0
BRDA:37,5,1,1
BRDA:38,6,0,0
BRDA:38,6,1,1
BRDA:39,7,0,0
BRDA:39,7,1,1
BRDA:40,8,0,0
BRDA:40,8,1,1
BRDA:50,9,0,1
BRDA:50,9,1,0
BRDA:50,10,0,1
BRDA:50,10,1,0
BRDA:52,11,0,0
BRDA:52,11,1,1
BRDA:55,12,0,0
BRDA:55,12,1,0
BRDA:61,13,0,0
BRDA:61,13,1,0
BRDA:64,14,0,0
BRDA:64,14,1,0
BRDA:73,15,0,1
BRDA:73,15,1,0
BRF:32
BRH:13
end_of_record
TN:
SF:/Users/jschuler/Documents/GitHub/pf-react-fork/packages/patternfly-4/react-catalog-view-extension/src/components/FilterSidePanel/FilterSidePanelCategoryItem.tsx
FN:22,(anonymous_5)
FNF:1
FNH:1
FNDA:1,(anonymous_5)
DA:1,1
DA:2,1
DA:3,1
DA:5,1
DA:22,1
DA:23,2
DA:24,2
DA:25,2
DA:26,2
DA:27,2
DA:28,2
DA:29,1
DA:31,1
DA:33,1
DA:39,1
LF:15
LH:15
BRDA:23,0,0,0
BRDA:23,0,1,1
BRDA:24,1,0,0
BRDA:24,1,1,1
BRDA:25,2,0,0
BRDA:25,2,1,1
BRDA:26,3,0,0
BRDA:26,3,1,1
BRDA:27,4,0,0
BRDA:27,4,1,1
BRDA:28,5,0,0
BRDA:28,5,1,1
BRDA:34,6,0,1
BRDA:34,6,1,1
BRDA:36,7,0,1
BRDA:36,7,1,0
BRF:16
BRH:9
end_of_record
TN:
SF:/Users/jschuler/Documents/GitHub/pf-react-fork/packages/patternfly-4/react-catalog-view-extension/src/components/PropertiesSidePanel/PropertiesSidePanel.tsx
FN:11,(anonymous_5)
FNF:1
FNH:1
FNDA:2,(anonymous_5)
DA:1,2
DA:2,2
DA:11,2
DA:12,4
DA:13,4
DA:14,2
DA:16,2
DA:18,2
LF:8
LH:8
BRDA:12,0,0,0
BRDA:12,0,1,2
BRDA:13,1,0,0
BRDA:13,1,1,2
BRF:4
BRH:2
end_of_record
TN:
SF:/Users/jschuler/Documents/GitHub/pf-react-fork/packages/patternfly-4/react-catalog-view-extension/src/components/PropertiesSidePanel/PropertyItem.tsx
FN:16,(anonymous_5)
FNF:1
FNH:1
FNDA:10,(anonymous_5)
DA:1,2
DA:2,2
DA:5,2
DA:16,2
DA:17,20
DA:18,10
DA:19,20
DA:20,10
DA:21,10
DA:23,10
DA:24,10
LF:11
LH:11
BRDA:17,0,0,7
BRDA:17,0,1,3
BRDA:19,1,0,0
BRDA:19,1,1,10
BRF:4
BRH:3
end_of_record
TN:
SF:/Users/jschuler/Documents/GitHub/pf-react-fork/packages/patternfly-4/react-catalog-view-extension/src/components/VerticalTabs/VerticalTabs.tsx
FN:15,(anonymous_5)
FNF:1
FNH:1
FNDA:11,(anonymous_5)
DA:1,2
DA:2,2
DA:15,2
DA:16,22
DA:17,22
DA:18,22
DA:19,22
DA:20,11
DA:22,11
DA:23,11
LF:10
LH:10
BRDA:16,0,0,0
BRDA:16,0,1,11
BRDA:17,1,0,8
BRDA:17,1,1,3
BRDA:18,2,0,5
BRDA:18,2,1,6
BRDA:19,3,0,7
BRDA:19,3,1,4
BRF:8
BRH:7
end_of_record
TN:
SF:/Users/jschuler/Documents/GitHub/pf-react-fork/packages/patternfly-4/react-catalog-view-extension/src/components/VerticalTabs/VerticalTabsTab.tsx
FN:25,(anonymous_5)
FN:47,(anonymous_6)
FN:56,(anonymous_7)
FNF:3
FNH:3
FNDA:44,(anonymous_5)
FNDA:1,(anonymous_6)
FNDA:1,(anonymous_7)
DA:1,2
DA:2,2
DA:25,2
DA:26,88
DA:27,88
DA:28,88
DA:29,88
DA:30,88
DA:31,88
DA:32,88
DA:33,88
DA:34,44
DA:36,44
DA:42,44
DA:47,44
DA:48,1
DA:49,1
DA:50,1
DA:54,44
DA:56,1
LF:20
LH:20
BRDA:26,0,0,35
BRDA:26,0,1,9
BRDA:27,1,0,39
BRDA:27,1,1,5
BRDA:28,2,0,0
BRDA:28,2,1,44
BRDA:29,3,0,40
BRDA:29,3,1,4
BRDA:30,4,0,37
BRDA:30,4,1,7
BRDA:31,5,0,42
BRDA:31,5,1,2
BRDA:32,6,0,42
BRDA:32,6,1,2
BRDA:33,7,0,42
BRDA:33,7,1,2
BRDA:49,8,0,1
BRDA:49,8,1,0
BRF:18
BRH:16
end_of_record
TN:
SF:/Users/jschuler/Documents/GitHub/pf-react-fork/packages/patternfly-4/react-catalog-view-extension/src/helpers/util.ts
FN:3,getUniqueId
FN:13,(anonymous_2)
FNF:2
FNH:2
FNDA:3,getUniqueId
FNDA:1,(anonymous_2)
DA:1,3
DA:3,6
DA:5,3
DA:9,3
DA:13,3
DA:14,1
LF:6
LH:6
BRDA:3,0,0,3
BRDA:3,0,1,0
BRDA:14,1,0,1
BRDA:14,1,1,1
BRDA:14,1,2,1
BRF:5
BRH:4
end_of_record
TN:
SF:/Users/jschuler/Documents/GitHub/pf-react-fork/packages/patternfly-4/react-charts/src/components/Chart/Chart.tsx
FN:362,(anonymous_5)
FN:408,(anonymous_6)
FN:418,(anonymous_7)
FNF:3
FNH:2
FNDA:10,(anonymous_5)
FNDA:10,(anonymous_6)
FNDA:0,(anonymous_7)
DA:1,8
DA:2,8
DA:4,8
DA:18,8
DA:19,8
DA:20,8
DA:21,8
DA:362,8
DA:363,20
DA:364,10
DA:365,10
DA:366,10
DA:367,20
DA:368,20
DA:369,10
DA:370,20
DA:371,10
DA:372,20
DA:373,10
DA:374,10
DA:377,20
DA:378,20
DA:379,20
DA:380,20
DA:381,20
DA:382,10
DA:384,10
DA:392,10
DA:400,10
DA:408,10
DA:409,10
DA:410,10
DA:412,0
DA:413,0
DA:414,0
DA:415,0
DA:418,0
DA:419,0
DA:420,0
DA:421,0
DA:425,0
DA:426,0
DA:427,0
DA:428,0
DA:429,0
DA:431,0
DA:445,10
DA:460,8
LF:48
LH:34
BRDA:363,0,0,9
BRDA:363,0,1,1
BRDA:367,1,0,9
BRDA:367,1,1,1
BRDA:368,2,0,9
BRDA:368,2,1,1
BRDA:370,3,0,9
BRDA:370,3,1,1
BRDA:372,4,0,9
BRDA:372,4,1,1
BRDA:377,5,0,10
BRDA:377,5,1,0
BRDA:378,6,0,9
BRDA:378,6,1,10
BRDA:379,7,0,9
BRDA:379,7,1,1
BRDA:380,8,0,2
BRDA:380,8,1,8
BRDA:381,9,0,2
BRDA:381,9,1,8
BRDA:409,10,0,10
BRDA:409,10,1,0
BRDA:415,11,0,0
BRDA:415,11,1,0
BRDA:419,12,0,0
BRDA:419,12,1,0
BRDA:419,13,0,0
BRDA:419,13,1,0
BRDA:419,13,2,0
BRDA:425,14,0,0
BRDA:425,14,1,0
BRDA:427,15,0,0
BRDA:427,15,1,0
BRF:33
BRH:20
end_of_record
TN:
SF:/Users/jschuler/Documents/GitHub/pf-react-fork/packages/patternfly-4/react-charts/src/components/ChartArea/ChartArea.tsx
FN:23,(anonymous_5)
FN:379,(anonymous_6)
FNF:2
FNH:2
FNDA:5,(anonymous_5)
FNDA:4,(anonymous_6)
DA:1,5
DA:2,5
DA:3,5
DA:19,5
DA:21,5
DA:23,5
DA:24,5
DA:25,5
DA:379,5
DA:380,8
DA:381,4
DA:382,4
DA:385,8
DA:387,4
DA:390,4
DA:394,4
DA:398,5
LF:17
LH:17
BRDA:23,0,0,5
BRDA:23,0,1,5
BRDA:380,1,0,3
BRDA:380,1,1,1
BRDA:385,2,0,3
BRDA:385,2,1,1
BRF:6
BRH:6
end_of_record
TN:
SF:/Users/jschuler/Documents/GitHub/pf-react-fork/packages/patternfly-4/react-charts/src/components/ChartAxis/ChartAxis.tsx
FN:401,(anonymous_5)
FNF:1
FNH:1
FNDA:3,(anonymous_5)
DA:1,4
DA:2,4
DA:3,4
DA:14,4
DA:16,4
DA:401,4
DA:402,6
DA:403,6
DA:404,3
DA:405,3
DA:408,6
DA:409,3
DA:412,3
DA:416,3
DA:425,4
LF:15
LH:15
BRDA:402,0,0,2
BRDA:402,0,1,1
BRDA:403,1,0,2
BRDA:403,1,1,1
BRDA:408,2,0,2
BRDA:408,2,1,1
BRDA:419,3,0,0
BRDA:419,3,1,3
BRF:8
BRH:7
end_of_record
TN:
SF:/Users/jschuler/Documents/GitHub/pf-react-fork/packages/patternfly-4/react-charts/src/components/ChartBar/ChartBar.tsx
FN:407,(anonymous_5)
FNF:1
FNH:1
FNDA:3,(anonymous_5)
DA:1,15
DA:2,15
DA:3,15
DA:20,15
DA:22,15
DA:407,15
DA:408,6
DA:409,3
DA:410,3
DA:413,6
DA:414,3
DA:417,3
DA:421,3
DA:425,15
LF:14
LH:14
BRDA:408,0,0,2
BRDA:408,0,1,1
BRDA:413,1,0,2
BRDA:413,1,1,1
BRF:4
BRH:4
end_of_record
TN:
SF:/Users/jschuler/Documents/GitHub/pf-react-fork/packages/patternfly-4/react-charts/src/components/ChartBullet/ChartBullet.tsx
FN:454,(anonymous_5)
FN:705,(anonymous_6)
FN:724,(anonymous_7)
FN:761,(anonymous_8)
FNF:4
FNH:4
FNDA:4,(anonymous_5)
FNDA:4,(anonymous_6)
FNDA:4,(anonymous_7)
FNDA:4,(anonymous_8)
DA:1,2
DA:2,2
DA:3,2
DA:4,2
DA:12,2
DA:13,2
DA:14,2
DA:15,2
DA:16,2
DA:17,2
DA:18,2
DA:19,2
DA:20,2
DA:21,2
DA:22,2
DA:23,2
DA:24,2
DA:25,2
DA:26,2
DA:27,2
DA:454,2
DA:455,8
DA:456,4
DA:457,4
DA:458,8
DA:459,8
DA:460,4
DA:461,4
DA:462,4
DA:463,8
DA:464,4
DA:465,4
DA:466,4
DA:467,8
DA:468,8
DA:469,8
DA:470,4
DA:471,4
DA:472,8
DA:473,8
DA:474,4
DA:475,8
DA:476,8
DA:477,4
DA:478,8
DA:479,4
DA:480,4
DA:481,4
DA:482,8
DA:483,4
DA:484,4
DA:485,4
DA:486,8
DA:487,4
DA:488,4
DA:489,4
DA:490,8
DA:491,4
DA:492,4
DA:493,4
DA:494,4
DA:495,8
DA:496,4
DA:497,4
DA:498,4
DA:499,4
DA:500,8
DA:501,4
DA:504,4
DA:519,4
DA:533,8
DA:534,8
DA:535,8
DA:536,8
DA:537,4
DA:540,4
DA:545,4
DA:553,4
DA:563,4
DA:578,4
DA:596,4
DA:614,4
DA:627,4
DA:643,4
DA:664,4
DA:685,4
DA:705,4
DA:706,4
DA:707,4
DA:708,4
DA:709,0
DA:710,4
DA:711,0
DA:713,4
DA:715,4
DA:716,4
DA:717,4
DA:718,4
DA:720,4
DA:724,4
DA:725,4
DA:726,0
DA:728,4
DA:729,4
DA:732,4
DA:733,4
DA:738,0
DA:739,0
DA:744,0
DA:746,4
DA:761,4
DA:762,4
DA:763,4
DA:764,4
DA:770,4
DA:771,0
DA:773,4
DA:777,4
DA:798,4
DA:812,4
DA:821,2
LF:121
LH:114
BRDA:455,0,0,3
BRDA:455,0,1,1
BRDA:458,1,0,3
BRDA:458,1,1,1
BRDA:459,2,0,3
BRDA:459,2,1,1
BRDA:463,3,0,3
BRDA:463,3,1,1
BRDA:467,4,0,3
BRDA:467,4,1,1
BRDA:468,5,0,3
BRDA:468,5,1,1
BRDA:469,6,0,3
BRDA:469,6,1,1
BRDA:472,7,0,3
BRDA:472,7,1,1
BRDA:473,8,0,3
BRDA:473,8,1,1
BRDA:475,9,0,3
BRDA:475,9,1,1
BRDA:476,10,0,3
BRDA:476,10,1,1
BRDA:478,11,0,3
BRDA:478,11,1,1
BRDA:482,12,0,3
BRDA:482,12,1,1
BRDA:486,13,0,3
BRDA:486,13,1,1
BRDA:490,14,0,3
BRDA:490,14,1,1
BRDA:495,15,0,3
BRDA:495,15,1,1
BRDA:500,16,0,3
BRDA:500,16,1,1
BRDA:504,17,0,4
BRDA:504,17,1,0
BRDA:519,18,0,4
BRDA:519,18,1,0
BRDA:533,19,0,3
BRDA:533,19,1,1
BRDA:534,20,0,8
BRDA:534,20,1,0
BRDA:535,21,0,6
BRDA:535,21,1,1
BRDA:536,22,0,3
BRDA:536,22,1,1
BRDA:541,23,0,4
BRDA:541,23,1,0
BRDA:542,24,0,4
BRDA:542,24,1,0
BRDA:586,25,0,4
BRDA:586,25,1,0
BRDA:604,26,0,4
BRDA:604,26,1,0
BRDA:629,27,0,0
BRDA:629,27,1,4
BRDA:630,28,0,0
BRDA:630,28,1,4
BRDA:631,29,0,0
BRDA:631,29,1,4
BRDA:632,30,0,0
BRDA:632,30,1,4
BRDA:633,31,0,0
BRDA:633,31,1,4
BRDA:651,32,0,4
BRDA:651,32,1,0
BRDA:673,33,0,4
BRDA:673,33,1,0
BRDA:694,34,0,4
BRDA:694,34,1,0
BRDA:708,35,0,0
BRDA:708,35,1,4
BRDA:708,36,0,4
BRDA:708,36,1,0
BRDA:710,37,0,0
BRDA:710,37,1,4
BRDA:725,38,0,0
BRDA:725,38,1,4
BRDA:732,39,0,4
BRDA:732,39,1,0
BRDA:734,40,0,4
BRDA:734,40,1,0
BRDA:736,41,0,0
BRDA:736,41,1,0
BRDA:738,42,0,0
BRDA:738,42,1,0
BRDA:740,43,0,0
BRDA:740,43,1,0
BRDA:742,44,0,0
BRDA:742,44,1,0
BRDA:763,45,0,0
BRDA:763,45,1,4
BRDA:763,46,0,4
BRDA:763,46,1,0
BRDA:763,47,0,4
BRDA:763,47,1,4
BRDA:765,48,0,0
BRDA:765,48,1,4
BRDA:767,49,0,4
BRDA:767,49,1,0
BRDA:766,50,0,4
BRDA:766,50,1,4
BRDA:770,51,0,0
BRDA:770,51,1,4
BRDA:770,52,0,4
BRDA:770,52,1,0
BRDA:778,53,0,4
BRDA:778,53,1,0
BRDA:780,54,0,0
BRDA:780,54,1,4
BRDA:787,55,0,0
BRDA:787,55,1,4
BRDA:788,56,0,4
BRDA:788,56,1,0
BRDA:813,57,0,4
BRDA:813,57,1,0
BRF:116
BRH:76
end_of_record
TN:
SF:/Users/jschuler/Documents/GitHub/pf-react-fork/packages/patternfly-4/react-charts/src/components/ChartBullet/ChartBulletComparativeErrorMeasure.tsx
FN:158,(anonymous_5)
FNF:1
FNH:1
FNDA:4,(anonymous_5)
DA:1,4
DA:2,4
DA:3,4
DA:4,4
DA:6,4
DA:7,4
DA:158,4
DA:159,8
DA:160,4
DA:161,4
DA:162,4
DA:163,8
DA:164,4
DA:165,4
DA:166,8
DA:167,4
DA:168,4
DA:169,8
DA:170,4
DA:171,8
DA:172,4
DA:173,4
DA:174,4
DA:177,8
DA:178,8
DA:179,8
DA:180,4
DA:183,4
DA:203,4
DA:213,4
LF:30
LH:30
BRDA:159,0,0,3
BRDA:159,0,1,1
BRDA:163,1,0,3
BRDA:163,1,1,1
BRDA:166,2,0,3
BRDA:166,2,1,1
BRDA:169,3,0,3
BRDA:169,3,1,1
BRDA:171,4,0,3
BRDA:171,4,1,1
BRDA:177,5,0,3
BRDA:177,5,1,1
BRDA:178,6,0,3
BRDA:178,6,1,1
BRDA:179,7,0,2
BRDA:179,7,1,2
BRDA:204,8,0,4
BRDA:204,8,1,0
BRF:18
BRH:17
end_of_record
TN:
SF:/Users/jschuler/Documents/GitHub/pf-react-fork/packages/patternfly-4/react-charts/src/components/ChartBullet/ChartBulletComparativeMeasure.tsx
FN:160,(anonymous_5)
FN:195,(anonymous_6)
FN:202,(anonymous_7)
FN:213,(anonymous_8)
FNF:4
FNH:2
FNDA:4,(anonymous_5)
FNDA:0,(anonymous_6)
FNDA:0,(anonymous_7)
FNDA:1,(anonymous_8)
DA:1,8
DA:2,8
DA:3,8
DA:4,8
DA:5,8
DA:6,8
DA:7,8
DA:8,8
DA:9,8
DA:160,8
DA:161,8
DA:162,4
DA:163,4
DA:164,8
DA:165,8
DA:166,4
DA:167,4
DA:168,8
DA:169,4
DA:170,8
DA:171,4
DA:172,8
DA:173,4
DA:174,4
DA:175,4
DA:178,8
DA:179,8
DA:180,8
DA:181,8
DA:182,4
DA:184,4
DA:193,4
DA:196,0
DA:197,0
DA:199,0
DA:200,0
DA:203,0
DA:204,0
DA:206,0
DA:207,0
DA:213,4
DA:214,1
DA:231,4
DA:241,8
LF:44
LH:36
BRDA:161,0,0,3
BRDA:161,0,1,1
BRDA:164,1,0,4
BRDA:164,1,1,0
BRDA:165,2,0,3
BRDA:165,2,1,1
BRDA:168,3,0,3
BRDA:168,3,1,1
BRDA:170,4,0,3
BRDA:170,4,1,1
BRDA:172,5,0,3
BRDA:172,5,1,1
BRDA:178,6,0,3
BRDA:178,6,1,1
BRDA:179,7,0,3
BRDA:179,7,1,1
BRDA:180,8,0,2
BRDA:180,8,1,2
BRDA:181,9,0,3
BRDA:181,9,1,1
BRDA:196,10,0,0
BRDA:196,10,1,0
BRDA:199,11,0,0
BRDA:199,11,1,0
BRDA:203,12,0,0
BRDA:203,12,1,0
BRDA:206,13,0,0
BRDA:206,13,1,0
BRDA:220,14,0,1
BRDA:220,14,1,0
BRDA:232,15,0,4
BRDA:232,15,1,0
BRF:32
BRH:21
end_of_record
TN:
SF:/Users/jschuler/Documents/GitHub/pf-react-fork/packages/patternfly-4/react-charts/src/components/ChartBullet/ChartBulletComparativeWarningMeasure.tsx
FN:160,(anonymous_5)
FNF:1
FNH:1
FNDA:4,(anonymous_5)
DA:1,4
DA:2,4
DA:3,4
DA:4,4
DA:6,4
DA:7,4
DA:158,4
DA:161,8
DA:162,4
DA:163,4
DA:164,4
DA:165,8
DA:166,4
DA:167,4
DA:168,8
DA:169,4
DA:170,4
DA:171,8
DA:172,4
DA:173,8
DA:174,4
DA:175,4
DA:176,4
DA:179,8
DA:180,8
DA:181,8
DA:182,4
DA:185,4
DA:205,4
DA:215,4
LF:30
LH:30
BRDA:161,0,0,3
BRDA:161,0,1,1
BRDA:165,1,0,3
BRDA:165,1,1,1
BRDA:168,2,0,3
BRDA:168,2,1,1
BRDA:171,3,0,3
BRDA:171,3,1,1
BRDA:173,4,0,3
BRDA:173,4,1,1
BRDA:179,5,0,3
BRDA:179,5,1,1
BRDA:180,6,0,3
BRDA:180,6,1,1
BRDA:181,7,0,2
BRDA:181,7,1,2
BRDA:206,8,0,4
BRDA:206,8,1,0
BRF:18
BRH:17
end_of_record
TN:
SF:/Users/jschuler/Documents/GitHub/pf-react-fork/packages/patternfly-4/react-charts/src/components/ChartBullet/ChartBulletGroupTitle.tsx
FN:115,(anonymous_4)
FN:150,(anonymous_5)
FN:169,(anonymous_6)
FNF:3
FNH:3
FNDA:4,(anonymous_4)
FNDA:1,(anonymous_5)
FNDA:1,(anonymous_6)
DA:1,4
DA:3,4
DA:4,4
DA:5,4
DA:6,4
DA:7,4
DA:115,4
DA:116,4
DA:117,4
DA:118,8
DA:119,8
DA:120,4
DA:121,8
DA:122,8
DA:123,4
DA:124,4
DA:125,4
DA:126,4
DA:127,8
DA:130,8
DA:131,8
DA:132,8
DA:133,4
DA:135,4
DA:142,4
DA:150,4
DA:151,1
DA:152,1
DA:154,1
DA:158,1
DA:169,4
DA:170,1
DA:171,1
DA:172,1
DA:191,4
DA:198,4
LF:36
LH:36
BRDA:118,0,0,3
BRDA:118,0,1,1
BRDA:119,1,0,3
BRDA:119,1,1,1
BRDA:121,2,0,3
BRDA:121,2,1,1
BRDA:122,3,0,3
BRDA:122,3,1,1
BRDA:127,4,0,3
BRDA:127,4,1,1
BRDA:130,5,0,4
BRDA:130,5,1,0
BRDA:131,6,0,3
BRDA:131,6,1,1
BRDA:132,7,0,3
BRDA:132,7,1,1
BRDA:155,8,0,1
BRDA:155,8,1,0
BRDA:154,9,0,1
BRDA:154,9,1,1
BRDA:170,10,0,1
BRDA:170,10,1,0
BRDA:171,11,0,1
BRDA:171,11,1,1
BRDA:173,12,0,1
BRDA:173,12,1,1
BRDA:175,13,0,1
BRDA:175,13,1,0
BRDA:191,14,0,4
BRDA:191,14,1,1
BRDA:199,15,0,4
BRDA:199,15,1,0
BRF:32
BRH:27
end_of_record
TN:
SF:/Users/jschuler/Documents/GitHub/pf-react-fork/packages/patternfly-4/react-charts/src/components/ChartBullet/ChartBulletPrimaryDotMeasure.tsx
FN:167,(anonymous_5)
FN:212,(anonymous_6)
FNF:2
FNH:2
FNDA:4,(anonymous_5)
FNDA:3,(anonymous_6)
DA:1,4
DA:2,4
DA:3,4
DA:4,4
DA:5,4
DA:6,4
DA:7,4
DA:8,4
DA:9,4
DA:167,4
DA:168,8
DA:169,4
DA:170,4
DA:171,8
DA:172,4
DA:173,4
DA:174,8
DA:175,8
DA:176,4
DA:177,8
DA:178,4
DA:179,8
DA:180,8
DA:181,4
DA:182,4
DA:183,4
DA:184,4
DA:187,8
DA:188,8
DA:189,8
DA:190,8
DA:191,4
DA:193,4
DA:204,4
DA:212,4
DA:213,3
DA:235,4
DA:245,4
LF:38
LH:38
BRDA:168,0,0,3
BRDA:168,0,1,1
BRDA:171,1,0,3
BRDA:171,1,1,1
BRDA:174,2,0,3
BRDA:174,2,1,1
BRDA:175,3,0,3
BRDA:175,3,1,1
BRDA:177,4,0,3
BRDA:177,4,1,1
BRDA:179,5,0,3
BRDA:179,5,1,1
BRDA:180,6,0,3
BRDA:180,6,1,1
BRDA:187,7,0,3
BRDA:187,7,1,1
BRDA:188,8,0,3
BRDA:188,8,1,1
BRDA:189,9,0,3
BRDA:189,9,1,1
BRDA:190,10,0,3
BRDA:190,10,1,1
BRDA:207,11,0,4
BRDA:207,11,1,0
BRDA:219,12,0,3
BRDA:219,12,1,0
BRDA:236,13,0,4
BRDA:236,13,1,0
BRF:28
BRH:25
end_of_record
TN:
SF:/Users/jschuler/Documents/GitHub/pf-react-fork/packages/patternfly-4/react-charts/src/components/ChartBullet/ChartBulletPrimarySegmentedMeasure.tsx
FN:179,(anonymous_5)
FN:220,(anonymous_6)
FN:227,(anonymous_7)
FN:238,(anonymous_8)
FNF:4
FNH:2
FNDA:4,(anonymous_5)
FNDA:0,(anonymous_6)
FNDA:0,(anonymous_7)
FNDA:3,(anonymous_8)
DA:1,4
DA:2,4
DA:3,4
DA:4,4
DA:5,4
DA:6,4
DA:7,4
DA:8,4
DA:9,4
DA:179,4
DA:180,8
DA:181,4
DA:182,4
DA:183,8
DA:184,8
DA:185,4
DA:186,4
DA:187,8
DA:188,8
DA:189,4
DA:190,8
DA:191,4
DA:192,8
DA:193,4
DA:194,4
DA:195,4
DA:196,4
DA:199,8
DA:200,8
DA:201,8
DA:202,8
DA:203,8
DA:204,4
DA:206,4
DA:218,4
DA:221,0
DA:222,0
DA:224,0
DA:225,0
DA:228,0
DA:229,0
DA:231,0
DA:232,0
DA:238,4
DA:239,3
DA:261,4
DA:271,4
LF:47
LH:39
BRDA:180,0,0,3
BRDA:180,0,1,1
BRDA:183,1,0,4
BRDA:183,1,1,0
BRDA:184,2,0,3
BRDA:184,2,1,1
BRDA:187,3,0,3
BRDA:187,3,1,1
BRDA:188,4,0,3
BRDA:188,4,1,1
BRDA:190,5,0,3
BRDA:190,5,1,1
BRDA:192,6,0,3
BRDA:192,6,1,1
BRDA:199,7,0,3
BRDA:199,7,1,1
BRDA:200,8,0,3
BRDA:200,8,1,1
BRDA:201,9,0,3
BRDA:201,9,1,1
BRDA:202,10,0,3
BRDA:202,10,1,1
BRDA:203,11,0,3
BRDA:203,11,1,1
BRDA:221,12,0,0
BRDA:221,12,1,0
BRDA:224,13,0,0
BRDA:224,13,1,0
BRDA:228,14,0,0
BRDA:228,14,1,0
BRDA:231,15,0,0
BRDA:231,15,1,0
BRDA:246,16,0,3
BRDA:246,16,1,0
BRDA:262,17,0,4
BRDA:262,17,1,0
BRF:36
BRH:25
end_of_record
TN:
SF:/Users/jschuler/Documents/GitHub/pf-react-fork/packages/patternfly-4/react-charts/src/components/ChartBullet/ChartBulletQualitativeRange.tsx
FN:189,(anonymous_5)
FN:231,(anonymous_6)
FN:238,(anonymous_7)
FN:249,(anonymous_8)
FNF:4
FNH:2
FNDA:4,(anonymous_5)
FNDA:0,(anonymous_6)
FNDA:0,(anonymous_7)
FNDA:3,(anonymous_8)
DA:1,4
DA:2,4
DA:3,4
DA:4,4
DA:5,4
DA:6,4
DA:7,4
DA:8,4
DA:9,4
DA:189,4
DA:190,8
DA:191,4
DA:192,4
DA:193,8
DA:194,8
DA:195,4
DA:196,4
DA:197,8
DA:198,8
DA:199,4
DA:200,8
DA:201,4
DA:202,8
DA:203,4
DA:204,4
DA:205,4
DA:206,4
DA:209,8
DA:210,8
DA:211,8
DA:212,8
DA:213,4
DA:215,4
DA:229,4
DA:232,0
DA:233,0
DA:235,0
DA:236,0
DA:239,0
DA:240,0
DA:242,0
DA:243,0
DA:249,4
DA:250,3
DA:272,4
DA:282,4
LF:46
LH:38
BRDA:190,0,0,3
BRDA:190,0,1,1
BRDA:193,1,0,4
BRDA:193,1,1,0
BRDA:194,2,0,3
BRDA:194,2,1,1
BRDA:197,3,0,3
BRDA:197,3,1,1
BRDA:198,4,0,3
BRDA:198,4,1,1
BRDA:200,5,0,3
BRDA:200,5,1,1
BRDA:202,6,0,3
BRDA:202,6,1,1
BRDA:209,7,0,3
BRDA:209,7,1,1
BRDA:210,8,0,3
BRDA:210,8,1,1
BRDA:211,9,0,3
BRDA:211,9,1,1
BRDA:212,10,0,3
BRDA:212,10,1,1
BRDA:232,11,0,0
BRDA:232,11,1,0
BRDA:235,12,0,0
BRDA:235,12,1,0
BRDA:239,13,0,0
BRDA:239,13,1,0
BRDA:242,14,0,0
BRDA:242,14,1,0
BRDA:257,15,0,3
BRDA:257,15,1,0
BRDA:273,16,0,4
BRDA:273,16,1,0
BRF:34
BRH:23
end_of_record
TN:
SF:/Users/jschuler/Documents/GitHub/pf-react-fork/packages/patternfly-4/react-charts/src/components/ChartBullet/ChartBulletTitle.tsx
FN:122,(anonymous_4)
FN:157,(anonymous_5)
FNF:2
FNH:2
FNDA:4,(anonymous_4)
FNDA:4,(anonymous_5)
DA:1,4
DA:3,4
DA:4,4
DA:6,4
DA:7,4
DA:122,4
DA:123,4
DA:124,4
DA:125,8
DA:126,8
DA:127,8
DA:128,4
DA:129,8
DA:130,8
DA:131,4
DA:132,4
DA:133,4
DA:134,4
DA:135,8
DA:136,4
DA:139,8
DA:140,8
DA:141,8
DA:142,4
DA:144,4
DA:149,4
DA:157,4
DA:158,4
DA:160,4
DA:161,4
DA:162,0
DA:167,4
DA:207,4
LF:33
LH:32
BRDA:125,0,0,3
BRDA:125,0,1,1
BRDA:126,1,0,3
BRDA:126,1,1,1
BRDA:127,2,0,3
BRDA:127,2,1,1
BRDA:129,3,0,3
BRDA:129,3,1,1
BRDA:130,4,0,3
BRDA:130,4,1,1
BRDA:135,5,0,3
BRDA:135,5,1,1
BRDA:139,6,0,4
BRDA:139,6,1,0
BRDA:140,7,0,8
BRDA:140,7,1,0
BRDA:141,8,0,8
BRDA:141,8,1,0
BRDA:145,9,0,4
BRDA:145,9,1,0
BRDA:146,10,0,4
BRDA:146,10,1,0
BRDA:158,11,0,4
BRDA:158,11,1,1
BRDA:160,12,0,4
BRDA:160,12,1,0
BRDA:161,13,0,0
BRDA:161,13,1,4
BRDA:161,14,0,4
BRDA:161,14,1,0
BRDA:161,14,2,0
BRDA:168,15,0,4
BRDA:168,15,1,1
BRDA:170,16,0,1
BRDA:170,16,1,3
BRDA:171,17,0,0
BRDA:171,17,1,4
BRDA:171,18,0,4
BRDA:171,18,1,0
BRDA:172,19,0,0
BRDA:172,19,1,4
BRDA:175,20,0,4
BRDA:175,20,1,0
BRDA:179,21,0,0
BRDA:179,21,1,4
BRDA:193,22,0,0
BRDA:193,22,1,4
BRDA:197,23,0,0
BRDA:197,23,1,0
BRDA:199,24,0,4
BRDA:199,24,1,0
BRDA:208,25,0,4
BRDA:208,25,1,0
BRF:53
BRH:34
end_of_record
TN:
SF:/Users/jschuler/Documents/GitHub/pf-react-fork/packages/patternfly-4/react-charts/src/components/ChartBullet/utils/chart-bullet-data.ts
FN:25,(anonymous_2)
FN:43,(anonymous_3)
FN:54,(anonymous_4)
FN:61,(anonymous_5)
FN:74,(anonymous_6)
FN:92,(anonymous_7)
FN:114,(anonymous_8)
FN:129,(anonymous_9)
FN:145,(anonymous_10)
FN:146,(anonymous_11)
FN:161,(anonymous_12)
FN:162,(anonymous_13)
FN:178,(anonymous_14)
FN:191,(anonymous_15)
FN:199,(anonymous_16)
FN:200,(anonymous_17)
FNF:16
FNH:12
FNDA:0,(anonymous_2)
FNDA:8,(anonymous_3)
FNDA:4,(anonymous_4)
FNDA:4,(anonymous_5)
FNDA:0,(anonymous_6)
FNDA:4,(anonymous_7)
FNDA:4,(anonymous_8)
FNDA:3,(anonymous_9)
FNDA:0,(anonymous_10)
FNDA:0,(anonymous_11)
FNDA:2,(anonymous_12)
FNDA:3,(anonymous_13)
FNDA:4,(anonymous_14)
FNDA:3,(anonymous_15)
FNDA:2,(anonymous_16)
FNDA:3,(anonymous_17)
DA:2,14
DA:4,14
DA:25,14
DA:26,0
DA:27,0
DA:28,0
DA:31,0
DA:32,0
DA:34,0
DA:43,14
DA:44,8
DA:45,8
DA:46,8
DA:49,16
DA:50,8
DA:52,8
DA:54,8
DA:55,4
DA:61,8
DA:62,4
DA:71,8
DA:74,14
DA:75,0
DA:76,0
DA:77,0
DA:80,0
DA:81,0
DA:83,0
DA:92,14
DA:93,4
DA:94,4
DA:95,4
DA:96,4
DA:99,8
DA:100,4
DA:101,4
DA:103,4
DA:114,14
DA:115,4
DA:116,4
DA:117,4
DA:118,4
DA:121,8
DA:122,8
DA:123,4
DA:124,4
DA:126,4
DA:127,4
DA:129,4
DA:130,3
DA:131,0
DA:136,3
DA:144,4
DA:145,0
DA:147,0
DA:160,4
DA:161,2
DA:163,3
DA:175,4
DA:178,14
DA:179,4
DA:180,4
DA:181,4
DA:182,4
DA:185,8
DA:186,4
DA:187,4
DA:189,4
DA:191,4
DA:192,3
DA:198,4
DA:199,2
DA:201,3
DA:212,4
LF:74
LH:59
BRDA:31,0,0,0
BRDA:31,0,1,0
BRDA:49,1,0,0
BRDA:49,1,1,8
BRDA:80,2,0,0
BRDA:80,2,1,0
BRDA:99,3,0,0
BRDA:99,3,1,4
BRDA:121,4,0,0
BRDA:121,4,1,4
BRDA:122,5,0,0
BRDA:122,5,1,4
BRDA:130,6,0,0
BRDA:130,6,1,3
BRDA:152,7,0,0
BRDA:152,7,1,0
BRDA:168,8,0,0
BRDA:168,8,1,3
BRDA:185,9,0,0
BRDA:185,9,1,4
BRDA:199,10,0,0
BRDA:199,10,1,2
BRF:22
BRH:8
end_of_record
TN:
SF:/Users/jschuler/Documents/GitHub/pf-react-fork/packages/patternfly-4/react-charts/src/components/ChartBullet/utils/chart-bullet-domain.ts
FN:20,(anonymous_0)
FNF:1
FNH:1
FNDA:4,(anonymous_0)
DA:2,14
DA:20,14
DA:21,4
DA:22,4
DA:23,4
DA:24,4
DA:25,4
DA:26,4
DA:27,4
DA:28,4
DA:29,4
DA:30,4
DA:31,4
DA:32,4
DA:34,4
DA:64,4
DA:65,4
LF:17
LH:17
BRF:0
BRH:0
end_of_record
TN:
SF:/Users/jschuler/Documents/GitHub/pf-react-fork/packages/patternfly-4/react-charts/src/components/ChartBullet/utils/chart-bullet-size.ts
FN:30,(anonymous_3)
FN:48,(anonymous_4)
FN:66,(anonymous_5)
FN:84,(anonymous_6)
FN:102,(anonymous_7)
FN:121,(anonymous_8)
FN:139,(anonymous_9)
FN:149,(anonymous_10)
FN:152,(anonymous_11)
FNF:9
FNH:9
FNDA:4,(anonymous_3)
FNDA:4,(anonymous_4)
FNDA:4,(anonymous_5)
FNDA:4,(anonymous_6)
FNDA:4,(anonymous_7)
FNDA:4,(anonymous_8)
FNDA:24,(anonymous_9)
FNDA:20,(anonymous_10)
FNDA:4,(anonymous_11)
DA:2,14
DA:3,14
DA:30,14
DA:31,4
DA:32,4
DA:33,4
DA:34,4
DA:35,4
DA:38,8
DA:40,4
DA:48,14
DA:49,4
DA:50,4
DA:51,4
DA:52,4
DA:53,4
DA:56,8
DA:58,4
DA:66,14
DA:67,4
DA:68,4
DA:69,4
DA:70,4
DA:71,4
DA:74,8
DA:76,4
DA:84,14
DA:85,4
DA:86,4
DA:87,4
DA:88,4
DA:89,4
DA:92,8
DA:94,4
DA:102,14
DA:103,4
DA:104,4
DA:105,4
DA:106,4
DA:107,4
DA:110,8
DA:112,4
DA:121,14
DA:122,4
DA:123,4
DA:124,4
DA:125,4
DA:126,4
DA:129,8
DA:131,4
DA:139,48
DA:140,24
DA:149,20
DA:152,14
DA:153,4
LF:55
LH:55
BRDA:38,0,0,4
BRDA:38,0,1,0
BRDA:56,1,0,4
BRDA:56,1,1,0
BRDA:74,2,0,4
BRDA:74,2,1,0
BRDA:92,3,0,4
BRDA:92,3,1,0
BRDA:110,4,0,4
BRDA:110,4,1,0
BRDA:129,5,0,4
BRDA:129,5,1,0
BRDA:139,6,0,0
BRDA:139,6,1,24
BRDA:139,7,0,16
BRDA:139,7,1,8
BRDA:141,8,0,24
BRDA:141,8,1,0
BRDA:142,9,0,0
BRDA:142,9,1,24
BRDA:145,10,0,0
BRDA:145,10,1,0
BRF:22
BRH:11
end_of_record
TN:
SF:/Users/jschuler/Documents/GitHub/pf-react-fork/packages/patternfly-4/react-charts/src/components/ChartBullet/utils/chart-bullet-theme.ts
FN:27,(anonymous_0)
FN:29,(anonymous_1)
FN:39,(anonymous_2)
FN:100,(anonymous_3)
FNF:4
FNH:2
FNDA:0,(anonymous_0)
FNDA:0,(anonymous_1)
FNDA:4,(anonymous_2)
FNDA:4,(anonymous_3)
DA:1,14
DA:9,14
DA:27,14
DA:28,0
DA:29,0
DA:30,0
DA:31,0
DA:32,0
DA:36,0
DA:39,14
DA:40,4
DA:41,4
DA:42,4
DA:43,4
DA:44,4
DA:45,4
DA:46,4
DA:47,4
DA:48,4
DA:49,4
DA:50,4
DA:51,4
DA:52,4
DA:54,4
DA:55,4
DA:56,0
DA:60,0
DA:62,4
DA:63,0
DA:69,0
DA:71,4
DA:72,0
DA:78,0
DA:80,4
DA:81,0
DA:87,0
DA:89,4
DA:90,0
DA:94,0
DA:96,4
DA:100,14
DA:101,4
DA:102,4
DA:103,4
DA:104,4
DA:105,4
DA:106,4
DA:107,4
DA:108,4
DA:109,4
DA:110,4
DA:111,4
DA:112,4
DA:113,4
DA:115,4
DA:131,4
DA:132,4
DA:133,4
LF:58
LH:42
BRDA:31,0,0,0
BRDA:31,0,1,0
BRDA:55,1,0,0
BRDA:55,1,1,4
BRDA:55,2,0,4
BRDA:55,2,1,0
BRDA:62,3,0,0
BRDA:62,3,1,4
BRDA:62,4,0,4
BRDA:62,4,1,0
BRDA:71,5,0,0
BRDA:71,5,1,4
BRDA:71,6,0,4
BRDA:71,6,1,0
BRDA:80,7,0,0
BRDA:80,7,1,4
BRDA:80,8,0,4
BRDA:80,8,1,0
BRDA:89,9,0,0
BRDA:89,9,1,4
BRDA:89,10,0,4
BRDA:89,10,1,0
BRF:22
BRH:10
end_of_record
TN:
SF:/Users/jschuler/Documents/GitHub/pf-react-fork/packages/patternfly-4/react-charts/src/components/ChartContainer/ChartContainer.tsx
FN:107,(anonymous_5)
FNF:1
FNH:1
FNDA:4,(anonymous_5)
DA:1,51
DA:2,51
DA:3,51
DA:5,51
DA:107,51
DA:108,4
DA:109,4
DA:110,4
DA:113,8
DA:114,4
DA:116,4
DA:120,4
DA:124,51
LF:13
LH:13
BRDA:113,0,0,3
BRDA:113,0,1,1
BRF:2
BRH:2
end_of_record
TN:
SF:/Users/jschuler/Documents/GitHub/pf-react-fork/packages/patternfly-4/react-charts/src/components/ChartDonut/ChartDonut.tsx
FN:22,(anonymous_5)
FN:28,(anonymous_6)
FN:33,(anonymous_7)
FN:438,(anonymous_8)
FN:480,(anonymous_9)
FN:510,(anonymous_10)
FNF:6
FNH:6
FNDA:6,(anonymous_5)
FNDA:6,(anonymous_6)
FNDA:6,(anonymous_7)
FNDA:4,(anonymous_8)
FNDA:4,(anonymous_9)
FNDA:4,(anonymous_10)
DA:1,6
DA:2,6
DA:3,6
DA:14,6
DA:15,6
DA:16,6
DA:17,6
DA:18,6
DA:19,6
DA:20,6
DA:22,6
DA:23,6
DA:24,6
DA:25,6
DA:28,6
DA:29,6
DA:30,6
DA:33,6
DA:34,6
DA:35,6
DA:36,6
DA:438,6
DA:439,8
DA:440,4
DA:441,4
DA:442,8
DA:443,8
DA:444,4
DA:445,4
DA:446,8
DA:447,4
DA:448,4
DA:449,8
DA:450,4
DA:451,8
DA:452,8
DA:453,4
DA:454,4
DA:455,4
DA:456,8
DA:459,8
DA:460,8
DA:461,8
DA:462,4
DA:464,4
DA:470,4
DA:477,4
DA:480,4
DA:481,4
DA:482,4
DA:484,0
DA:486,0
DA:510,4
DA:511,4
DA:512,4
DA:514,0
DA:515,0
DA:517,0
DA:542,4
DA:559,4
DA:572,4
DA:584,6
LF:62
LH:57
BRDA:22,0,0,6
BRDA:22,0,1,6
BRDA:28,1,0,6
BRDA:28,1,1,6
BRDA:33,2,0,6
BRDA:33,2,1,6
BRDA:439,3,0,3
BRDA:439,3,1,1
BRDA:442,4,0,3
BRDA:442,4,1,1
BRDA:443,5,0,3
BRDA:443,5,1,1
BRDA:446,6,0,3
BRDA:446,6,1,1
BRDA:449,7,0,3
BRDA:449,7,1,1
BRDA:451,8,0,3
BRDA:451,8,1,1
BRDA:452,9,0,3
BRDA:452,9,1,1
BRDA:456,10,0,3
BRDA:456,10,1,1
BRDA:459,11,0,4
BRDA:459,11,1,0
BRDA:460,12,0,2
BRDA:460,12,1,2
BRDA:461,13,0,2
BRDA:461,13,1,2
BRDA:471,14,0,0
BRDA:471,14,1,4
BRDA:477,15,0,0
BRDA:477,15,1,4
BRDA:481,16,0,4
BRDA:481,16,1,0
BRDA:481,17,0,4
BRDA:481,17,1,0
BRDA:484,18,0,0
BRDA:484,18,1,0
BRDA:490,19,0,0
BRDA:490,19,1,0
BRDA:511,20,0,4
BRDA:511,20,1,0
BRDA:514,21,0,0
BRDA:514,21,1,0
BRDA:515,22,0,0
BRDA:515,22,1,0
BRDA:515,22,2,0
BRDA:518,23,0,0
BRDA:518,23,1,0
BRDA:521,24,0,0
BRDA:521,24,1,0
BRDA:545,25,0,3
BRDA:545,25,1,1
BRDA:550,26,0,4
BRDA:550,26,1,0
BRDA:573,27,0,4
BRDA:573,27,1,0
BRF:57
BRH:36
end_of_record
TN:
SF:/Users/jschuler/Documents/GitHub/pf-react-fork/packages/patternfly-4/react-charts/src/components/ChartDonutUtilization/ChartDonutThreshold.tsx
FN:20,(anonymous_5)
FN:26,(anonymous_6)
FN:31,(anonymous_7)
FN:37,(anonymous_8)
FN:42,(anonymous_9)
FN:384,(anonymous_10)
FN:424,(anonymous_11)
FN:426,(anonymous_12)
FN:429,(anonymous_13)
FN:454,(anonymous_14)
FN:455,(anonymous_15)
FNF:11
FNH:10
FNDA:2,(anonymous_5)
FNDA:2,(anonymous_6)
FNDA:2,(anonymous_7)
FNDA:2,(anonymous_8)
FNDA:2,(anonymous_9)
FNDA:4,(anonymous_10)
FNDA:4,(anonymous_11)
FNDA:4,(anonymous_12)
FNDA:3,(anonymous_13)
FNDA:4,(anonymous_14)
FNDA:0,(anonymous_15)
DA:1,2
DA:2,2
DA:13,2
DA:14,2
DA:15,2
DA:16,2
DA:17,2
DA:18,2
DA:20,2
DA:21,2
DA:22,2
DA:23,2
DA:26,2
DA:27,2
DA:28,2
DA:31,2
DA:32,2
DA:33,2
DA:34,2
DA:37,2
DA:38,2
DA:39,2
DA:42,2
DA:43,2
DA:44,2
DA:45,2
DA:384,2
DA:385,8
DA:386,4
DA:387,4
DA:388,4
DA:389,8
DA:390,8
DA:391,8
DA:392,8
DA:393,8
DA:394,4
DA:395,4
DA:396,8
DA:397,8
DA:398,4
DA:399,4
DA:400,4
DA:401,4
DA:404,8
DA:405,8
DA:406,8
DA:407,4
DA:409,4
DA:416,4
DA:424,4
DA:426,4
DA:429,4
DA:445,4
DA:454,4
DA:455,4
DA:456,0
DA:457,0
DA:458,0
DA:460,0
DA:463,0
DA:480,0
DA:485,4
DA:501,4
DA:514,4
DA:525,2
LF:66
LH:60
BRDA:20,0,0,2
BRDA:20,0,1,2
BRDA:26,1,0,2
BRDA:26,1,1,2
BRDA:31,2,0,2
BRDA:31,2,1,2
BRDA:37,3,0,2
BRDA:37,3,1,2
BRDA:42,4,0,2
BRDA:42,4,1,2
BRDA:385,5,0,3
BRDA:385,5,1,1
BRDA:389,6,0,3
BRDA:389,6,1,1
BRDA:390,7,0,3
BRDA:390,7,1,1
BRDA:391,8,0,2
BRDA:391,8,1,2
BRDA:392,9,0,3
BRDA:392,9,1,1
BRDA:393,10,0,3
BRDA:393,10,1,1
BRDA:396,11,0,3
BRDA:396,11,1,1
BRDA:397,12,0,3
BRDA:397,12,1,1
BRDA:404,13,0,4
BRDA:404,13,1,0
BRDA:405,14,0,2
BRDA:405,14,1,2
BRDA:406,15,0,2
BRDA:406,15,1,2
BRDA:448,16,0,1
BRDA:448,16,1,3
BRDA:456,17,0,0
BRDA:456,17,1,0
BRDA:460,18,0,0
BRDA:460,18,1,0
BRDA:461,19,0,0
BRDA:461,19,1,0
BRDA:461,20,0,0
BRDA:461,20,1,0
BRDA:466,21,0,0
BRDA:466,21,1,0
BRDA:474,22,0,0
BRDA:474,22,1,0
BRDA:515,23,0,4
BRDA:515,23,1,0
BRF:48
BRH:34
end_of_record
TN:
SF:/Users/jschuler/Documents/GitHub/pf-react-fork/packages/patternfly-4/react-charts/src/components/ChartDonutUtilization/ChartDonutUtilization.tsx
FN:21,(anonymous_5)
FN:27,(anonymous_6)
FN:32,(anonymous_7)
FN:37,(anonymous_8)
FN:42,(anonymous_9)
FN:466,(anonymous_10)
FN:490,(anonymous_11)
FN:499,(anonymous_12)
FN:501,(anonymous_13)
FN:505,(anonymous_14)
FN:524,(anonymous_15)
FN:530,(anonymous_16)
FNF:12
FNH:10
FNDA:2,(anonymous_5)
FNDA:2,(anonymous_6)
FNDA:2,(anonymous_7)
FNDA:2,(anonymous_8)
FNDA:2,(anonymous_9)
FNDA:4,(anonymous_10)
FNDA:4,(anonymous_11)
FNDA:5,(anonymous_12)
FNDA:0,(anonymous_13)
FNDA:1,(anonymous_14)
FNDA:4,(anonymous_15)
FNDA:0,(anonymous_16)
DA:1,2
DA:2,2
DA:3,2
DA:4,2
DA:15,2
DA:16,2
DA:17,2
DA:18,2
DA:19,2
DA:21,2
DA:22,2
DA:23,2
DA:24,2
DA:27,2
DA:28,2
DA:29,2
DA:32,2
DA:33,2
DA:34,2
DA:37,2
DA:38,2
DA:39,2
DA:42,2
DA:43,2
DA:44,2
DA:45,2
DA:466,2
DA:467,8
DA:468,4
DA:469,4
DA:470,8
DA:471,4
DA:472,8
DA:473,8
DA:474,4
DA:475,8
DA:476,8
DA:477,4
DA:478,4
DA:479,4
DA:480,4
DA:481,4
DA:484,8
DA:485,8
DA:486,8
DA:487,4
DA:490,4
DA:491,4
DA:492,4
DA:493,4
DA:494,4
DA:496,4
DA:499,4
DA:500,5
DA:501,5
DA:505,4
DA:506,1
DA:507,1
DA:509,0
DA:510,0
DA:511,0
DA:512,0
DA:520,1
DA:524,4
DA:525,4
DA:527,4
DA:528,1
DA:529,1
DA:530,1
DA:532,0
DA:533,0
DA:535,1
DA:536,0
DA:537,0
DA:538,0
DA:541,0
DA:542,0
DA:547,4
DA:552,4
DA:567,4
DA:580,4
DA:584,2
LF:82
LH:71
BRDA:21,0,0,2
BRDA:21,0,1,2
BRDA:27,1,0,2
BRDA:27,1,1,2
BRDA:32,2,0,2
BRDA:32,2,1,2
BRDA:37,3,0,2
BRDA:37,3,1,2
BRDA:42,4,0,2
BRDA:42,4,1,2
BRDA:467,5,0,3
BRDA:467,5,1,1
BRDA:470,6,0,3
BRDA:470,6,1,1
BRDA:472,7,0,3
BRDA:472,7,1,1
BRDA:473,8,0,3
BRDA:473,8,1,1
BRDA:475,9,0,3
BRDA:475,9,1,1
BRDA:476,10,0,3
BRDA:476,10,1,1
BRDA:484,11,0,3
BRDA:484,11,1,1
BRDA:485,12,0,2
BRDA:485,12,1,2
BRDA:486,13,0,2
BRDA:486,13,1,2
BRDA:492,14,0,4
BRDA:492,14,1,0
BRDA:493,15,0,4
BRDA:493,15,1,0
BRDA:494,16,0,1
BRDA:494,16,1,3
BRDA:507,17,0,0
BRDA:507,17,1,1
BRDA:509,18,0,0
BRDA:509,18,1,0
BRDA:514,19,0,0
BRDA:514,19,1,0
BRDA:527,20,0,1
BRDA:527,20,1,3
BRDA:536,21,0,0
BRDA:536,21,1,0
BRDA:537,22,0,0
BRDA:537,22,1,0
BRDA:541,23,0,0
BRDA:541,23,1,0
BRDA:580,24,0,4
BRDA:580,24,1,0
BRF:50
BRH:36
end_of_record
TN:
SF:/Users/jschuler/Documents/GitHub/pf-react-fork/packages/patternfly-4/react-charts/src/components/ChartGroup/ChartGroup.tsx
FN:25,(anonymous_5)
FN:407,(anonymous_6)
FNF:2
FNH:2
FNDA:10,(anonymous_5)
FNDA:6,(anonymous_6)
DA:1,10
DA:2,10
DA:3,10
DA:21,10
DA:23,10
DA:25,10
DA:26,10
DA:27,10
DA:407,10
DA:408,12
DA:409,6
DA:410,6
DA:411,6
DA:412,12
DA:413,6
DA:414,6
DA:417,12
DA:418,6
DA:421,6
DA:428,6
DA:436,10
LF:21
LH:21
BRDA:25,0,0,10
BRDA:25,0,1,10
BRDA:408,1,0,5
BRDA:408,1,1,1
BRDA:412,2,0,3
BRDA:412,2,1,6
BRDA:417,3,0,5
BRDA:417,3,1,1
BRF:8
BRH:8
end_of_record
TN:
SF:/Users/jschuler/Documents/GitHub/pf-react-fork/packages/patternfly-4/react-charts/src/components/ChartLabel/ChartLabel.tsx
FN:13,(anonymous_5)
FN:19,(anonymous_6)
FN:162,(anonymous_7)
FN:163,(anonymous_8)
FNF:4
FNH:4
FNDA:28,(anonymous_5)
FNDA:28,(anonymous_6)
FNDA:4,(anonymous_7)
FNDA:4,(anonymous_8)
DA:1,28
DA:2,28
DA:3,28
DA:4,28
DA:11,28
DA:13,28
DA:14,28
DA:15,28
DA:16,28
DA:19,28
DA:20,28
DA:21,28
DA:22,28
DA:162,28
DA:163,4
DA:164,4
DA:169,4
DA:170,4
DA:174,28
LF:19
LH:19
BRDA:13,0,0,28
BRDA:13,0,1,28
BRDA:19,1,0,28
BRDA:19,1,1,28
BRDA:169,2,0,0
BRDA:169,2,1,4
BRF:6
BRH:5
end_of_record
TN:
SF:/Users/jschuler/Documents/GitHub/pf-react-fork/packages/patternfly-4/react-charts/src/components/ChartLegend/ChartLegend.tsx
FN:21,(anonymous_5)
FN:26,(anonymous_6)
FN:32,(anonymous_7)
FN:287,(anonymous_8)
FN:311,(anonymous_9)
FNF:5
FNH:4
FNDA:22,(anonymous_5)
FNDA:22,(anonymous_6)
FNDA:22,(anonymous_7)
FNDA:7,(anonymous_8)
FNDA:0,(anonymous_9)
DA:1,22
DA:2,22
DA:3,22
DA:15,22
DA:16,22
DA:17,22
DA:19,22
DA:21,22
DA:22,22
DA:23,22
DA:26,22
DA:27,22
DA:28,22
DA:29,22
DA:32,22
DA:33,22
DA:34,22
DA:287,22
DA:288,14
DA:289,14
DA:290,14
DA:291,7
DA:292,7
DA:295,14
DA:296,7
DA:299,7
DA:304,7
DA:308,22
DA:311,22
DA:312,0
DA:313,0
LF:31
LH:29
BRDA:21,0,0,22
BRDA:21,0,1,22
BRDA:26,1,0,22
BRDA:26,1,1,22
BRDA:32,2,0,22
BRDA:32,2,1,22
BRDA:288,3,0,6
BRDA:288,3,1,1
BRDA:289,4,0,4
BRDA:289,4,1,3
BRDA:290,5,0,6
BRDA:290,5,1,1
BRDA:295,6,0,6
BRDA:295,6,1,1
BRF:14
BRH:14
end_of_record
TN:
SF:/Users/jschuler/Documents/GitHub/pf-react-fork/packages/patternfly-4/react-charts/src/components/ChartLine/ChartLine.tsx
FN:23,(anonymous_5)
FN:376,(anonymous_6)
FNF:2
FNH:2
FNDA:6,(anonymous_5)
FNDA:3,(anonymous_6)
DA:1,6
DA:2,6
DA:3,6
DA:19,6
DA:21,6
DA:23,6
DA:24,6
DA:25,6
DA:376,6
DA:377,6
DA:378,3
DA:379,3
DA:382,6
DA:383,3
DA:386,3
DA:390,3
DA:394,6
LF:17
LH:17
BRDA:23,0,0,6
BRDA:23,0,1,6
BRDA:377,1,0,2
BRDA:377,1,1,1
BRDA:382,2,0,2
BRDA:382,2,1,1
BRF:6
BRH:6
end_of_record
TN:
SF:/Users/jschuler/Documents/GitHub/pf-react-fork/packages/patternfly-4/react-charts/src/components/ChartPie/ChartPie.tsx
FN:22,(anonymous_5)
FN:28,(anonymous_6)
FN:33,(anonymous_7)
FN:408,(anonymous_8)
FN:475,(anonymous_9)
FNF:5
FNH:5
FNDA:8,(anonymous_5)
FNDA:8,(anonymous_6)
FNDA:8,(anonymous_7)
FNDA:4,(anonymous_8)
FNDA:4,(anonymous_9)
DA:1,8
DA:2,8
DA:3,8
DA:15,8
DA:16,8
DA:17,8
DA:18,8
DA:19,8
DA:20,8
DA:22,8
DA:23,8
DA:24,8
DA:25,8
DA:28,8
DA:29,8
DA:30,8
DA:33,8
DA:34,8
DA:35,8
DA:406,8
DA:408,8
DA:409,8
DA:410,4
DA:411,4
DA:412,8
DA:413,8
DA:414,4
DA:415,8
DA:416,8
DA:417,4
DA:418,8
DA:419,4
DA:420,4
DA:421,8
DA:422,4
DA:423,4
DA:426,8
DA:427,8
DA:432,8
DA:433,8
DA:434,8
DA:435,4
DA:437,4
DA:443,4
DA:452,4
DA:466,4
DA:475,4
DA:476,4
DA:477,4
DA:479,0
DA:492,4
DA:505,4
DA:516,8
LF:53
LH:52
BRDA:22,0,0,8
BRDA:22,0,1,8
BRDA:28,1,0,8
BRDA:28,1,1,8
BRDA:33,2,0,8
BRDA:33,2,1,8
BRDA:409,3,0,3
BRDA:409,3,1,1
BRDA:412,4,0,3
BRDA:412,4,1,1
BRDA:413,5,0,3
BRDA:413,5,1,1
BRDA:415,6,0,3
BRDA:415,6,1,1
BRDA:416,7,0,3
BRDA:416,7,1,1
BRDA:418,8,0,3
BRDA:418,8,1,1
BRDA:421,9,0,3
BRDA:421,9,1,1
BRDA:426,10,0,4
BRDA:426,10,1,0
BRDA:427,11,0,6
BRDA:427,11,1,1
BRDA:432,12,0,3
BRDA:432,12,1,1
BRDA:433,13,0,2
BRDA:433,13,1,2
BRDA:434,14,0,2
BRDA:434,14,1,2
BRDA:444,15,0,0
BRDA:444,15,1,4
BRDA:476,16,0,4
BRDA:476,16,1,0
BRDA:506,17,0,4
BRDA:506,17,1,0
BRF:36
BRH:32
end_of_record
TN:
SF:/Users/jschuler/Documents/GitHub/pf-react-fork/packages/patternfly-4/react-charts/src/components/ChartPoint/ChartPoint.tsx
FN:113,(anonymous_4)
FN:138,(anonymous_5)
FNF:2
FNH:2
FNDA:1,(anonymous_4)
FNDA:1,(anonymous_5)
DA:1,23
DA:3,23
DA:4,23
DA:113,23
DA:114,1
DA:115,1
DA:116,1
DA:117,0
DA:119,1
DA:132,1
DA:133,1
DA:134,1
DA:135,1
DA:138,23
DA:139,1
DA:140,1
DA:141,1
DA:142,1
DA:143,1
DA:144,1
DA:145,2
DA:146,2
DA:147,2
DA:148,1
DA:149,1
DA:150,1
DA:152,1
DA:166,1
LF:28
LH:27
BRDA:116,0,0,0
BRDA:116,0,1,1
BRDA:134,1,0,0
BRDA:134,1,1,1
BRDA:145,2,0,0
BRDA:145,2,1,1
BRDA:146,3,0,0
BRDA:146,3,1,1
BRDA:147,4,0,0
BRDA:147,4,1,1
BRF:10
BRH:5
end_of_record
TN:
SF:/Users/jschuler/Documents/GitHub/pf-react-fork/packages/patternfly-4/react-charts/src/components/ChartPoint/path-helpers.ts
FN:18,(anonymous_0)
FN:25,(anonymous_1)
FN:49,(anonymous_2)
FN:62,(anonymous_3)
FN:73,(anonymous_4)
FN:86,(anonymous_5)
FN:105,(anonymous_6)
FN:108,(anonymous_7)
FN:116,(anonymous_8)
FN:128,(anonymous_9)
FN:147,(anonymous_10)
FN:159,(anonymous_11)
FNF:12
FNH:1
FNDA:0,(anonymous_0)
FNDA:0,(anonymous_1)
FNDA:0,(anonymous_2)
FNDA:0,(anonymous_3)
FNDA:0,(anonymous_4)
FNDA:0,(anonymous_5)
FNDA:0,(anonymous_6)
FNDA:0,(anonymous_7)
FNDA:1,(anonymous_8)
FNDA:0,(anonymous_9)
FNDA:0,(anonymous_10)
FNDA:0,(anonymous_11)
DA:1,23
DA:17,23
DA:19,0
DA:26,0
DA:27,0
DA:28,0
DA:29,0
DA:30,0
DA:31,0
DA:32,0
DA:50,0
DA:51,0
DA:52,0
DA:63,0
DA:64,0
DA:65,0
DA:69,0
DA:70,0
DA:74,0
DA:75,0
DA:76,0
DA:77,0
DA:78,0
DA:79,0
DA:87,0
DA:88,0
DA:89,0
DA:106,0
DA:107,0
DA:108,0
DA:109,0
DA:110,0
DA:113,0
DA:117,1
DA:118,1
DA:119,1
DA:120,1
DA:121,1
DA:129,0
DA:130,0
DA:131,0
DA:132,0
DA:133,0
DA:134,0
DA:135,0
DA:148,0
DA:149,0
DA:150,0
DA:151,0
DA:152,0
DA:153,0
DA:160,0
DA:161,0
DA:162,0
DA:163,0
DA:164,0
DA:165,0
LF:57
LH:7
BRDA:109,0,0,0
BRDA:109,0,1,0
BRF:2
BRH:0
end_of_record
TN:
SF:/Users/jschuler/Documents/GitHub/pf-react-fork/packages/patternfly-4/react-charts/src/components/ChartScatter/ChartScatter.tsx
FN:23,(anonymous_5)
FN:393,(anonymous_6)
FN:400,(anonymous_7)
FNF:3
FNH:2
FNDA:6,(anonymous_5)
FNDA:3,(anonymous_6)
FNDA:0,(anonymous_7)
DA:1,6
DA:2,6
DA:3,6
DA:19,6
DA:20,6
DA:21,6
DA:23,6
DA:24,6
DA:25,6
DA:393,6
DA:394,6
DA:395,3
DA:396,3
DA:399,6
DA:400,3
DA:401,3
DA:404,3
DA:408,3
DA:412,6
LF:19
LH:19
BRDA:23,0,0,6
BRDA:23,0,1,6
BRDA:394,1,0,2
BRDA:394,1,1,1
BRDA:399,2,0,2
BRDA:399,2,1,1
BRDA:400,3,0,2
BRDA:400,3,1,1
BRF:8
BRH:8
end_of_record
TN:
SF:/Users/jschuler/Documents/GitHub/pf-react-fork/packages/patternfly-4/react-charts/src/components/ChartStack/ChartStack.tsx
FN:340,(anonymous_5)
FNF:1
FNH:1
FNDA:3,(anonymous_5)
DA:1,2
DA:2,2
DA:3,2
DA:18,2
DA:20,2
DA:340,2
DA:341,3
DA:342,3
DA:343,3
DA:344,6
DA:345,3
DA:346,3
DA:349,6
DA:350,3
DA:353,3
DA:360,3
DA:368,2
LF:17
LH:17
BRDA:344,0,0,2
BRDA:344,0,1,1
BRDA:349,1,0,2
BRDA:349,1,1,1
BRF:4
BRH:4
end_of_record
TN:
SF:/Users/jschuler/Documents/GitHub/pf-react-fork/packages/patternfly-4/react-charts/src/components/ChartTheme/ChartStyles.ts
FNF:0
FNH:0
DA:1,55
DA:2,55
DA:3,55
DA:4,55
DA:5,55
DA:7,55
DA:8,55
DA:9,55
DA:10,55
DA:11,55
LF:10
LH:10
BRF:0
BRH:0
end_of_record
TN:
SF:/Users/jschuler/Documents/GitHub/pf-react-fork/packages/patternfly-4/react-charts/src/components/ChartTheme/ChartTheme.ts
FNF:0
FNH:0
DA:2,55
DA:3,55
DA:4,55
DA:15,55
DA:16,55
DA:17,55
DA:18,55
DA:82,55
DA:101,55
DA:109,55
DA:110,55
DA:111,55
DA:112,55
DA:113,55
DA:114,55
DA:115,55
DA:116,55
DA:117,55
DA:118,55
DA:119,55
DA:120,55
DA:121,55
DA:122,55
DA:123,55
DA:124,55
DA:125,55
LF:26
LH:26
BRF:0
BRH:0
end_of_record
TN:
SF:/Users/jschuler/Documents/GitHub/pf-react-fork/packages/patternfly-4/react-charts/src/components/ChartTheme/styles/bullet-styles.ts
FNF:0
FNH:0
DA:2,55
DA:17,55
LF:2
LH:2
BRF:0
BRH:0
end_of_record
TN:
SF:/Users/jschuler/Documents/GitHub/pf-react-fork/packages/patternfly-4/react-charts/src/components/ChartTheme/styles/common-styles.ts
FNF:0
FNH:0
DA:1,55
DA:11,55
DA:12,55
DA:13,55
DA:15,55
LF:5
LH:5
BRF:0
BRH:0
end_of_record
TN:
SF:/Users/jschuler/Documents/GitHub/pf-react-fork/packages/patternfly-4/react-charts/src/components/ChartTheme/styles/donut-styles.ts
FNF:0
FNH:0
DA:2,55
DA:10,55
LF:2
LH:2
BRF:0
BRH:0
end_of_record
TN:
SF:/Users/jschuler/Documents/GitHub/pf-react-fork/packages/patternfly-4/react-charts/src/components/ChartTheme/styles/donut-utilization-styles.ts
FNF:0
FNH:0
DA:2,55
DA:5,55
LF:2
LH:2
BRF:0
BRH:0
end_of_record
TN:
SF:/Users/jschuler/Documents/GitHub/pf-react-fork/packages/patternfly-4/react-charts/src/components/ChartTheme/styles/scatter-styles.ts
FNF:0
FNH:0
DA:2,55
DA:8,55
LF:2
LH:2
BRF:0
BRH:0
end_of_record
TN:
SF:/Users/jschuler/Documents/GitHub/pf-react-fork/packages/patternfly-4/react-charts/src/components/ChartTheme/themes/axis-theme.ts
FNF:0
FNH:0
DA:2,55
DA:5,55
LF:2
LH:2
BRF:0
BRH:0
end_of_record
TN:
SF:/Users/jschuler/Documents/GitHub/pf-react-fork/packages/patternfly-4/react-charts/src/components/ChartTheme/themes/base-theme.ts
FNF:0
FNH:0
DA:2,55
DA:104,55
DA:105,55
DA:106,55
DA:109,55
DA:116,55
DA:122,55
DA:129,55
DA:130,55
DA:133,55
LF:10
LH:10
BRF:0
BRH:0
end_of_record
TN:
SF:/Users/jschuler/Documents/GitHub/pf-react-fork/packages/patternfly-4/react-charts/src/components/ChartTheme/themes/bullet-theme.ts
FNF:0
FNH:0
DA:2,55
DA:33,55
DA:40,55
DA:54,55
DA:68,55
DA:82,55
DA:103,55
DA:110,55
DA:124,55
DA:131,55
LF:10
LH:10
BRF:0
BRH:0
end_of_record
TN:
SF:/Users/jschuler/Documents/GitHub/pf-react-fork/packages/patternfly-4/react-charts/src/components/ChartTheme/themes/color-theme.ts
FN:6,(anonymous_0)
FNF:1
FNH:1
FNDA:954,(anonymous_0)
DA:6,53
DA:7,954
DA:9,954
LF:3
LH:3
BRF:0
BRH:0
end_of_record
TN:
SF:/Users/jschuler/Documents/GitHub/pf-react-fork/packages/patternfly-4/react-charts/src/components/ChartTheme/themes/donut-theme.ts
FNF:0
FNH:0
DA:2,55
DA:10,55
LF:2
LH:2
BRF:0
BRH:0
end_of_record
TN:
SF:/Users/jschuler/Documents/GitHub/pf-react-fork/packages/patternfly-4/react-charts/src/components/ChartTheme/themes/donut-threshold-theme.ts
FNF:0
FNH:0
DA:2,55
DA:16,55
DA:28,55
LF:3
LH:3
BRF:0
BRH:0
end_of_record
TN:
SF:/Users/jschuler/Documents/GitHub/pf-react-fork/packages/patternfly-4/react-charts/src/components/ChartTheme/themes/donut-utilization-theme.ts
FNF:0
FNH:0
DA:2,55
DA:14,55
DA:24,55
LF:3
LH:3
BRF:0
BRH:0
end_of_record
TN:
SF:/Users/jschuler/Documents/GitHub/pf-react-fork/packages/patternfly-4/react-charts/src/components/ChartTheme/themes/threshold-theme.ts
FNF:0
FNH:0
DA:2,55
DA:8,55
LF:2
LH:2
BRF:0
BRH:0
end_of_record
TN:
SF:/Users/jschuler/Documents/GitHub/pf-react-fork/packages/patternfly-4/react-charts/src/components/ChartTheme/themes/dark/blue-color-theme.ts
FNF:0
FNH:0
DA:2,53
DA:9,53
DA:13,53
DA:21,53
LF:4
LH:4
BRF:0
BRH:0
end_of_record
TN:
SF:/Users/jschuler/Documents/GitHub/pf-react-fork/packages/patternfly-4/react-charts/src/components/ChartTheme/themes/dark/cyan-color-theme.ts
FNF:0
FNH:0
DA:2,53
DA:9,53
DA:13,53
DA:21,53
LF:4
LH:4
BRF:0
BRH:0
end_of_record
TN:
SF:/Users/jschuler/Documents/GitHub/pf-react-fork/packages/patternfly-4/react-charts/src/components/ChartTheme/themes/dark/gold-color-theme.ts
FNF:0
FNH:0
DA:2,53
DA:9,53
DA:13,53
DA:21,53
LF:4
LH:4
BRF:0
BRH:0
end_of_record
TN:
SF:/Users/jschuler/Documents/GitHub/pf-react-fork/packages/patternfly-4/react-charts/src/components/ChartTheme/themes/dark/gray-color-theme.ts
FNF:0
FNH:0
DA:2,53
DA:9,53
DA:13,53
DA:21,53
LF:4
LH:4
BRF:0
BRH:0
end_of_record
TN:
SF:/Users/jschuler/Documents/GitHub/pf-react-fork/packages/patternfly-4/react-charts/src/components/ChartTheme/themes/dark/green-color-theme.ts
FNF:0
FNH:0
DA:2,53
DA:9,53
DA:13,53
DA:21,53
LF:4
LH:4
BRF:0
BRH:0
end_of_record
TN:
SF:/Users/jschuler/Documents/GitHub/pf-react-fork/packages/patternfly-4/react-charts/src/components/ChartTheme/themes/dark/multi-color-ordered-theme.ts
FNF:0
FNH:0
DA:2,53
DA:29,53
DA:33,53
DA:61,53
LF:4
LH:4
BRF:0
BRH:0
end_of_record
TN:
SF:/Users/jschuler/Documents/GitHub/pf-react-fork/packages/patternfly-4/react-charts/src/components/ChartTheme/themes/dark/multi-color-unordered-theme.ts
FNF:0
FNH:0
DA:2,53
DA:39,53
DA:43,53
DA:81,53
LF:4
LH:4
BRF:0
BRH:0
end_of_record
TN:
SF:/Users/jschuler/Documents/GitHub/pf-react-fork/packages/patternfly-4/react-charts/src/components/ChartTheme/themes/dark/orange-color-theme.ts
FNF:0
FNH:0
DA:2,53
DA:9,53
DA:13,53
DA:21,53
LF:4
LH:4
BRF:0
BRH:0
end_of_record
TN:
SF:/Users/jschuler/Documents/GitHub/pf-react-fork/packages/patternfly-4/react-charts/src/components/ChartTheme/themes/dark/purple-color-theme.ts
FNF:0
FNH:0
DA:2,53
DA:9,53
DA:13,53
DA:21,53
LF:4
LH:4
BRF:0
BRH:0
end_of_record
TN:
SF:/Users/jschuler/Documents/GitHub/pf-react-fork/packages/patternfly-4/react-charts/src/components/ChartTheme/themes/light/blue-color-theme.ts
FNF:0
FNH:0
DA:2,53
DA:9,53
DA:13,53
DA:21,53
LF:4
LH:4
BRF:0
BRH:0
end_of_record
TN:
SF:/Users/jschuler/Documents/GitHub/pf-react-fork/packages/patternfly-4/react-charts/src/components/ChartTheme/themes/light/cyan-color-theme.ts
FNF:0
FNH:0
DA:2,53
DA:9,53
DA:13,53
DA:21,53
LF:4
LH:4
BRF:0
BRH:0
end_of_record
TN:
SF:/Users/jschuler/Documents/GitHub/pf-react-fork/packages/patternfly-4/react-charts/src/components/ChartTheme/themes/light/gold-color-theme.ts
FNF:0
FNH:0
DA:2,53
DA:9,53
DA:13,53
DA:21,53
LF:4
LH:4
BRF:0
BRH:0
end_of_record
TN:
SF:/Users/jschuler/Documents/GitHub/pf-react-fork/packages/patternfly-4/react-charts/src/components/ChartTheme/themes/light/gray-color-theme.ts
FNF:0
FNH:0
DA:2,53
DA:9,53
DA:13,53
DA:21,53
LF:4
LH:4
BRF:0
BRH:0
end_of_record
TN:
SF:/Users/jschuler/Documents/GitHub/pf-react-fork/packages/patternfly-4/react-charts/src/components/ChartTheme/themes/light/green-color-theme.ts
FNF:0
FNH:0
DA:2,53
DA:9,53
DA:13,53
DA:21,53
LF:4
LH:4
BRF:0
BRH:0
end_of_record
TN:
SF:/Users/jschuler/Documents/GitHub/pf-react-fork/packages/patternfly-4/react-charts/src/components/ChartTheme/themes/light/multi-color-ordered-theme.ts
FNF:0
FNH:0
DA:2,53
DA:29,53
DA:33,53
DA:61,53
LF:4
LH:4
BRF:0
BRH:0
end_of_record
TN:
SF:/Users/jschuler/Documents/GitHub/pf-react-fork/packages/patternfly-4/react-charts/src/components/ChartTheme/themes/light/multi-color-unordered-theme.ts
FNF:0
FNH:0
DA:2,53
DA:39,53
DA:43,53
DA:81,53
LF:4
LH:4
BRF:0
BRH:0
end_of_record
TN:
SF:/Users/jschuler/Documents/GitHub/pf-react-fork/packages/patternfly-4/react-charts/src/components/ChartTheme/themes/light/orange-color-theme.ts
FNF:0
FNH:0
DA:2,53
DA:9,53
DA:13,53
DA:21,53
LF:4
LH:4
BRF:0
BRH:0
end_of_record
TN:
SF:/Users/jschuler/Documents/GitHub/pf-react-fork/packages/patternfly-4/react-charts/src/components/ChartTheme/themes/light/purple-color-theme.ts
FNF:0
FNH:0
DA:2,53
DA:9,53
DA:13,53
DA:21,53
LF:4
LH:4
BRF:0
BRH:0
end_of_record
TN:
SF:/Users/jschuler/Documents/GitHub/pf-react-fork/packages/patternfly-4/react-charts/src/components/ChartThreshold/ChartThreshold.tsx
FN:369,(anonymous_5)
FN:379,(anonymous_6)
FN:385,(anonymous_7)
FNF:3
FNH:3
FNDA:3,(anonymous_5)
FNDA:3,(anonymous_6)
FNDA:3,(anonymous_7)
DA:1,2
DA:2,2
DA:3,2
DA:4,2
DA:20,2
DA:22,2
DA:369,2
DA:370,6
DA:371,3
DA:372,3
DA:375,6
DA:376,3
DA:379,3
DA:380,3
DA:381,0
DA:383,3
DA:385,3
DA:386,3
DA:387,0
DA:389,3
DA:393,3
DA:394,3
DA:395,0
DA:396,0
DA:398,3
DA:403,3
DA:407,2
LF:27
LH:23
BRDA:370,0,0,2
BRDA:370,0,1,1
BRDA:375,1,0,2
BRDA:375,1,1,1
BRDA:380,2,0,0
BRDA:380,2,1,3
BRDA:380,3,0,3
BRDA:380,3,1,3
BRDA:380,3,2,0
BRDA:386,4,0,0
BRDA:386,4,1,3
BRDA:386,5,0,3
BRDA:386,5,1,3
BRDA:386,5,2,0
BRDA:394,6,0,0
BRDA:394,6,1,3
BRF:16
BRH:11
end_of_record
TN:
SF:/Users/jschuler/Documents/GitHub/pf-react-fork/packages/patternfly-4/react-charts/src/components/ChartTooltip/ChartTooltip.tsx
FN:201,(anonymous_5)
FNF:1
FNH:1
FNDA:3,(anonymous_5)
DA:1,26
DA:2,26
DA:3,26
DA:12,26
DA:201,26
DA:202,6
DA:203,3
DA:204,3
DA:207,6
DA:208,3
DA:213,3
DA:217,26
LF:12
LH:12
BRDA:202,0,0,2
BRDA:202,0,1,1
BRDA:207,1,0,2
BRDA:207,1,1,1
BRF:4
BRH:4
end_of_record
TN:
SF:/Users/jschuler/Documents/GitHub/pf-react-fork/packages/patternfly-4/react-charts/src/components/ChartUtils/chart-domain.ts
FN:28,(anonymous_0)
FN:71,(anonymous_1)
FN:96,(anonymous_2)
FN:98,(anonymous_3)
FN:112,(anonymous_4)
FNF:5
FNH:5
FNDA:20,(anonymous_0)
FNDA:4,(anonymous_1)
FNDA:4,(anonymous_2)
FNDA:20,(anonymous_3)
FNDA:20,(anonymous_4)
DA:3,53
DA:28,53
DA:30,20
DA:31,20
DA:32,20
DA:33,20
DA:34,20
DA:35,0
DA:36,0
DA:37,20
DA:38,0
DA:39,0
DA:41,20
DA:42,0
DA:43,0
DA:44,20
DA:45,0
DA:46,0
DA:50,20
DA:51,20
DA:52,20
DA:53,20
DA:54,20
DA:55,0
DA:56,0
DA:57,20
DA:58,0
DA:59,0
DA:61,20
DA:62,5
DA:63,5
DA:64,15
DA:65,0
DA:66,0
DA:70,20
DA:71,20
DA:72,4
DA:73,4
DA:74,0
DA:77,4
DA:78,4
DA:79,1
DA:82,4
DA:83,4
DA:84,0
DA:87,4
DA:88,0
DA:89,0
DA:93,20
DA:96,53
DA:97,4
DA:98,4
DA:99,40
DA:100,20
DA:107,20
DA:110,4
DA:111,4
DA:112,4
DA:113,20
DA:114,20
DA:117,4
DA:118,4
DA:119,4
DA:120,4
DA:122,4
LF:65
LH:47
BRDA:34,0,0,0
BRDA:34,0,1,20
BRDA:34,1,0,20
BRDA:34,1,1,0
BRDA:37,2,0,0
BRDA:37,2,1,20
BRDA:37,3,0,20
BRDA:37,3,1,0
BRDA:41,4,0,0
BRDA:41,4,1,20
BRDA:41,5,0,20
BRDA:41,5,1,5
BRDA:44,6,0,0
BRDA:44,6,1,20
BRDA:44,7,0,20
BRDA:44,7,1,5
BRDA:54,8,0,0
BRDA:54,8,1,20
BRDA:54,9,0,20
BRDA:54,9,1,0
BRDA:57,10,0,0
BRDA:57,10,1,20
BRDA:57,11,0,20
BRDA:57,11,1,0
BRDA:61,12,0,5
BRDA:61,12,1,15
BRDA:61,13,0,20
BRDA:61,13,1,5
BRDA:64,14,0,0
BRDA:64,14,1,15
BRDA:64,15,0,15
BRDA:64,15,1,0
BRDA:72,16,0,4
BRDA:72,16,1,0
BRDA:73,17,0,0
BRDA:73,17,1,4
BRDA:77,18,0,4
BRDA:77,18,1,0
BRDA:78,19,0,1
BRDA:78,19,1,3
BRDA:82,20,0,4
BRDA:82,20,1,0
BRDA:83,21,0,0
BRDA:83,21,1,4
BRDA:87,22,0,0
BRDA:87,22,1,4
BRDA:88,23,0,0
BRDA:88,23,1,0
BRDA:99,24,0,40
BRDA:99,24,1,0
BRDA:104,25,0,20
BRDA:104,25,1,0
BRDA:105,26,0,20
BRDA:105,26,1,0
BRF:54
BRH:31
end_of_record
TN:
SF:/Users/jschuler/Documents/GitHub/pf-react-fork/packages/patternfly-4/react-charts/src/components/ChartUtils/chart-helpers.ts
FN:8,(anonymous_0)
FNF:1
FNH:1
FNDA:26,(anonymous_0)
DA:8,53
DA:12,26
DA:13,5
DA:19,26
LF:4
LH:4
BRDA:12,0,0,5
BRDA:12,0,1,21
BRDA:19,1,0,0
BRDA:19,1,1,26
BRDA:19,2,0,26
BRDA:19,2,1,0
BRF:6
BRH:4
end_of_record
TN:
SF:/Users/jschuler/Documents/GitHub/pf-react-fork/packages/patternfly-4/react-charts/src/components/ChartUtils/chart-interactive-legend.ts
FN:20,(anonymous_2)
FN:22,(anonymous_3)
FN:25,(anonymous_4)
FN:35,(anonymous_5)
FN:43,(anonymous_6)
FN:45,(anonymous_7)
FN:54,(anonymous_8)
FN:67,(anonymous_9)
FN:69,(anonymous_10)
FN:71,(anonymous_11)
FN:78,(anonymous_12)
FN:91,(anonymous_13)
FN:96,(anonymous_14)
FN:103,(anonymous_15)
FN:110,(anonymous_16)
FN:123,(anonymous_17)
FN:136,(anonymous_18)
FN:148,(anonymous_19)
FN:155,(anonymous_20)
FN:161,(anonymous_21)
FN:167,(anonymous_22)
FNF:21
FNH:0
FNDA:0,(anonymous_2)
FNDA:0,(anonymous_3)
FNDA:0,(anonymous_4)
FNDA:0,(anonymous_5)
FNDA:0,(anonymous_6)
FNDA:0,(anonymous_7)
FNDA:0,(anonymous_8)
FNDA:0,(anonymous_9)
FNDA:0,(anonymous_10)
FNDA:0,(anonymous_11)
FNDA:0,(anonymous_12)
FNDA:0,(anonymous_13)
FNDA:0,(anonymous_14)
FNDA:0,(anonymous_15)
FNDA:0,(anonymous_16)
FNDA:0,(anonymous_17)
FNDA:0,(anonymous_18)
FNDA:0,(anonymous_19)
FNDA:0,(anonymous_20)
FNDA:0,(anonymous_21)
FNDA:0,(anonymous_22)
DA:1,53
DA:20,53
DA:21,0
DA:22,0
DA:23,0
DA:24,0
DA:25,0
DA:27,0
DA:31,0
DA:35,53
DA:36,0
DA:43,53
DA:44,0
DA:45,0
DA:46,0
DA:47,0
DA:50,0
DA:54,53
DA:55,0
DA:67,53
DA:68,0
DA:69,0
DA:70,0
DA:71,0
DA:72,0
DA:74,0
DA:75,0
DA:76,0
DA:78,0
DA:83,0
DA:84,0
DA:86,0
DA:92,0
DA:97,0
DA:98,0
DA:104,0
DA:111,0
DA:124,0
DA:137,0
DA:138,0
DA:149,0
DA:155,0
DA:161,0
DA:167,0
LF:44
LH:6
BRDA:23,0,0,0
BRDA:23,0,1,0
BRDA:24,1,0,0
BRDA:24,1,1,0
BRDA:46,2,0,0
BRDA:46,2,1,0
BRDA:54,3,0,0
BRDA:54,3,1,0
BRDA:55,4,0,0
BRDA:55,4,1,0
BRDA:69,5,0,0
BRDA:69,5,1,0
BRDA:71,6,0,0
BRDA:71,6,1,0
BRDA:74,7,0,0
BRDA:74,7,1,0
BRDA:74,8,0,0
BRDA:74,8,1,0
BRDA:104,9,0,0
BRDA:104,9,1,0
BRDA:124,10,0,0
BRDA:124,10,1,0
BRDA:137,11,0,0
BRDA:137,11,1,0
BRDA:137,12,0,0
BRDA:137,12,1,0
BRDA:138,13,0,0
BRDA:138,13,1,0
BRF:28
BRH:0
end_of_record
TN:
SF:/Users/jschuler/Documents/GitHub/pf-react-fork/packages/patternfly-4/react-charts/src/components/ChartUtils/chart-label.ts
FN:33,(anonymous_2)
FN:38,(anonymous_3)
FN:50,(anonymous_4)
FN:80,(anonymous_5)
FN:99,(anonymous_6)
FNF:5
FNH:3
FNDA:5,(anonymous_2)
FNDA:5,(anonymous_3)
FNDA:0,(anonymous_4)
FNDA:0,(anonymous_5)
FNDA:2,(anonymous_6)
DA:1,53
DA:2,53
DA:3,53
DA:33,53
DA:34,5
DA:38,53
DA:39,5
DA:41,0
DA:43,4
DA:45,1
DA:50,53
DA:51,0
DA:52,0
DA:53,0
DA:54,0
DA:55,0
DA:56,0
DA:58,0
DA:59,0
DA:61,0
DA:64,0
DA:66,0
DA:68,0
DA:70,0
DA:72,0
DA:75,0
DA:80,53
DA:81,0
DA:82,0
DA:84,0
DA:87,0
DA:89,0
DA:91,0
DA:96,53
DA:99,53
DA:100,2
DA:101,2
LF:37
LH:15
BRDA:33,0,0,1
BRDA:33,0,1,4
BRDA:34,1,0,1
BRDA:34,1,1,4
BRDA:34,2,0,5
BRDA:34,2,1,1
BRDA:38,3,0,0
BRDA:38,3,1,5
BRDA:40,4,0,0
BRDA:40,4,1,4
BRDA:40,4,2,1
BRDA:43,5,0,4
BRDA:43,5,1,0
BRDA:51,6,0,0
BRDA:51,6,1,0
BRDA:62,7,0,0
BRDA:62,7,1,0
BRDA:62,7,2,0
BRDA:62,7,3,0
BRDA:67,8,0,0
BRDA:67,8,1,0
BRDA:67,8,2,0
BRDA:80,9,0,0
BRDA:80,9,1,0
BRDA:85,10,0,0
BRDA:85,10,1,0
BRDA:85,10,2,0
BRDA:85,10,3,0
BRF:28
BRH:10
end_of_record
TN:
SF:/Users/jschuler/Documents/GitHub/pf-react-fork/packages/patternfly-4/react-charts/src/components/ChartUtils/chart-legend.ts
FN:56,(anonymous_4)
FN:130,(anonymous_5)
FN:148,(anonymous_6)
FN:187,(anonymous_7)
FN:223,(anonymous_8)
FN:227,(anonymous_9)
FN:239,(anonymous_10)
FN:268,(anonymous_11)
FN:277,(anonymous_12)
FN:320,(anonymous_13)
FN:350,(anonymous_14)
FN:359,(anonymous_15)
FN:397,(anonymous_16)
FN:422,(anonymous_17)
FN:433,(anonymous_18)
FN:444,(anonymous_19)
FNF:16
FNH:7
FNDA:4,(anonymous_4)
FNDA:4,(anonymous_5)
FNDA:0,(anonymous_6)
FNDA:0,(anonymous_7)
FNDA:4,(anonymous_8)
FNDA:4,(anonymous_9)
FNDA:4,(anonymous_10)
FNDA:0,(anonymous_11)
FNDA:4,(anonymous_12)
FNDA:0,(anonymous_13)
FNDA:0,(anonymous_14)
FNDA:0,(anonymous_15)
FNDA:0,(anonymous_16)
FNDA:0,(anonymous_17)
FNDA:4,(anonymous_18)
FNDA:0,(anonymous_19)
DA:1,53
DA:2,53
DA:3,53
DA:9,53
DA:10,53
DA:11,53
DA:12,53
DA:56,53
DA:57,8
DA:58,8
DA:59,8
DA:60,8
DA:61,4
DA:62,4
DA:63,4
DA:64,8
DA:65,4
DA:66,4
DA:69,8
DA:72,4
DA:73,4
DA:87,4
DA:91,4
DA:104,4
DA:118,4
DA:126,4
DA:130,53
DA:131,4
DA:132,4
DA:133,4
DA:134,4
DA:136,4
DA:137,4
DA:144,0
DA:148,53
DA:149,0
DA:150,0
DA:151,0
DA:152,0
DA:153,0
DA:154,0
DA:155,0
DA:156,0
DA:157,0
DA:159,0
DA:160,0
DA:164,0
DA:171,0
DA:172,0
DA:174,0
DA:175,0
DA:177,0
DA:178,0
DA:180,0
DA:181,0
DA:183,0
DA:187,53
DA:188,0
DA:189,0
DA:190,0
DA:191,0
DA:192,0
DA:193,0
DA:194,0
DA:195,0
DA:196,0
DA:198,0
DA:199,0
DA:200,0
DA:214,0
DA:215,0
DA:216,0
DA:219,0
DA:223,53
DA:224,4
DA:227,53
DA:228,4
DA:230,0
DA:232,4
DA:234,0
DA:239,53
DA:240,8
DA:241,4
DA:242,4
DA:243,4
DA:244,4
DA:245,4
DA:246,4
DA:247,4
DA:248,4
DA:250,4
DA:251,4
DA:256,4
DA:259,4
DA:262,0
DA:268,0
DA:269,0
DA:272,0
DA:277,53
DA:278,8
DA:279,4
DA:280,4
DA:281,4
DA:282,4
DA:283,4
DA:284,4
DA:285,4
DA:286,4
DA:288,4
DA:289,4
DA:293,4
DA:299,4
DA:305,4
DA:307,4
DA:311,0
DA:313,0
DA:315,0
DA:320,53
DA:321,0
DA:322,0
DA:323,0
DA:324,0
DA:325,0
DA:326,0
DA:327,0
DA:328,0
DA:329,0
DA:331,0
DA:332,0
DA:337,0
DA:340,0
DA:343,0
DA:349,0
DA:350,0
DA:351,0
DA:354,0
DA:359,53
DA:360,0
DA:361,0
DA:362,0
DA:363,0
DA:364,0
DA:365,0
DA:366,0
DA:367,0
DA:368,0
DA:370,0
DA:371,0
DA:372,0
DA:378,0
DA:384,0
DA:386,0
DA:390,0
DA:392,0
DA:397,53
DA:398,0
DA:399,0
DA:400,0
DA:401,0
DA:402,0
DA:403,0
DA:404,0
DA:405,0
DA:406,0
DA:408,0
DA:409,0
DA:411,0
DA:413,0
DA:416,0
DA:422,0
DA:423,0
DA:426,0
DA:433,53
DA:434,4
DA:435,4
DA:436,4
DA:440,0
DA:443,0
DA:444,0
DA:445,0
DA:446,0
DA:450,0
DA:451,0
DA:455,0
LF:184
LH:77
BRDA:57,0,0,0
BRDA:57,0,1,4
BRDA:58,1,0,0
BRDA:58,1,1,4
BRDA:59,2,0,0
BRDA:59,2,1,4
BRDA:60,3,0,0
BRDA:60,3,1,4
BRDA:64,4,0,0
BRDA:64,4,1,4
BRDA:69,5,0,4
BRDA:69,5,1,0
BRDA:72,6,0,4
BRDA:72,6,1,0
BRDA:73,7,0,0
BRDA:73,7,1,4
BRDA:78,8,0,0
BRDA:78,8,1,0
BRDA:96,9,0,0
BRDA:96,9,1,4
BRDA:109,10,0,0
BRDA:109,10,1,4
BRDA:123,11,0,4
BRDA:123,11,1,0
BRDA:124,12,0,4
BRDA:124,12,1,0
BRDA:136,13,0,4
BRDA:136,13,1,0
BRDA:136,14,0,4
BRDA:136,14,1,0
BRDA:149,15,0,0
BRDA:149,15,1,0
BRDA:173,16,0,0
BRDA:173,16,1,0
BRDA:173,16,2,0
BRDA:198,17,0,0
BRDA:198,17,1,0
BRDA:214,18,0,0
BRDA:214,18,1,0
BRDA:224,19,0,0
BRDA:224,19,1,4
BRDA:229,20,0,0
BRDA:229,20,1,4
BRDA:229,20,2,0
BRDA:240,21,0,0
BRDA:240,21,1,4
BRDA:257,22,0,4
BRDA:257,22,1,4
BRDA:257,22,2,0
BRDA:257,22,3,0
BRDA:268,23,0,0
BRDA:268,23,1,0
BRDA:268,24,0,0
BRDA:268,24,1,0
BRDA:278,25,0,0
BRDA:278,25,1,4
BRDA:306,26,0,4
BRDA:306,26,1,0
BRDA:306,26,2,0
BRDA:306,26,3,0
BRDA:308,27,0,4
BRDA:308,27,1,0
BRDA:321,28,0,0
BRDA:321,28,1,0
BRDA:338,29,0,0
BRDA:338,29,1,0
BRDA:338,29,2,0
BRDA:338,29,3,0
BRDA:350,30,0,0
BRDA:350,30,1,0
BRDA:350,31,0,0
BRDA:350,31,1,0
BRDA:360,32,0,0
BRDA:360,32,1,0
BRDA:385,33,0,0
BRDA:385,33,1,0
BRDA:385,33,2,0
BRDA:387,34,0,0
BRDA:387,34,1,0
BRDA:398,35,0,0
BRDA:398,35,1,0
BRDA:412,36,0,0
BRDA:412,36,1,0
BRDA:412,36,2,0
BRDA:422,37,0,0
BRDA:422,37,1,0
BRDA:422,38,0,0
BRDA:422,38,1,0
BRDA:435,39,0,4
BRDA:435,39,1,0
BRDA:435,40,0,4
BRDA:435,40,1,4
BRDA:443,41,0,0
BRDA:443,41,1,0
BRDA:445,42,0,0
BRDA:445,42,1,0
BRDA:445,43,0,0
BRDA:445,43,1,0
BRF:98
BRH:25
end_of_record
TN:
SF:/Users/jschuler/Documents/GitHub/pf-react-fork/packages/patternfly-4/react-charts/src/components/ChartUtils/chart-origin.ts
FN:11,(anonymous_0)
FNF:1
FNH:0
FNDA:0,(anonymous_0)
DA:1,53
DA:11,53
DA:12,0
DA:13,0
DA:14,0
DA:15,0
DA:16,0
LF:7
LH:2
BRF:0
BRH:0
end_of_record
TN:
SF:/Users/jschuler/Documents/GitHub/pf-react-fork/packages/patternfly-4/react-charts/src/components/ChartUtils/chart-padding.ts
FN:4,(anonymous_0)
FNF:1
FNH:1
FNDA:304,(anonymous_0)
DA:1,53
DA:4,53
DA:9,304
DA:10,16
DA:13,288
DA:14,136
DA:17,152
LF:7
LH:7
BRDA:9,0,0,16
BRDA:9,0,1,288
BRDA:13,1,0,136
BRDA:13,1,1,152
BRF:4
BRH:4
end_of_record
TN:
SF:/Users/jschuler/Documents/GitHub/pf-react-fork/packages/patternfly-4/react-charts/src/components/ChartUtils/chart-theme.ts
FN:44,(anonymous_2)
FN:51,(anonymous_3)
FN:55,(anonymous_4)
FN:59,(anonymous_5)
FN:63,(anonymous_6)
FN:67,(anonymous_7)
FN:73,(anonymous_8)
FN:77,(anonymous_9)
FN:81,(anonymous_10)
FN:85,(anonymous_11)
FN:89,(anonymous_12)
FN:93,(anonymous_13)
FN:97,(anonymous_14)
FN:109,(anonymous_15)
FN:122,(anonymous_16)
FN:132,(anonymous_17)
FN:159,(anonymous_18)
FN:186,(anonymous_19)
FN:202,(anonymous_20)
FNF:19
FNH:16
FNDA:76,(anonymous_2)
FNDA:0,(anonymous_3)
FNDA:8,(anonymous_4)
FNDA:7,(anonymous_5)
FNDA:7,(anonymous_6)
FNDA:7,(anonymous_7)
FNDA:4,(anonymous_8)
FNDA:7,(anonymous_9)
FNDA:3,(anonymous_10)
FNDA:7,(anonymous_11)
FNDA:7,(anonymous_12)
FNDA:4,(anonymous_13)
FNDA:0,(anonymous_14)
FNDA:4,(anonymous_15)
FNDA:3,(anonymous_16)
FNDA:0,(anonymous_17)
FNDA:121,(anonymous_18)
FNDA:121,(anonymous_19)
FNDA:8,(anonymous_20)
DA:1,53
DA:2,53
DA:3,53
DA:4,53
DA:5,53
DA:6,53
DA:7,53
DA:8,53
DA:9,53
DA:10,53
DA:11,53
DA:12,53
DA:13,53
DA:14,53
DA:15,53
DA:16,53
DA:17,53
DA:18,53
DA:19,53
DA:20,53
DA:44,53
DA:48,76
DA:51,53
DA:52,0
DA:55,53
DA:56,8
DA:59,53
DA:60,7
DA:63,53
DA:64,7
DA:67,53
DA:70,7
DA:73,53
DA:74,4
DA:77,53
DA:78,7
DA:81,53
DA:82,3
DA:85,53
DA:86,7
DA:89,53
DA:90,7
DA:93,53
DA:94,4
DA:97,53
DA:98,0
DA:101,0
DA:104,0
DA:105,0
DA:109,53
DA:114,4
DA:115,4
DA:116,0
DA:118,4
DA:122,53
DA:123,3
DA:126,3
DA:127,3
DA:128,3
DA:132,53
DA:133,0
DA:135,0
DA:137,0
DA:139,0
DA:141,0
DA:143,0
DA:146,0
DA:148,0
DA:150,0
DA:152,0
DA:154,0
DA:159,53
DA:160,121
DA:162,0
DA:164,0
DA:166,0
DA:168,0
DA:170,0
DA:173,0
DA:175,0
DA:177,0
DA:179,0
DA:181,121
DA:186,53
DA:188,121
DA:191,121
DA:193,0
DA:195,0
DA:197,121
DA:202,53
DA:203,8
LF:91
LH:63
BRDA:115,0,0,0
BRDA:115,0,1,4
BRDA:134,1,0,0
BRDA:134,1,1,0
BRDA:134,1,2,0
BRDA:134,1,3,0
BRDA:134,1,4,0
BRDA:134,1,5,0
BRDA:134,1,6,0
BRDA:134,1,7,0
BRDA:134,1,8,0
BRDA:134,1,9,0
BRDA:134,1,10,0
BRDA:161,2,0,0
BRDA:161,2,1,0
BRDA:161,2,2,0
BRDA:161,2,3,0
BRDA:161,2,4,0
BRDA:161,2,5,0
BRDA:161,2,6,0
BRDA:161,2,7,0
BRDA:161,2,8,0
BRDA:161,2,9,0
BRDA:161,2,10,121
BRDA:192,3,0,0
BRDA:192,3,1,0
BRDA:192,3,2,121
BRF:27
BRH:3
end_of_record
TN:
SF:/Users/jschuler/Documents/GitHub/pf-react-fork/packages/patternfly-4/react-charts/src/components/ChartVoronoiContainer/ChartVoronoiContainer.tsx
FN:8,(anonymous_5)
FN:146,(anonymous_6)
FNF:2
FNH:2
FNDA:3,(anonymous_5)
FNDA:3,(anonymous_6)
DA:1,3
DA:2,3
DA:3,3
DA:5,3
DA:6,3
DA:8,3
DA:9,3
DA:10,3
DA:146,3
DA:147,3
DA:148,6
DA:149,6
DA:150,3
DA:151,3
DA:154,6
DA:155,6
DA:156,3
DA:158,3
DA:159,3
DA:167,3
DA:169,3
DA:172,3
LF:22
LH:22
BRDA:8,0,0,3
BRDA:8,0,1,3
BRDA:148,1,0,2
BRDA:148,1,1,1
BRDA:149,2,0,2
BRDA:149,2,1,1
BRDA:154,3,0,2
BRDA:154,3,1,1
BRDA:155,4,0,0
BRDA:155,4,1,3
BRF:10
BRH:9
end_of_record
TN:
SF:/Users/jschuler/Documents/GitHub/pf-react-fork/packages/patternfly-4/react-core/src/components/AboutModal/AboutModal.tsx
FN:39,(anonymous_11)
FN:56,AboutModal
FN:68,(anonymous_13)
FN:74,(anonymous_14)
FN:85,(anonymous_15)
FN:92,(anonymous_16)
FN:106,(anonymous_17)
FN:117,(anonymous_18)
FN:126,(anonymous_19)
FN:48,(anonymous_20)
FNF:10
FNH:8
FNDA:2,(anonymous_11)
FNDA:7,AboutModal
FNDA:2,(anonymous_13)
FNDA:5,(anonymous_14)
FNDA:15,(anonymous_15)
FNDA:5,(anonymous_16)
FNDA:5,(anonymous_17)
FNDA:0,(anonymous_18)
FNDA:10,(anonymous_19)
FNDA:0,(anonymous_20)
DA:1,2
DA:2,2
DA:3,2
DA:4,2
DA:5,2
DA:6,2
DA:7,2
DA:39,2
DA:40,2
DA:41,7
DA:42,7
DA:43,7
DA:45,2
DA:48,0
DA:57,7
DA:59,7
DA:62,7
DA:64,1
DA:68,7
DA:69,2
DA:70,1
DA:74,7
DA:75,5
DA:76,5
DA:77,5
DA:78,6
DA:79,6
DA:80,6
DA:85,7
DA:86,15
DA:87,0
DA:89,15
DA:92,2
DA:93,5
DA:94,5
DA:95,5
DA:96,5
DA:97,5
DA:99,5
DA:100,1
DA:102,4
DA:106,2
DA:107,5
DA:108,5
DA:109,1
DA:110,1
DA:112,4
DA:113,4
DA:117,2
DA:118,0
DA:119,0
DA:120,0
DA:122,0
DA:123,0
DA:126,2
DA:127,10
DA:128,10
DA:130,10
DA:131,5
DA:134,5
DA:143,2
LF:61
LH:54
BRDA:57,0,0,7
BRDA:57,0,1,7
BRDA:69,1,0,1
BRDA:69,1,1,1
BRDA:69,2,0,2
BRDA:69,2,1,2
BRDA:79,3,0,6
BRDA:79,3,1,0
BRDA:80,4,0,1
BRDA:80,4,1,5
BRDA:86,5,0,0
BRDA:86,5,1,15
BRDA:89,6,0,15
BRDA:89,6,1,15
BRDA:62,7,0,1
BRDA:62,7,1,6
BRDA:62,8,0,7
BRDA:62,8,1,7
BRDA:99,9,0,1
BRDA:99,9,1,4
BRDA:108,10,0,1
BRDA:108,10,1,4
BRDA:119,11,0,0
BRDA:119,11,1,0
BRDA:130,12,0,5
BRDA:130,12,1,5
BRDA:130,13,0,10
BRDA:130,13,1,10
BRF:28
BRH:24
end_of_record
TN:
SF:/Users/jschuler/Documents/GitHub/pf-react-fork/packages/patternfly-4/react-core/src/components/AboutModal/AboutModalBox.tsx
FN:12,(anonymous_5)
FNF:1
FNH:1
FNDA:2,(anonymous_5)
DA:1,6
DA:2,6
DA:3,6
DA:12,6
DA:13,2
DA:14,4
DA:15,2
DA:16,2
LF:8
LH:8
BRDA:14,0,0,1
BRDA:14,0,1,1
BRF:2
BRH:2
end_of_record
TN:
SF:/Users/jschuler/Documents/GitHub/pf-react-fork/packages/patternfly-4/react-core/src/components/AboutModal/AboutModalBoxBrand.tsx
FN:14,(anonymous_5)
FNF:1
FNH:1
FNDA:2,(anonymous_5)
DA:1,6
DA:2,6
DA:3,6
DA:14,6
DA:15,4
DA:16,4
DA:17,2
DA:18,2
DA:19,2
LF:9
LH:9
BRDA:15,0,0,1
BRDA:15,0,1,1
BRDA:16,1,0,0
BRDA:16,1,1,2
BRF:4
BRH:3
end_of_record
TN:
SF:/Users/jschuler/Documents/GitHub/pf-react-fork/packages/patternfly-4/react-core/src/components/AboutModal/AboutModalBoxCloseButton.tsx
FN:14,(anonymous_5)
FN:16,(anonymous_6)
FNF:2
FNH:1
FNDA:3,(anonymous_5)
FNDA:0,(anonymous_6)
DA:1,6
DA:2,6
DA:3,6
DA:4,6
DA:5,6
DA:14,6
DA:15,6
DA:16,6
DA:17,3
DA:18,3
LF:10
LH:10
BRDA:15,0,0,2
BRDA:15,0,1,1
BRDA:16,1,0,1
BRDA:16,1,1,2
BRF:4
BRH:4
end_of_record
TN:
SF:/Users/jschuler/Documents/GitHub/pf-react-fork/packages/patternfly-4/react-core/src/components/AboutModal/AboutModalBoxContent.tsx
FN:19,(anonymous_5)
FNF:1
FNH:1
FNDA:2,(anonymous_5)
DA:1,6
DA:2,6
DA:3,6
DA:4,6
DA:19,6
DA:20,2
DA:21,4
DA:22,2
DA:23,2
DA:24,4
DA:25,2
DA:26,2
LF:12
LH:12
BRDA:21,0,0,1
BRDA:21,0,1,1
BRDA:24,1,0,1
BRDA:24,1,1,1
BRDA:29,2,0,0
BRDA:29,2,1,2
BRF:6
BRH:5
end_of_record
TN:
SF:/Users/jschuler/Documents/GitHub/pf-react-fork/packages/patternfly-4/react-core/src/components/AboutModal/AboutModalBoxHeader.tsx
FN:15,(anonymous_5)
FNF:1
FNH:1
FNDA:2,(anonymous_5)
DA:1,6
DA:2,6
DA:3,6
DA:4,6
DA:15,6
DA:16,4
DA:17,4
DA:18,2
DA:19,2
DA:20,2
LF:10
LH:10
BRDA:16,0,0,1
BRDA:16,0,1,1
BRDA:17,1,0,0
BRDA:17,1,1,2
BRF:4
BRH:3
end_of_record
TN:
SF:/Users/jschuler/Documents/GitHub/pf-react-fork/packages/patternfly-4/react-core/src/components/AboutModal/AboutModalBoxHero.tsx
FN:13,(anonymous_5)
FNF:1
FNH:1
FNDA:2,(anonymous_5)
DA:1,6
DA:2,6
DA:3,6
DA:4,6
DA:13,6
DA:14,2
DA:15,2
DA:16,2
DA:17,2
LF:9
LH:9
BRDA:21,0,0,2
BRDA:21,0,1,0
BRF:2
BRH:1
end_of_record
TN:
SF:/Users/jschuler/Documents/GitHub/pf-react-fork/packages/patternfly-4/react-core/src/components/AboutModal/AboutModalContainer.tsx
FN:42,(anonymous_5)
FN:46,(anonymous_6)
FNF:2
FNH:1
FNDA:4,(anonymous_5)
FNDA:0,(anonymous_6)
DA:1,4
DA:4,4
DA:6,4
DA:7,4
DA:9,4
DA:10,4
DA:11,4
DA:12,4
DA:13,4
DA:14,4
DA:15,4
DA:42,4
DA:43,4
DA:44,8
DA:45,8
DA:46,8
DA:47,8
DA:48,4
DA:49,4
DA:50,4
DA:51,4
DA:52,4
DA:53,4
DA:54,4
DA:56,4
DA:57,3
DA:59,1
LF:27
LH:27
BRDA:44,0,0,3
BRDA:44,0,1,1
BRDA:45,1,0,2
BRDA:45,1,1,2
BRDA:46,2,0,2
BRDA:46,2,1,2
BRDA:47,3,0,0
BRDA:47,3,1,4
BRDA:56,4,0,3
BRDA:56,4,1,1
BRDA:65,5,0,1
BRDA:65,5,1,1
BRF:12
BRH:11
end_of_record
TN:
SF:/Users/jschuler/Documents/GitHub/pf-react-fork/packages/patternfly-4/react-core/src/components/Accordion/Accordion.tsx
FN:21,(anonymous_5)
FNF:1
FNH:1
FNDA:6,(anonymous_5)
DA:1,2
DA:2,2
DA:3,2
DA:4,2
DA:21,2
DA:22,12
DA:23,12
DA:24,12
DA:25,12
DA:26,12
DA:27,12
DA:28,6
DA:30,6
DA:31,6
LF:14
LH:14
BRDA:22,0,0,1
BRDA:22,0,1,5
BRDA:23,1,0,5
BRDA:23,1,1,1
BRDA:24,2,0,4
BRDA:24,2,1,2
BRDA:25,3,0,3
BRDA:25,3,1,3
BRDA:26,4,0,2
BRDA:26,4,1,4
BRDA:27,5,0,5
BRDA:27,5,1,1
BRDA:30,6,0,5
BRDA:30,6,1,1
BRDA:33,7,0,6
BRDA:33,7,1,0
BRDA:39,8,0,5
BRDA:39,8,1,1
BRDA:40,9,0,5
BRDA:40,9,1,1
BRF:20
BRH:19
end_of_record
TN:
SF:/Users/jschuler/Documents/GitHub/pf-react-fork/packages/patternfly-4/react-core/src/components/Accordion/AccordionContent.tsx
FN:23,(anonymous_5)
FN:34,(anonymous_6)
FNF:2
FNH:2
FNDA:3,(anonymous_5)
FNDA:2,(anonymous_6)
DA:1,2
DA:2,2
DA:3,2
DA:4,2
DA:23,2
DA:24,6
DA:25,6
DA:26,6
DA:27,6
DA:28,6
DA:29,6
DA:30,3
DA:31,3
DA:32,3
DA:34,2
DA:35,2
DA:36,2
LF:17
LH:17
BRDA:24,0,0,2
BRDA:24,0,1,1
BRDA:25,1,0,0
BRDA:25,1,1,3
BRDA:26,2,0,2
BRDA:26,2,1,1
BRDA:27,3,0,2
BRDA:27,3,1,1
BRDA:28,4,0,2
BRDA:28,4,1,1
BRDA:29,5,0,2
BRDA:29,5,1,1
BRDA:35,6,0,2
BRDA:35,6,1,1
BRDA:41,7,0,2
BRDA:41,7,1,0
BRDA:42,8,0,2
BRDA:42,8,1,2
BRF:18
BRH:16
end_of_record
TN:
SF:/Users/jschuler/Documents/GitHub/pf-react-fork/packages/patternfly-4/react-core/src/components/Accordion/AccordionContext.ts
FNF:0
FNH:0
DA:1,4
DA:8,4
LF:2
LH:2
BRF:0
BRH:0
end_of_record
TN:
SF:/Users/jschuler/Documents/GitHub/pf-react-fork/packages/patternfly-4/react-core/src/components/Accordion/AccordionItem.tsx
FN:8,(anonymous_1)
FNF:1
FNH:1
FNDA:3,(anonymous_1)
DA:1,2
DA:8,6
LF:2
LH:2
BRDA:8,0,0,0
BRDA:8,0,1,3
BRF:2
BRH:1
end_of_record
TN:
SF:/Users/jschuler/Documents/GitHub/pf-react-fork/packages/patternfly-4/react-core/src/components/Accordion/AccordionToggle.tsx
FN:21,(anonymous_5)
FN:30,(anonymous_6)
FNF:2
FNH:2
FNDA:5,(anonymous_5)
FNDA:4,(anonymous_6)
DA:1,2
DA:2,2
DA:3,2
DA:4,2
DA:6,2
DA:21,2
DA:22,10
DA:23,5
DA:24,10
DA:25,10
DA:26,5
DA:27,5
DA:28,5
DA:30,4
DA:31,4
DA:32,4
LF:16
LH:16
BRDA:22,0,0,4
BRDA:22,0,1,1
BRDA:24,1,0,3
BRDA:24,1,1,2
BRDA:25,2,0,2
BRDA:25,2,1,3
BRDA:31,3,0,4
BRDA:31,3,1,3
BRDA:36,4,0,4
BRDA:36,4,1,1
BRF:10
BRH:10
end_of_record
TN:
SF:/Users/jschuler/Documents/GitHub/pf-react-fork/packages/patternfly-4/react-core/src/components/Alert/Alert.tsx
FN:10,(anonymous_5)
FN:39,(anonymous_6)
FNF:2
FNH:2
FNDA:2,(anonymous_5)
FNDA:13,(anonymous_6)
DA:1,2
DA:2,2
DA:3,2
DA:4,2
DA:5,2
DA:6,2
DA:8,2
DA:10,2
DA:11,2
DA:12,2
DA:13,2
DA:14,2
DA:15,2
DA:39,2
DA:40,26
DA:41,26
DA:42,26
DA:43,26
DA:44,26
DA:45,26
DA:46,13
DA:47,26
DA:48,26
DA:49,26
DA:50,26
DA:51,13
DA:54,13
DA:60,13
DA:68,13
DA:92,2
DA:93,2
LF:31
LH:31
BRDA:10,0,0,2
BRDA:10,0,1,2
BRDA:40,1,0,1
BRDA:40,1,1,12
BRDA:41,2,0,12
BRDA:41,2,1,1
BRDA:42,3,0,9
BRDA:42,3,1,4
BRDA:43,4,0,13
BRDA:43,4,1,0
BRDA:44,5,0,7
BRDA:44,5,1,6
BRDA:45,6,0,9
BRDA:45,6,1,4
BRDA:47,7,0,0
BRDA:47,7,1,13
BRDA:48,8,0,13
BRDA:48,8,1,0
BRDA:49,9,0,0
BRDA:49,9,1,13
BRDA:50,10,0,13
BRDA:50,10,1,0
BRDA:62,11,0,13
BRDA:62,11,1,1
BRDA:63,12,0,13
BRDA:63,12,1,4
BRDA:64,13,0,13
BRDA:64,13,1,13
BRDA:73,14,0,13
BRDA:73,14,1,0
BRDA:75,15,0,0
BRDA:75,15,1,0
BRDA:77,16,0,13
BRDA:77,16,1,4
BRDA:84,17,0,13
BRDA:84,17,1,13
BRDA:85,18,0,13
BRDA:85,18,1,4
BRF:38
BRH:30
end_of_record
TN:
SF:/Users/jschuler/Documents/GitHub/pf-react-fork/packages/patternfly-4/react-core/src/components/Alert/AlertActionCloseButton.tsx
FN:16,(anonymous_4)
FN:18,(anonymous_5)
FNF:2
FNH:1
FNDA:2,(anonymous_4)
FNDA:0,(anonymous_5)
DA:1,2
DA:2,2
DA:3,2
DA:16,2
DA:17,4
DA:18,4
DA:19,4
DA:20,2
DA:21,4
DA:22,2
DA:23,2
LF:11
LH:11
BRDA:17,0,0,1
BRDA:17,0,1,1
BRDA:18,1,0,0
BRDA:18,1,1,2
BRDA:19,2,0,0
BRDA:19,2,1,2
BRDA:21,3,0,0
BRDA:21,3,1,2
BRDA:27,4,0,0
BRDA:27,4,1,2
BRF:10
BRH:6
end_of_record
TN:
SF:/Users/jschuler/Documents/GitHub/pf-react-fork/packages/patternfly-4/react-core/src/components/Alert/AlertActionLink.tsx
FN:11,(anonymous_4)
FNF:1
FNH:1
FNDA:4,(anonymous_4)
DA:1,2
DA:2,2
DA:11,2
DA:12,8
DA:13,8
DA:14,4
DA:15,4
LF:7
LH:7
BRDA:12,0,0,3
BRDA:12,0,1,1
BRDA:13,1,0,0
BRDA:13,1,1,4
BRF:4
BRH:3
end_of_record
TN:
SF:/Users/jschuler/Documents/GitHub/pf-react-fork/packages/patternfly-4/react-core/src/components/Alert/AlertIcon.tsx
FN:27,(anonymous_5)
FNF:1
FNH:1
FNDA:14,(anonymous_5)
DA:1,3
DA:2,3
DA:3,3
DA:4,3
DA:12,3
DA:27,28
DA:28,14
DA:29,14
LF:8
LH:8
BRDA:27,0,0,13
BRDA:27,0,1,1
BRF:2
BRH:2
end_of_record
TN:
SF:/Users/jschuler/Documents/GitHub/pf-react-fork/packages/patternfly-4/react-core/src/components/ApplicationLauncher/ApplicationLauncher.tsx
FN:60,(anonymous_11)
FN:62,(anonymous_12)
FN:82,(anonymous_14)
FN:93,(anonymous_15)
FN:102,(anonymous_16)
FN:106,(anonymous_17)
FN:108,(anonymous_18)
FN:109,(anonymous_19)
FN:114,(anonymous_20)
FN:115,(anonymous_21)
FN:118,(anonymous_22)
FN:121,(anonymous_23)
FN:123,(anonymous_24)
FN:126,(anonymous_25)
FN:132,(anonymous_26)
FN:134,(anonymous_27)
FN:139,(anonymous_28)
FN:72,(anonymous_29)
FN:73,(anonymous_30)
FNF:19
FNH:2
FNDA:0,(anonymous_11)
FNDA:10,(anonymous_12)
FNDA:0,(anonymous_14)
FNDA:0,(anonymous_15)
FNDA:0,(anonymous_16)
FNDA:0,(anonymous_17)
FNDA:0,(anonymous_18)
FNDA:0,(anonymous_19)
FNDA:0,(anonymous_20)
FNDA:0,(anonymous_21)
FNDA:0,(anonymous_22)
FNDA:0,(anonymous_23)
FNDA:0,(anonymous_24)
FNDA:0,(anonymous_25)
FNDA:0,(anonymous_26)
FNDA:0,(anonymous_27)
FNDA:7,(anonymous_28)
FNDA:0,(anonymous_29)
FNDA:0,(anonymous_30)
DA:1,3
DA:2,3
DA:3,3
DA:4,3
DA:5,3
DA:6,3
DA:7,3
DA:8,3
DA:9,3
DA:10,3
DA:60,3
DA:62,7
DA:63,3
DA:72,0
DA:73,0
DA:82,7
DA:83,0
DA:85,0
DA:93,0
DA:102,7
DA:103,0
DA:104,0
DA:105,0
DA:106,0
DA:107,0
DA:108,0
DA:109,0
DA:111,0
DA:113,0
DA:114,0
DA:115,0
DA:118,7
DA:119,0
DA:120,0
DA:121,0
DA:122,0
DA:124,0
DA:125,0
DA:126,0
DA:132,0
DA:133,0
DA:134,0
DA:139,3
DA:140,7
DA:141,7
DA:142,7
DA:143,7
DA:144,7
DA:145,7
DA:146,7
DA:147,7
DA:148,7
DA:149,7
DA:150,7
DA:151,7
DA:152,7
DA:153,7
DA:154,7
DA:155,7
DA:156,7
DA:157,7
DA:158,7
DA:159,7
DA:160,7
DA:162,7
DA:164,7
DA:165,0
DA:166,0
DA:167,0
DA:168,0
DA:169,0
DA:176,0
DA:177,0
DA:179,7
DA:181,7
DA:182,1
DA:188,7
DA:189,0
DA:192,7
DA:234,3
LF:80
LH:46
BRDA:62,0,0,7
BRDA:62,0,1,7
BRDA:62,0,2,7
BRDA:104,1,0,0
BRDA:104,1,1,0
BRDA:120,2,0,0
BRDA:120,2,1,0
BRDA:124,3,0,0
BRDA:124,3,1,0
BRDA:164,4,0,0
BRDA:164,4,1,7
BRDA:167,5,0,0
BRDA:167,5,1,0
BRDA:176,6,0,0
BRDA:176,6,1,0
BRDA:181,7,0,1
BRDA:181,7,1,6
BRDA:181,8,0,7
BRDA:181,8,1,7
BRDA:188,9,0,0
BRDA:188,9,1,7
BRDA:212,10,0,1
BRDA:212,10,1,6
BRF:23
BRH:11
end_of_record
TN:
SF:/Users/jschuler/Documents/GitHub/pf-react-fork/packages/patternfly-4/react-core/src/components/ApplicationLauncher/ApplicationLauncherContent.tsx
FN:15,(anonymous_2)
FN:19,(anonymous_3)
FNF:2
FNH:1
FNDA:1,(anonymous_2)
FNDA:0,(anonymous_3)
DA:1,3
DA:2,3
DA:3,3
DA:4,3
DA:5,3
DA:6,3
DA:7,3
DA:8,3
DA:15,3
DA:16,1
DA:17,1
DA:19,0
LF:12
LH:11
BRDA:21,0,0,0
BRDA:21,0,1,0
BRDA:22,1,0,0
BRDA:22,1,1,0
BRDA:23,2,0,0
BRDA:23,2,1,0
BRF:6
BRH:0
end_of_record
TN:
SF:/Users/jschuler/Documents/GitHub/pf-react-fork/packages/patternfly-4/react-core/src/components/ApplicationLauncher/ApplicationLauncherGroup.tsx
FN:4,(anonymous_4)
FNF:1
FNH:1
FNDA:1,(anonymous_4)
DA:1,4
DA:2,4
DA:4,4
DA:5,1
DA:6,1
DA:7,1
LF:6
LH:6
BRF:0
BRH:0
end_of_record
TN:
SF:/Users/jschuler/Documents/GitHub/pf-react-fork/packages/patternfly-4/react-core/src/components/ApplicationLauncher/ApplicationLauncherIcon.tsx
FN:12,(anonymous_5)
FNF:1
FNH:1
FNDA:1,(anonymous_5)
DA:1,4
DA:2,4
DA:3,4
DA:12,4
DA:13,2
DA:14,1
DA:15,1
DA:16,1
LF:8
LH:8
BRDA:13,0,0,0
BRDA:13,0,1,1
BRF:2
BRH:1
end_of_record
TN:
SF:/Users/jschuler/Documents/GitHub/pf-react-fork/packages/patternfly-4/react-core/src/components/ApplicationLauncher/ApplicationLauncherItem.tsx
FN:43,(anonymous_5)
FN:62,(anonymous_6)
FN:82,(anonymous_7)
FNF:3
FNH:0
FNDA:0,(anonymous_5)
FNDA:0,(anonymous_6)
FNDA:0,(anonymous_7)
DA:1,3
DA:2,3
DA:3,3
DA:4,3
DA:5,3
DA:6,3
DA:7,3
DA:9,3
DA:43,3
DA:44,0
DA:45,0
DA:46,0
DA:47,0
DA:48,0
DA:49,0
DA:50,0
DA:51,0
DA:52,0
DA:53,0
DA:54,0
DA:55,0
DA:56,0
DA:57,0
DA:58,0
DA:59,0
DA:62,0
DA:83,0
LF:27
LH:9
BRDA:44,0,0,0
BRDA:44,0,1,0
BRDA:47,1,0,0
BRDA:47,1,1,0
BRDA:48,2,0,0
BRDA:48,2,1,0
BRDA:50,3,0,0
BRDA:50,3,1,0
BRDA:51,4,0,0
BRDA:51,4,1,0
BRDA:52,5,0,0
BRDA:52,5,1,0
BRDA:53,6,0,0
BRDA:53,6,1,0
BRDA:54,7,0,0
BRDA:54,7,1,0
BRDA:55,8,0,0
BRDA:55,8,1,0
BRDA:57,9,0,0
BRDA:57,9,1,0
BRDA:66,10,0,0
BRDA:66,10,1,0
BRDA:68,11,0,0
BRDA:68,11,1,0
BRDA:69,12,0,0
BRDA:69,12,1,0
BRDA:72,13,0,0
BRDA:72,13,1,0
BRDA:72,14,0,0
BRDA:72,14,1,0
BRDA:75,15,0,0
BRDA:75,15,1,0
BRDA:76,16,0,0
BRDA:76,16,1,0
BRDA:77,17,0,0
BRDA:77,17,1,0
BRDA:81,18,0,0
BRDA:81,18,1,0
BRDA:92,19,0,0
BRDA:92,19,1,0
BRF:40
BRH:0
end_of_record
TN:
SF:/Users/jschuler/Documents/GitHub/pf-react-fork/packages/patternfly-4/react-core/src/components/ApplicationLauncher/ApplicationLauncherSeparator.tsx
FN:4,(anonymous_4)
FNF:1
FNH:1
FNDA:1,(anonymous_4)
DA:1,4
DA:2,4
DA:4,4
DA:5,1
DA:6,1
DA:7,1
LF:6
LH:6
BRF:0
BRH:0
end_of_record
TN:
SF:/Users/jschuler/Documents/GitHub/pf-react-fork/packages/patternfly-4/react-core/src/components/ApplicationLauncher/ApplicationLauncherText.tsx
FN:11,(anonymous_4)
FNF:1
FNH:1
FNDA:1,(anonymous_4)
DA:1,4
DA:2,4
DA:11,4
DA:12,2
DA:13,1
DA:14,1
DA:15,1
LF:7
LH:7
BRDA:12,0,0,0
BRDA:12,0,1,1
BRF:2
BRH:1
end_of_record
TN:
SF:/Users/jschuler/Documents/GitHub/pf-react-fork/packages/patternfly-4/react-core/src/components/Avatar/Avatar.tsx
FN:15,(anonymous_5)
FNF:1
FNH:1
FNDA:2,(anonymous_5)
DA:1,2
DA:2,2
DA:3,2
DA:15,4
LF:4
LH:4
BRDA:15,0,0,1
BRDA:15,0,1,1
BRDA:15,1,0,1
BRDA:15,1,1,1
BRF:4
BRH:4
end_of_record
TN:
SF:/Users/jschuler/Documents/GitHub/pf-react-fork/packages/patternfly-4/react-core/src/components/Backdrop/Backdrop.tsx
FN:12,(anonymous_5)
FNF:1
FNH:1
FNDA:6,(anonymous_5)
DA:1,12
DA:2,12
DA:3,12
DA:12,12
DA:13,12
DA:14,12
DA:15,6
DA:16,6
LF:8
LH:8
BRDA:13,0,0,0
BRDA:13,0,1,6
BRDA:14,1,0,5
BRDA:14,1,1,1
BRF:4
BRH:3
end_of_record
TN:
SF:/Users/jschuler/Documents/GitHub/pf-react-fork/packages/patternfly-4/react-core/src/components/BackgroundImage/BackgroundImage.tsx
FN:16,(anonymous_5)
FN:49,(anonymous_6)
FN:69,(anonymous_7)
FNF:3
FNH:3
FNDA:4,(anonymous_5)
FNDA:4,(anonymous_6)
FNDA:20,(anonymous_7)
DA:1,4
DA:4,4
DA:5,4
DA:8,4
DA:16,4
DA:17,4
DA:18,4
DA:19,4
DA:20,4
DA:21,4
DA:22,4
DA:25,4
DA:49,4
DA:50,8
DA:51,4
DA:52,4
DA:54,4
DA:56,4
DA:57,2
DA:68,4
DA:69,4
DA:70,20
DA:74,4
DA:80,4
LF:24
LH:24
BRDA:16,0,0,4
BRDA:16,0,1,4
BRDA:26,1,0,4
BRDA:26,1,1,4
BRDA:27,2,0,4
BRDA:27,2,1,4
BRDA:28,3,0,4
BRDA:28,3,1,4
BRDA:29,4,0,4
BRDA:29,4,1,4
BRDA:30,5,0,4
BRDA:30,5,1,4
BRDA:50,6,0,3
BRDA:50,6,1,1
BRDA:56,7,0,2
BRDA:56,7,1,2
BRF:16
BRH:16
end_of_record
TN:
SF:/Users/jschuler/Documents/GitHub/pf-react-fork/packages/patternfly-4/react-core/src/components/Badge/Badge.tsx
FN:14,(anonymous_5)
FNF:1
FNH:1
FNDA:3,(anonymous_5)
DA:1,2
DA:2,2
DA:3,2
DA:14,2
DA:15,6
DA:16,6
DA:17,6
DA:18,3
DA:19,3
LF:9
LH:9
BRDA:15,0,0,0
BRDA:15,0,1,3
BRDA:16,1,0,2
BRDA:16,1,1,1
BRDA:17,2,0,0
BRDA:17,2,1,3
BRDA:22,3,0,1
BRDA:22,3,1,2
BRF:8
BRH:6
end_of_record
TN:
SF:/Users/jschuler/Documents/GitHub/pf-react-fork/packages/patternfly-4/react-core/src/components/Brand/Brand.tsx
FN:14,(anonymous_4)
FNF:1
FNH:1
FNDA:2,(anonymous_4)
DA:1,4
DA:2,4
DA:14,4
LF:3
LH:3
BRDA:14,0,0,1
BRDA:14,0,1,1
BRDA:14,1,0,1
BRDA:14,1,1,1
BRF:4
BRH:4
end_of_record
TN:
SF:/Users/jschuler/Documents/GitHub/pf-react-fork/packages/patternfly-4/react-core/src/components/Breadcrumb/Breadcrumb.tsx
FN:15,(anonymous_5)
FNF:1
FNH:1
FNDA:6,(anonymous_5)
DA:1,3
DA:2,3
DA:3,3
DA:4,3
DA:15,3
DA:16,12
DA:17,12
DA:18,12
DA:19,12
DA:20,12
DA:21,6
DA:22,6
DA:36,3
DA:37,3
LF:14
LH:14
BRDA:16,0,0,3
BRDA:16,0,1,3
BRDA:17,1,0,5
BRDA:17,1,1,1
BRDA:18,2,0,5
BRDA:18,2,1,1
BRDA:19,3,0,0
BRDA:19,3,1,6
BRDA:20,4,0,6
BRDA:20,4,1,0
BRDA:27,5,0,6
BRDA:27,5,1,0
BRDA:29,6,0,0
BRDA:29,6,1,0
BRF:14
BRH:9
end_of_record
TN:
SF:/Users/jschuler/Documents/GitHub/pf-react-fork/packages/patternfly-4/react-core/src/components/Breadcrumb/BreadcrumbHeading.tsx
FN:18,(anonymous_5)
FNF:1
FNH:1
FNDA:6,(anonymous_5)
DA:1,3
DA:2,3
DA:3,3
DA:18,3
DA:19,12
DA:20,12
DA:21,12
DA:22,12
DA:23,12
DA:24,6
DA:26,6
DA:27,6
LF:12
LH:12
BRDA:19,0,0,0
BRDA:19,0,1,6
BRDA:20,1,0,4
BRDA:20,1,1,2
BRDA:21,2,0,3
BRDA:21,2,1,3
BRDA:22,3,0,4
BRDA:22,3,1,2
BRDA:23,4,0,5
BRDA:23,4,1,1
BRDA:30,5,0,6
BRDA:30,5,1,3
BRDA:40,6,0,6
BRDA:40,6,1,3
BRF:14
BRH:13
end_of_record
TN:
SF:/Users/jschuler/Documents/GitHub/pf-react-fork/packages/patternfly-4/react-core/src/components/Breadcrumb/BreadcrumbItem.tsx
FN:21,(anonymous_5)
FNF:1
FNH:1
FNDA:18,(anonymous_5)
DA:1,4
DA:2,4
DA:3,4
DA:4,4
DA:21,4
DA:22,36
DA:23,36
DA:24,36
DA:25,36
DA:26,36
DA:27,36
DA:28,18
DA:30,18
DA:31,18
LF:14
LH:14
BRDA:22,0,0,0
BRDA:22,0,1,18
BRDA:23,1,0,16
BRDA:23,1,1,2
BRDA:24,2,0,8
BRDA:24,2,1,10
BRDA:25,3,0,14
BRDA:25,3,1,4
BRDA:26,4,0,16
BRDA:26,4,1,2
BRDA:27,5,0,17
BRDA:27,5,1,1
BRDA:33,6,0,18
BRDA:33,6,1,10
BRDA:37,7,0,2
BRDA:37,7,1,8
BRDA:38,8,0,2
BRDA:38,8,1,8
BRDA:43,9,0,18
BRDA:43,9,1,8
BRDA:44,10,0,18
BRDA:44,10,1,15
BRF:22
BRH:21
end_of_record
TN:
SF:/Users/jschuler/Documents/GitHub/pf-react-fork/packages/patternfly-4/react-core/src/components/Button/Button.tsx
FN:6,(anonymous_5)
FN:16,(anonymous_6)
FN:53,(anonymous_7)
FNF:3
FNH:3
FNDA:55,(anonymous_5)
FNDA:55,(anonymous_6)
FNDA:262,(anonymous_7)
DA:1,55
DA:2,55
DA:3,55
DA:4,55
DA:6,55
DA:7,55
DA:8,55
DA:9,55
DA:10,55
DA:11,55
DA:12,55
DA:13,55
DA:16,55
DA:17,55
DA:18,55
DA:19,55
DA:53,55
DA:54,524
DA:55,524
DA:56,524
DA:57,524
DA:58,524
DA:59,524
DA:60,524
DA:61,524
DA:62,524
DA:63,524
DA:64,524
DA:65,524
DA:66,524
DA:67,524
DA:68,524
DA:69,524
DA:70,262
DA:72,262
DA:73,262
DA:74,262
DA:104,55
DA:105,55
LF:39
LH:39
BRDA:6,0,0,55
BRDA:6,0,1,55
BRDA:16,1,0,55
BRDA:16,1,1,55
BRDA:54,2,0,3
BRDA:54,2,1,259
BRDA:55,3,0,223
BRDA:55,3,1,39
BRDA:56,4,0,259
BRDA:56,4,1,3
BRDA:57,5,0,262
BRDA:57,5,1,0
BRDA:58,6,0,261
BRDA:58,6,1,1
BRDA:59,7,0,68
BRDA:59,7,1,194
BRDA:60,8,0,261
BRDA:60,8,1,1
BRDA:61,9,0,261
BRDA:61,9,1,1
BRDA:62,10,0,257
BRDA:62,10,1,5
BRDA:63,11,0,260
BRDA:63,11,1,2
BRDA:64,12,0,9
BRDA:64,12,1,253
BRDA:65,13,0,25
BRDA:65,13,1,237
BRDA:66,14,0,261
BRDA:66,14,1,1
BRDA:67,15,0,0
BRDA:67,15,1,262
BRDA:68,16,0,262
BRDA:68,16,1,0
BRDA:69,17,0,261
BRDA:69,17,1,1
BRDA:77,18,0,259
BRDA:77,18,1,3
BRDA:82,19,0,262
BRDA:82,19,1,1
BRDA:83,20,0,262
BRDA:83,20,1,83
BRDA:83,20,2,1
BRDA:84,21,0,262
BRDA:84,21,1,0
BRDA:85,22,0,262
BRDA:85,22,1,1
BRDA:86,23,0,262
[...]
DA:607,0
DA:608,0
DA:613,0
DA:616,0
DA:617,0
DA:619,0
DA:620,0
DA:626,0
DA:627,0
DA:628,0
DA:630,0
DA:631,0
DA:635,0
DA:638,0
DA:645,0
DA:653,2
DA:654,0
DA:655,0
DA:656,0
DA:657,0
DA:658,0
DA:659,0
DA:660,0
DA:661,0
DA:662,0
DA:663,0
DA:665,0
DA:668,0
DA:674,0
DA:681,0
DA:684,0
DA:689,0
DA:691,0
DA:696,0
DA:703,0
DA:707,0
DA:708,0
DA:709,0
DA:711,0
DA:723,0
DA:727,0
DA:728,0
DA:729,0
DA:731,0
DA:743,0
DA:748,0
DA:751,0
DA:752,0
DA:753,0
DA:755,0
DA:763,0
DA:766,2
DA:767,0
DA:768,0
DA:778,2
DA:779,0
DA:780,0
DA:782,0
DA:786,0
DA:787,0
DA:791,0
DA:795,0
DA:806,0
DA:807,0
DA:812,0
DA:815,0
DA:821,0
DA:827,0
DA:828,0
DA:829,0
DA:833,0
DA:834,0
DA:842,0
DA:845,0
DA:852,0
DA:855,0
DA:858,0
DA:865,0
DA:869,0
DA:870,0
DA:871,0
DA:872,0
DA:873,0
DA:874,0
DA:875,0
DA:876,0
DA:877,0
DA:880,0
DA:881,0
DA:882,0
DA:883,0
DA:885,0
DA:888,0
DA:890,0
DA:893,2
DA:894,0
DA:895,0
DA:896,0
DA:897,0
DA:898,0
DA:899,0
DA:900,0
DA:901,0
DA:902,0
DA:903,0
DA:904,0
DA:905,0
DA:906,0
DA:907,0
DA:908,0
DA:909,0
DA:910,0
DA:912,0
DA:914,0
DA:926,0
DA:936,0
DA:937,0
DA:942,0
DA:943,0
DA:947,0
DA:949,0
DA:950,0
DA:955,0
DA:956,0
DA:958,0
DA:962,0
DA:963,0
DA:964,0
DA:972,0
DA:973,0
DA:975,0
DA:977,0
DA:979,0
DA:995,0
DA:996,0
DA:997,0
DA:1012,0
DA:1018,0
DA:1026,2
DA:1028,0
DA:1029,0
DA:1030,0
DA:1031,0
DA:1032,0
DA:1033,0
DA:1034,0
DA:1035,0
DA:1036,0
DA:1037,0
DA:1038,0
DA:1041,0
DA:1043,0
DA:1044,0
DA:1046,0
DA:1048,0
DA:1051,0
DA:1052,0
DA:1056,0
DA:1061,0
DA:1065,0
DA:1071,0
DA:1072,0
DA:1073,0
DA:1074,0
DA:1076,0
DA:1085,0
DA:1095,0
DA:1096,0
DA:1097,0
DA:1098,0
DA:1101,0
DA:1106,0
DA:1107,0
DA:1108,0
DA:1109,0
DA:1110,0
DA:1111,0
DA:1120,0
DA:1121,0
DA:1122,0
DA:1123,0
DA:1124,0
DA:1125,0
DA:1131,0
DA:1154,0
DA:1155,0
DA:1156,0
DA:1157,0
DA:1166,2
DA:1167,0
DA:1169,0
DA:1170,0
DA:1173,0
DA:1179,0
DA:1180,0
DA:1182,0
DA:1188,2
DA:1189,0
DA:1192,2
DA:1193,0
DA:1200,2
DA:1201,0
DA:1205,0
DA:1206,0
DA:1208,0
DA:1209,0
DA:1211,0
DA:1215,0
DA:1216,0
DA:1218,0
DA:1233,2
DA:1234,0
DA:1235,0
DA:1236,0
DA:1237,0
DA:1244,0
DA:1245,0
DA:1246,0
DA:1248,0
DA:1264,2
DA:1267,0
DA:1270,2
DA:1271,0
DA:1272,0
DA:1274,0
DA:1276,0
DA:1284,0
DA:1285,0
DA:1292,2
DA:1293,0
DA:1294,0
DA:1295,0
DA:1301,0
DA:1305,0
DA:1306,0
DA:1308,0
DA:1311,0
DA:1312,0
DA:1314,0
DA:1317,0
DA:1321,0
DA:1323,0
DA:1330,2
DA:1331,0
DA:1337,0
DA:1338,0
DA:1339,0
DA:1343,2
DA:1344,0
DA:1347,2
DA:1348,0
DA:1349,0
DA:1351,0
DA:1352,0
DA:1353,0
DA:1354,0
DA:1356,0
DA:1358,0
DA:1365,0
DA:1368,2
DA:1369,0
DA:1372,2
DA:1373,0
DA:1374,0
DA:1376,0
DA:1377,0
DA:1383,0
DA:1386,2
DA:1387,0
DA:1388,0
DA:1389,0
DA:1390,0
DA:1394,2
DA:1395,0
DA:1396,0
DA:1398,0
DA:1399,0
DA:1400,0
DA:1401,0
DA:1403,0
DA:1405,0
DA:1412,0
DA:1415,2
DA:1416,0
DA:1419,2
DA:1420,0
DA:1421,0
DA:1422,0
DA:1430,0
DA:1431,0
DA:1434,0
DA:1435,0
DA:1436,0
DA:1437,0
DA:1439,0
DA:1440,0
DA:1446,2
DA:1447,0
DA:1448,0
DA:1450,0
DA:1451,0
DA:1457,0
DA:1460,2
DA:1461,0
DA:1462,0
DA:1463,0
DA:1464,0
DA:1468,0
DA:1472,0
DA:1473,0
DA:1476,2
DA:1478,2
DA:1479,2
LF:426
LH:52
BRDA:326,0,0,0
BRDA:326,0,1,0
BRDA:1472,1,0,0
BRDA:1472,1,1,0
BRDA:359,2,0,0
BRDA:359,2,1,0
BRDA:360,3,0,0
BRDA:360,3,1,0
BRDA:366,4,0,0
BRDA:366,4,1,0
BRDA:369,5,0,0
BRDA:369,5,1,0
BRDA:377,6,0,0
BRDA:377,6,1,0
BRDA:378,7,0,0
BRDA:378,7,1,0
BRDA:379,8,0,0
BRDA:379,8,1,0
BRDA:380,9,0,0
BRDA:380,9,1,0
BRDA:417,10,0,0
BRDA:417,10,1,0
BRDA:417,11,0,0
BRDA:417,11,1,0
BRDA:420,12,0,0
BRDA:420,12,1,0
BRDA:444,13,0,0
BRDA:444,13,1,0
BRDA:444,14,0,0
BRDA:444,14,1,0
BRDA:449,15,0,0
BRDA:449,15,1,0
BRDA:450,16,0,0
BRDA:450,16,1,0
BRDA:455,17,0,0
BRDA:455,17,1,0
BRDA:456,18,0,0
BRDA:456,18,1,0
BRDA:467,19,0,0
BRDA:467,19,1,0
BRDA:471,20,0,0
BRDA:471,20,1,0
BRDA:497,21,0,0
BRDA:497,21,1,0
BRDA:501,22,0,0
BRDA:501,22,1,0
BRDA:522,23,0,0
BRDA:522,23,1,0
BRDA:522,24,0,0
BRDA:522,24,1,0
BRDA:522,25,0,0
BRDA:522,25,1,0
BRDA:533,26,0,0
BRDA:533,26,1,0
BRDA:535,27,0,0
BRDA:535,27,1,0
BRDA:538,28,0,0
BRDA:538,28,1,0
BRDA:540,29,0,0
BRDA:540,29,1,0
BRDA:561,30,0,0
BRDA:561,30,1,0
BRDA:561,31,0,0
BRDA:561,31,1,0
BRDA:568,32,0,0
BRDA:568,32,1,0
BRDA:591,33,0,0
BRDA:591,33,1,0
BRDA:600,34,0,0
BRDA:600,34,1,0
BRDA:600,35,0,0
BRDA:600,35,1,0
BRDA:600,35,2,0
BRDA:600,35,3,0
BRDA:606,36,0,0
BRDA:606,36,1,0
BRDA:613,37,0,0
BRDA:613,37,1,0
BRDA:616,38,0,0
BRDA:616,38,1,0
BRDA:619,39,0,0
BRDA:619,39,1,0
BRDA:626,40,0,0
BRDA:626,40,1,0
BRDA:627,41,0,0
BRDA:627,41,1,0
BRDA:627,42,0,0
BRDA:627,42,1,0
BRDA:630,43,0,0
BRDA:630,43,1,0
BRDA:630,44,0,0
BRDA:630,44,1,0
BRDA:639,45,0,0
BRDA:639,45,1,0
BRDA:640,46,0,0
BRDA:640,46,1,0
BRDA:674,47,0,0
BRDA:674,47,1,0
BRDA:674,47,2,0
BRDA:674,47,3,0
BRDA:681,48,0,0
BRDA:681,48,1,0
BRDA:684,49,0,0
BRDA:684,49,1,0
BRDA:685,50,0,0
BRDA:685,50,1,0
BRDA:685,50,2,0
BRDA:685,50,3,0
BRDA:691,51,0,0
BRDA:691,51,1,0
BRDA:692,52,0,0
BRDA:692,52,1,0
BRDA:692,52,2,0
BRDA:692,52,3,0
BRDA:703,53,0,0
BRDA:703,53,1,0
BRDA:703,53,2,0
BRDA:703,53,3,0
BRDA:707,54,0,0
BRDA:707,54,1,0
BRDA:727,55,0,0
BRDA:727,55,1,0
BRDA:751,56,0,0
BRDA:751,56,1,0
BRDA:751,57,0,0
BRDA:751,57,1,0
BRDA:767,58,0,0
BRDA:767,58,1,0
BRDA:782,59,0,0
BRDA:782,59,1,0
BRDA:783,60,0,0
BRDA:783,60,1,0
BRDA:783,60,2,0
BRDA:783,60,3,0
BRDA:791,61,0,0
BRDA:791,61,1,0
BRDA:792,62,0,0
BRDA:792,62,1,0
BRDA:792,62,2,0
BRDA:792,62,3,0
BRDA:807,63,0,0
BRDA:807,63,1,0
BRDA:808,64,0,0
BRDA:808,64,1,0
BRDA:827,65,0,0
BRDA:827,65,1,0
BRDA:827,66,0,0
BRDA:827,66,1,0
BRDA:833,67,0,0
BRDA:833,67,1,0
BRDA:833,68,0,0
BRDA:833,68,1,0
BRDA:833,68,2,0
BRDA:844,69,0,0
BRDA:844,69,1,0
BRDA:848,70,0,0
BRDA:848,70,1,0
BRDA:857,71,0,0
BRDA:857,71,1,0
BRDA:861,72,0,0
BRDA:861,72,1,0
BRDA:881,73,0,0
BRDA:881,73,1,0
BRDA:929,74,0,0
BRDA:929,74,1,0
BRDA:931,75,0,0
BRDA:931,75,1,0
BRDA:936,76,0,0
BRDA:936,76,1,0
BRDA:942,77,0,0
BRDA:942,77,1,0
BRDA:955,78,0,0
BRDA:955,78,1,0
BRDA:956,79,0,0
BRDA:956,79,1,0
BRDA:958,80,0,0
BRDA:958,80,1,0
BRDA:959,81,0,0
BRDA:959,81,1,0
BRDA:972,82,0,0
BRDA:972,82,1,0
BRDA:973,83,0,0
BRDA:973,83,1,0
BRDA:977,84,0,0
BRDA:977,84,1,0
BRDA:977,84,2,0
BRDA:996,85,0,0
BRDA:996,85,1,0
BRDA:1002,86,0,0
BRDA:1002,86,1,0
BRDA:1007,87,0,0
BRDA:1007,87,1,0
BRDA:1020,88,0,0
BRDA:1020,88,1,0
BRDA:1026,89,0,0
BRDA:1026,89,1,0
BRDA:1026,90,0,0
BRDA:1026,90,1,0
BRDA:1043,91,0,0
BRDA:1043,91,1,0
BRDA:1044,92,0,0
BRDA:1044,92,1,0
BRDA:1051,93,0,0
BRDA:1051,93,1,0
BRDA:1051,94,0,0
BRDA:1051,94,1,0
BRDA:1081,95,0,0
BRDA:1081,95,1,0
BRDA:1082,96,0,0
BRDA:1082,96,1,0
BRDA:1090,97,0,0
BRDA:1090,97,1,0
BRDA:1091,98,0,0
BRDA:1091,98,1,0
BRDA:1101,99,0,0
BRDA:1101,99,1,0
BRDA:1106,100,0,0
BRDA:1106,100,1,0
BRDA:1108,101,0,0
BRDA:1108,101,1,0
BRDA:1120,102,0,0
BRDA:1120,102,1,0
BRDA:1122,103,0,0
BRDA:1122,103,1,0
BRDA:1169,104,0,0
BRDA:1169,104,1,0
BRDA:1189,105,0,0
BRDA:1189,105,1,0
BRDA:1193,106,0,0
BRDA:1193,106,1,0
BRDA:1201,107,0,0
BRDA:1201,107,1,0
BRDA:1202,108,0,0
BRDA:1202,108,1,0
BRDA:1264,109,0,0
BRDA:1264,109,1,0
BRDA:1264,110,0,0
BRDA:1264,110,1,0
BRDA:1267,111,0,0
BRDA:1267,111,1,0
BRDA:1271,112,0,0
BRDA:1271,112,1,0
BRDA:1305,113,0,0
BRDA:1305,113,1,0
BRDA:1305,114,0,0
BRDA:1305,114,1,0
BRDA:1307,115,0,0
BRDA:1307,115,1,0
BRDA:1311,116,0,0
BRDA:1311,116,1,0
BRDA:1311,117,0,0
BRDA:1311,117,1,0
BRDA:1313,118,0,0
BRDA:1313,118,1,0
BRDA:1317,119,0,0
BRDA:1317,119,1,0
BRDA:1318,120,0,0
BRDA:1318,120,1,0
BRDA:1318,120,2,0
BRDA:1318,120,3,0
BRDA:1318,120,4,0
BRDA:1318,120,5,0
BRDA:1337,121,0,0
BRDA:1337,121,1,0
BRDA:1344,122,0,0
BRDA:1344,122,1,0
BRDA:1351,123,0,0
BRDA:1351,123,1,0
BRDA:1353,124,0,0
BRDA:1353,124,1,0
BRDA:1356,125,0,0
BRDA:1356,125,1,0
BRDA:1356,126,0,0
BRDA:1356,126,1,0
BRDA:1368,127,0,0
BRDA:1368,127,1,0
BRDA:1368,128,0,0
BRDA:1368,128,1,0
BRDA:1376,129,0,0
BRDA:1376,129,1,0
BRDA:1376,130,0,0
BRDA:1376,130,1,0
BRDA:1376,130,2,0
BRDA:1386,131,0,0
BRDA:1386,131,1,0
BRDA:1386,132,0,0
BRDA:1386,132,1,0
BRDA:1388,133,0,0
BRDA:1388,133,1,0
BRDA:1398,134,0,0
BRDA:1398,134,1,0
BRDA:1400,135,0,0
BRDA:1400,135,1,0
BRDA:1403,136,0,0
BRDA:1403,136,1,0
BRDA:1403,137,0,0
BRDA:1403,137,1,0
BRDA:1415,138,0,0
BRDA:1415,138,1,0
BRDA:1415,139,0,0
BRDA:1415,139,1,0
BRDA:1439,140,0,0
BRDA:1439,140,1,0
BRDA:1450,141,0,0
BRDA:1450,141,1,0
BRDA:1450,142,0,0
BRDA:1450,142,1,0
BRDA:1450,142,2,0
BRDA:1460,143,0,0
BRDA:1460,143,1,0
BRDA:1460,144,0,0
BRDA:1460,144,1,0
BRDA:1462,145,0,0
BRDA:1462,145,1,0
BRF:314
BRH:0
end_of_record
TN:
SF:/Users/jschuler/Documents/GitHub/pf-react-fork/packages/patternfly-4/react-virtualized-extension/src/components/Virtualized/VirtualTableBody.tsx
FN:106,(anonymous_10)
FN:238,(anonymous_12)
FN:263,(anonymous_13)
FN:267,(anonymous_14)
FN:273,(anonymous_15)
FN:122,(anonymous_16)
FN:129,(anonymous_17)
FN:143,(anonymous_18)
FN:153,(anonymous_19)
FN:160,(anonymous_20)
FN:170,(anonymous_21)
FN:180,(anonymous_22)
FN:187,(anonymous_23)
FN:196,(anonymous_24)
FN:110,(anonymous_25)
FN:111,(anonymous_26)
FN:112,(anonymous_27)
FNF:17
FNH:2
FNDA:3,(anonymous_10)
FNDA:0,(anonymous_12)
FNDA:0,(anonymous_13)
FNDA:0,(anonymous_14)
FNDA:0,(anonymous_15)
FNDA:0,(anonymous_16)
FNDA:0,(anonymous_17)
FNDA:0,(anonymous_18)
FNDA:0,(anonymous_19)
FNDA:0,(anonymous_20)
FNDA:0,(anonymous_21)
FNDA:0,(anonymous_22)
FNDA:0,(anonymous_23)
FNDA:1,(anonymous_24)
FNDA:0,(anonymous_25)
FNDA:0,(anonymous_26)
FNDA:0,(anonymous_27)
DA:3,2
DA:16,2
DA:17,2
DA:18,2
DA:106,2
DA:107,2
DA:111,0
DA:122,2
DA:123,0
DA:124,0
DA:129,2
DA:130,0
DA:131,0
DA:137,0
DA:139,0
DA:143,2
DA:144,0
DA:145,0
DA:153,2
DA:154,0
DA:155,0
DA:160,2
DA:161,0
DA:162,0
DA:170,2
DA:171,0
DA:172,0
DA:180,2
DA:181,0
DA:182,0
DA:187,2
DA:188,0
DA:189,0
DA:196,2
DA:197,1
DA:199,1
DA:201,1
DA:202,1
DA:238,1
DA:239,0
DA:246,0
DA:247,0
DA:250,0
DA:253,0
DA:263,1
DA:264,0
DA:267,1
DA:268,0
DA:270,0
DA:273,1
DA:274,0
DA:275,0
DA:276,0
DA:277,0
DA:279,0
DA:281,0
DA:288,2
LF:57
LH:24
BRDA:106,0,0,1
BRDA:106,0,1,1
BRDA:106,0,2,1
BRDA:247,1,0,0
BRDA:247,1,1,0
BRDA:123,2,0,0
BRDA:123,2,1,0
BRDA:130,3,0,0
BRDA:130,3,1,0
BRDA:144,4,0,0
BRDA:144,4,1,0
BRDA:154,5,0,0
BRDA:154,5,1,0
BRDA:160,6,0,0
BRDA:160,6,1,0
BRDA:160,7,0,0
BRDA:160,7,1,0
BRDA:160,8,0,0
BRDA:160,8,1,0
BRDA:161,9,0,0
BRDA:161,9,1,0
BRDA:170,10,0,0
BRDA:170,10,1,0
BRDA:171,11,0,0
BRDA:171,11,1,0
BRDA:180,12,0,0
BRDA:180,12,1,0
BRDA:181,13,0,0
BRDA:181,13,1,0
BRDA:187,14,0,0
BRDA:187,14,1,0
BRDA:188,15,0,0
BRDA:188,15,1,0
BRDA:224,16,0,0
BRDA:224,16,1,1
BRF:35
BRH:4
end_of_record
TN:
SF:/Users/jschuler/Documents/GitHub/pf-react-fork/packages/patternfly-4/react-virtualized-extension/src/components/Virtualized/accessibilityOverscanIndicesGetter.ts
FN:14,defaultOverscanIndicesGetter
FNF:1
FNH:0
FNDA:0,defaultOverscanIndicesGetter
DA:3,2
DA:4,2
DA:6,2
DA:7,2
DA:14,2
DA:15,0
DA:16,0
DA:17,0
DA:18,0
DA:19,0
DA:24,0
DA:26,0
DA:27,0
DA:32,0
LF:14
LH:5
BRDA:26,0,0,0
BRDA:26,0,1,0
BRF:2
BRH:0
end_of_record
TN:
SF:/Users/jschuler/Documents/GitHub/pf-react-fork/packages/patternfly-4/react-virtualized-extension/src/components/Virtualized/defaultCellRangeRenderer.ts
FN:10,defaultCellRangeRenderer
FN:134,warnAboutMissingStyle
FNF:2
FNH:0
FNDA:0,defaultCellRangeRenderer
FNDA:0,warnAboutMissingStyle
DA:10,2
DA:11,0
DA:12,0
DA:13,0
DA:14,0
DA:15,0
DA:16,0
DA:17,0
DA:18,0
DA:19,0
DA:20,0
DA:21,0
DA:22,0
DA:23,0
DA:24,0
DA:25,0
DA:26,0
DA:27,0
DA:29,0
DA:37,0
DA:39,0
DA:41,0
DA:42,0
DA:44,0
DA:45,0
DA:47,0
DA:51,0
DA:52,0
DA:55,0
DA:56,0
DA:60,0
DA:64,0
DA:72,0
DA:80,0
DA:84,0
DA:94,0
DA:106,0
DA:107,0
DA:108,0
DA:111,0
DA:116,0
DA:119,0
DA:120,0
DA:123,0
DA:124,0
DA:127,0
DA:131,0
DA:135,0
DA:136,0
DA:139,0
DA:140,0
DA:143,0
DA:149,0
DA:151,0
LF:54
LH:1
BRDA:37,0,0,0
BRDA:37,0,1,0
BRDA:39,1,0,0
BRDA:39,1,1,0
BRDA:47,2,0,0
BRDA:47,2,1,0
BRDA:47,2,2,0
BRDA:47,2,3,0
BRDA:55,3,0,0
BRDA:55,3,1,0
BRDA:55,4,0,0
BRDA:55,4,1,0
BRDA:60,5,0,0
BRDA:60,5,1,0
BRDA:60,6,0,0
BRDA:60,6,1,0
BRDA:106,7,0,0
BRDA:106,7,1,0
BRDA:106,8,0,0
BRDA:106,8,1,0
BRDA:106,8,2,0
BRDA:106,8,3,0
BRDA:107,9,0,0
BRDA:107,9,1,0
BRDA:119,10,0,0
BRDA:119,10,1,0
BRDA:119,11,0,0
BRDA:119,11,1,0
BRDA:123,12,0,0
BRDA:123,12,1,0
BRDA:135,13,0,0
BRDA:135,13,1,0
BRDA:136,14,0,0
BRDA:136,14,1,0
BRDA:139,15,0,0
BRDA:139,15,1,0
BRDA:139,16,0,0
BRDA:139,16,1,0
BRDA:143,17,0,0
BRDA:143,17,1,0
BRDA:144,18,0,0
BRDA:144,18,1,0
BRDA:144,18,2,0
BRDA:144,18,3,0
BRF:44
BRH:0
end_of_record
TN:
SF:/Users/jschuler/Documents/GitHub/pf-react-fork/packages/patternfly-4/react-virtualized-extension/src/components/Virtualized/defaultOverscanIndicesGetter.ts
FN:14,defaultOverscanIndicesGetter
FNF:1
FNH:0
FNDA:0,defaultOverscanIndicesGetter
DA:3,2
DA:4,2
DA:6,2
DA:7,2
DA:14,2
DA:15,0
DA:16,0
DA:17,0
DA:18,0
DA:19,0
DA:21,0
DA:22,0
DA:27,0
LF:13
LH:5
BRDA:21,0,0,0
BRDA:21,0,1,0
BRF:2
BRH:0
end_of_record
TN:
SF:/Users/jschuler/Documents/GitHub/pf-react-fork/packages/patternfly-4/react-virtualized-extension/src/components/Virtualized/utils/CellSizeAndPositionManager.ts
FN:39,(anonymous_1)
FN:51,CellSizeAndPositionManager
FN:60,(anonymous_3)
FN:64,(anonymous_4)
FN:72,(anonymous_5)
FN:76,(anonymous_6)
FN:80,(anonymous_7)
FN:84,(anonymous_8)
FN:92,(anonymous_9)
FN:119,(anonymous_10)
FN:139,(anonymous_11)
FN:155,(anonymous_12)
FN:191,(anonymous_13)
FN:209,(anonymous_14)
FN:219,(anonymous_15)
FNF:15
FNH:1
FNDA:2,(anonymous_1)
FNDA:0,CellSizeAndPositionManager
FNDA:0,(anonymous_3)
FNDA:0,(anonymous_4)
FNDA:0,(anonymous_5)
FNDA:0,(anonymous_6)
FNDA:0,(anonymous_7)
FNDA:0,(anonymous_8)
FNDA:0,(anonymous_9)
FNDA:0,(anonymous_10)
FNDA:0,(anonymous_11)
FNDA:0,(anonymous_12)
FNDA:0,(anonymous_13)
FNDA:0,(anonymous_14)
FNDA:0,(anonymous_15)
DA:3,2
DA:39,2
DA:45,0
DA:51,0
DA:52,0
DA:53,0
DA:54,0
DA:55,0
DA:56,0
DA:57,0
DA:60,2
DA:61,0
DA:64,2
DA:65,0
DA:66,0
DA:67,0
DA:68,0
DA:69,0
DA:72,2
DA:73,0
DA:76,2
DA:77,0
DA:80,2
DA:81,0
DA:84,2
DA:85,0
DA:92,2
DA:93,0
DA:94,0
DA:96,0
DA:97,0
DA:98,0
DA:100,0
DA:101,0
DA:104,0
DA:105,0
DA:106,0
DA:107,0
DA:110,0
DA:113,0
DA:119,2
DA:120,0
DA:121,0
DA:122,0
DA:127,0
DA:128,0
DA:139,2
DA:140,0
DA:141,0
DA:155,2
DA:156,0
DA:157,0
DA:158,0
DA:159,0
DA:161,0
DA:162,0
DA:165,0
DA:166,0
DA:167,0
DA:171,0
DA:173,0
DA:174,0
DA:176,0
DA:177,0
DA:179,0
DA:180,0
DA:182,0
DA:183,0
DA:186,0
DA:188,0
DA:191,2
DA:192,0
DA:193,0
DA:196,0
DA:197,0
DA:198,0
DA:209,2
DA:210,0
DA:219,2
DA:220,0
DA:221,0
DA:224,0
DA:225,0
DA:228,0
DA:230,0
DA:233,0
DA:237,0
DA:239,0
DA:240,0
DA:242,0
DA:246,0
DA:247,0
DA:248,0
DA:249,0
DA:253,0
DA:255,2
LF:96
LH:16
BRDA:93,0,0,0
BRDA:93,0,1,0
BRDA:93,1,0,0
BRDA:93,1,1,0
BRDA:97,2,0,0
BRDA:97,2,1,0
BRDA:104,3,0,0
BRDA:104,3,1,0
BRDA:104,4,0,0
BRDA:104,4,1,0
BRDA:106,5,0,0
BRDA:106,5,1,0
BRDA:121,6,0,0
BRDA:121,6,1,0
BRDA:141,7,0,0
BRDA:141,7,1,0
BRDA:156,8,0,0
BRDA:156,8,1,0
BRDA:161,9,0,0
BRDA:161,9,1,0
BRDA:172,10,0,0
BRDA:172,10,1,0
BRDA:172,10,2,0
BRDA:172,10,3,0
BRDA:192,11,0,0
BRDA:192,11,1,0
BRDA:220,12,0,0
BRDA:220,12,1,0
BRDA:239,13,0,0
BRDA:239,13,1,0
BRDA:246,14,0,0
BRDA:246,14,1,0
BRF:32
BRH:0
end_of_record
TN:
SF:/Users/jschuler/Documents/GitHub/pf-react-fork/packages/patternfly-4/react-virtualized-extension/src/components/Virtualized/utils/ScalingCellSizeAndPositionManager.ts
FN:29,(anonymous_2)
FN:33,ScalingCellSizeAndPositionManager
FN:39,(anonymous_4)
FN:43,(anonymous_5)
FN:47,(anonymous_6)
FN:51,(anonymous_7)
FN:55,(anonymous_8)
FN:63,(anonymous_9)
FN:78,(anonymous_10)
FN:82,(anonymous_11)
FN:87,(anonymous_12)
FN:92,(anonymous_13)
FN:122,(anonymous_14)
FN:137,(anonymous_15)
FN:141,(anonymous_16)
FN:153,(anonymous_17)
FN:172,(anonymous_18)
FNF:17
FNH:1
FNDA:2,(anonymous_2)
FNDA:0,ScalingCellSizeAndPositionManager
FNDA:0,(anonymous_4)
FNDA:0,(anonymous_5)
FNDA:0,(anonymous_6)
FNDA:0,(anonymous_7)
FNDA:0,(anonymous_8)
FNDA:0,(anonymous_9)
FNDA:0,(anonymous_10)
FNDA:0,(anonymous_11)
FNDA:0,(anonymous_12)
FNDA:0,(anonymous_13)
FNDA:0,(anonymous_14)
FNDA:0,(anonymous_15)
FNDA:0,(anonymous_16)
FNDA:0,(anonymous_17)
FNDA:0,(anonymous_18)
DA:5,2
DA:6,2
DA:29,2
DA:33,0
DA:35,0
DA:36,0
DA:39,2
DA:40,0
DA:43,2
DA:44,0
DA:47,2
DA:48,0
DA:51,2
DA:52,0
DA:55,2
DA:56,0
DA:63,2
DA:64,0
DA:65,0
DA:67,0
DA:68,0
DA:69,0
DA:75,0
DA:78,2
DA:79,0
DA:82,2
DA:83,0
DA:87,2
DA:88,0
DA:92,2
DA:93,0
DA:94,0
DA:95,0
DA:96,0
DA:103,0
DA:108,0
DA:115,0
DA:122,2
DA:123,0
DA:124,0
DA:126,0
DA:131,0
DA:137,2
DA:138,0
DA:141,2
DA:142,0
DA:143,0
DA:144,0
DA:150,0
DA:153,2
DA:154,0
DA:155,0
DA:157,0
DA:158,0
DA:160,0
DA:161,0
DA:163,0
DA:169,0
DA:172,2
DA:173,0
DA:174,0
DA:176,0
DA:177,0
DA:179,0
DA:180,0
DA:182,0
DA:188,0
DA:190,2
LF:68
LH:19
BRDA:33,0,0,0
BRDA:33,0,1,0
BRDA:93,1,0,0
BRDA:93,1,1,0
BRDA:150,2,0,0
BRDA:150,2,1,0
BRDA:160,3,0,0
BRDA:160,3,1,0
BRDA:179,4,0,0
BRDA:179,4,1,0
BRF:10
BRH:0
end_of_record
TN:
SF:/Users/jschuler/Documents/GitHub/pf-react-fork/packages/patternfly-4/react-virtualized-extension/src/components/Virtualized/utils/animationFrame.ts
FN:29,raf
FN:39,cT
FNF:2
FNH:0
FNDA:0,raf
FNDA:0,cT
DA:11,2
DA:12,2
DA:14,0
DA:16,0
DA:18,0
DA:23,2
DA:30,0
DA:33,2
DA:40,0
LF:9
LH:4
BRDA:11,0,0,2
BRDA:11,0,1,0
BRDA:14,1,0,0
BRDA:14,1,1,0
BRDA:24,2,0,2
BRDA:24,2,1,0
BRDA:24,2,2,0
BRDA:24,2,3,0
BRDA:24,2,4,0
BRDA:24,2,5,0
BRDA:34,3,0,2
BRDA:34,3,1,0
BRDA:34,3,2,0
BRDA:34,3,3,0
BRDA:34,3,4,0
BRDA:34,3,5,0
BRF:16
BRH:3
end_of_record
TN:
SF:/Users/jschuler/Documents/GitHub/pf-react-fork/packages/patternfly-4/react-virtualized-extension/src/components/Virtualized/utils/calculateSizeAndPositionDataAndUpdateScrollOffset.ts
FN:34,calculateSizeAndPositionDataAndUpdateScrollOffset
FNF:1
FNH:0
FNDA:0,calculateSizeAndPositionDataAndUpdateScrollOffset
DA:34,2
DA:35,0
DA:36,0
DA:37,0
DA:38,0
DA:39,0
DA:40,0
DA:41,0
DA:42,0
DA:43,0
DA:47,0
DA:51,0
DA:55,0
DA:56,0
LF:14
LH:1
BRDA:47,0,0,0
BRDA:47,0,1,0
BRDA:48,1,0,0
BRDA:48,1,1,0
BRDA:48,1,2,0
BRDA:48,1,3,0
BRDA:55,2,0,0
BRDA:55,2,1,0
BRDA:55,3,0,0
BRDA:55,3,1,0
BRF:10
BRH:0
end_of_record
TN:
SF:/Users/jschuler/Documents/GitHub/pf-react-fork/packages/patternfly-4/react-virtualized-extension/src/components/Virtualized/utils/createCallbackMemoizer.ts
FN:4,createCallbackMemoizer
FN:7,(anonymous_1)
FN:11,(anonymous_2)
FN:17,(anonymous_3)
FNF:4
FNH:0
FNDA:0,createCallbackMemoizer
FNDA:0,(anonymous_1)
FNDA:0,(anonymous_2)
FNDA:0,(anonymous_3)
DA:4,2
DA:5,0
DA:7,0
DA:8,0
DA:10,0
DA:12,0
DA:13,0
DA:16,0
DA:18,0
DA:19,0
DA:21,0
DA:24,0
DA:26,0
DA:27,0
LF:14
LH:1
BRDA:4,0,0,0
BRDA:4,0,1,0
BRDA:10,1,0,0
BRDA:10,1,1,0
BRDA:13,2,0,0
BRDA:13,2,1,0
BRDA:16,3,0,0
BRDA:16,3,1,0
BRDA:21,4,0,0
BRDA:21,4,1,0
BRDA:26,5,0,0
BRDA:26,5,1,0
BRDA:26,6,0,0
BRDA:26,6,1,0
BRF:14
BRH:0
end_of_record
TN:
SF:/Users/jschuler/Documents/GitHub/pf-react-fork/packages/patternfly-4/react-virtualized-extension/src/components/Virtualized/utils/maxElementSize.ts
FN:4,(anonymous_0)
FN:6,(anonymous_1)
FN:8,(anonymous_2)
FNF:3
FNH:0
FNDA:0,(anonymous_0)
FNDA:0,(anonymous_1)
FNDA:0,(anonymous_2)
DA:1,2
DA:2,2
DA:4,2
DA:6,2
DA:8,2
DA:9,0
DA:10,0
DA:11,0
DA:14,0
LF:9
LH:5
BRDA:6,0,0,0
BRDA:6,0,1,0
BRDA:9,1,0,0
BRDA:9,1,1,0
BRDA:10,2,0,0
BRDA:10,2,1,0
BRF:6
BRH:0
end_of_record
TN:
SF:/Users/jschuler/Documents/GitHub/pf-react-fork/packages/patternfly-4/react-virtualized-extension/src/components/Virtualized/utils/requestAnimationTimeout.ts
FN:11,(anonymous_0)
FN:19,(anonymous_1)
FN:22,(anonymous_2)
FN:26,(anonymous_3)
FNF:4
FNH:0
FNDA:0,(anonymous_0)
FNDA:0,(anonymous_1)
FNDA:0,(anonymous_2)
FNDA:0,(anonymous_3)
DA:9,2
DA:11,2
DA:19,2
DA:22,0
DA:23,0
DA:26,0
DA:27,0
DA:28,0
DA:30,0
DA:34,0
DA:38,0
LF:11
LH:3
BRDA:27,0,0,0
BRDA:27,0,1,0
BRF:2
BRH:0
end_of_record
TN:
SF:/Users/jschuler/Documents/GitHub/pf-react-fork/packages/patternfly-4/react-virtualized-extension/src/components/Virtualized/utils/updateScrollIndexHelper.ts
FN:48,updateScrollIndexHelper
FNF:1
FNH:0
FNDA:0,updateScrollIndexHelper
DA:48,2
DA:49,0
DA:50,0
DA:51,0
DA:52,0
DA:53,0
DA:54,0
DA:55,0
DA:56,0
DA:57,0
DA:58,0
DA:59,0
DA:60,0
DA:61,0
DA:63,0
DA:64,0
DA:66,0
DA:73,0
DA:77,0
DA:81,0
DA:86,0
DA:87,0
LF:22
LH:1
BRDA:64,0,0,0
BRDA:64,0,1,0
BRDA:66,1,0,0
BRDA:66,1,1,0
BRDA:66,1,2,0
BRDA:66,1,3,0
BRDA:66,1,4,0
BRDA:73,2,0,0
BRDA:73,2,1,0
BRDA:74,3,0,0
BRDA:74,3,1,0
BRDA:74,3,2,0
BRDA:74,3,3,0
BRDA:81,4,0,0
BRDA:81,4,1,0
BRDA:81,5,0,0
BRDA:81,5,1,0
BRDA:81,5,2,0
BRDA:81,5,3,0
BRDA:86,6,0,0
BRDA:86,6,1,0
BRF:21
BRH:0
end_of_record
