TN:
SF:/Users/jschuler/Documents/GitHub/pf-react-fork/packages/patternfly-4/react-core/src/components/AboutModal/AboutModal.tsx
FN:38,(anonymous_11)
FN:55,AboutModal
FN:67,(anonymous_13)
FN:73,(anonymous_14)
FN:84,(anonymous_15)
FN:91,(anonymous_16)
FN:105,(anonymous_17)
FN:116,(anonymous_18)
FN:125,(anonymous_19)
FN:47,(anonymous_20)
FNF:10
FNH:8
FNDA:1,(anonymous_11)
FNDA:6,AboutModal
FNDA:2,(anonymous_13)
FNDA:4,(anonymous_14)
FNDA:12,(anonymous_15)
FNDA:4,(anonymous_16)
FNDA:4,(anonymous_17)
FNDA:0,(anonymous_18)
FNDA:8,(anonymous_19)
FNDA:0,(anonymous_20)
DA:1,1
DA:2,1
DA:3,1
DA:4,1
DA:5,1
DA:6,1
DA:7,1
DA:38,1
DA:39,1
DA:40,6
DA:41,6
DA:42,6
DA:44,1
DA:47,0
DA:56,6
DA:58,6
DA:61,6
DA:63,1
DA:67,6
DA:68,2
DA:69,1
DA:73,6
DA:74,4
DA:75,4
DA:76,4
DA:77,6
DA:78,6
DA:79,6
DA:84,6
DA:85,12
DA:86,0
DA:88,12
DA:91,1
DA:92,4
DA:93,4
DA:94,4
DA:95,4
DA:96,4
DA:98,4
DA:99,1
DA:101,3
DA:105,1
DA:106,4
DA:107,4
DA:108,1
DA:109,1
DA:111,3
DA:112,3
DA:116,1
DA:117,0
DA:118,0
DA:119,0
DA:121,0
DA:122,0
DA:125,1
DA:126,8
DA:127,8
DA:129,8
DA:130,4
DA:133,4
DA:142,1
LF:61
LH:54
BRDA:56,0,0,6
BRDA:56,0,1,6
BRDA:68,1,0,1
BRDA:68,1,1,1
BRDA:68,2,0,2
BRDA:68,2,1,2
BRDA:78,3,0,6
BRDA:78,3,1,0
BRDA:79,4,0,1
BRDA:79,4,1,5
BRDA:85,5,0,0
BRDA:85,5,1,12
BRDA:88,6,0,12
BRDA:88,6,1,12
BRDA:61,7,0,1
BRDA:61,7,1,5
BRDA:61,8,0,6
BRDA:61,8,1,6
BRDA:98,9,0,1
BRDA:98,9,1,3
BRDA:107,10,0,1
BRDA:107,10,1,3
BRDA:118,11,0,0
BRDA:118,11,1,0
BRDA:129,12,0,4
BRDA:129,12,1,4
BRDA:129,13,0,8
BRDA:129,13,1,8
BRF:28
BRH:24
end_of_record
TN:
SF:/Users/jschuler/Documents/GitHub/pf-react-fork/packages/patternfly-4/react-core/src/components/AboutModal/AboutModalBox.tsx
FN:12,(anonymous_5)
FNF:1
FNH:1
FNDA:1,(anonymous_5)
DA:1,3
DA:2,3
DA:3,3
DA:12,3
DA:13,1
DA:14,2
DA:15,1
DA:16,1
LF:8
LH:8
BRDA:14,0,0,1
BRDA:14,0,1,0
BRF:2
BRH:1
end_of_record
TN:
SF:/Users/jschuler/Documents/GitHub/pf-react-fork/packages/patternfly-4/react-core/src/components/AboutModal/AboutModalBoxBrand.tsx
FN:14,(anonymous_5)
FNF:1
FNH:1
FNDA:1,(anonymous_5)
DA:1,3
DA:2,3
DA:3,3
DA:14,3
DA:15,2
DA:16,2
DA:17,1
DA:18,1
DA:19,1
LF:9
LH:9
BRDA:15,0,0,1
BRDA:15,0,1,0
BRDA:16,1,0,0
BRDA:16,1,1,1
BRF:4
BRH:2
end_of_record
TN:
SF:/Users/jschuler/Documents/GitHub/pf-react-fork/packages/patternfly-4/react-core/src/components/AboutModal/AboutModalBoxCloseButton.tsx
FN:14,(anonymous_5)
FN:16,(anonymous_6)
FNF:2
FNH:1
FNDA:2,(anonymous_5)
FNDA:0,(anonymous_6)
DA:1,3
DA:2,3
DA:3,3
DA:4,3
DA:5,3
DA:14,3
DA:15,4
DA:16,4
DA:17,2
DA:18,2
LF:10
LH:10
BRDA:15,0,0,2
BRDA:15,0,1,0
BRDA:16,1,0,1
BRDA:16,1,1,1
BRF:4
BRH:3
end_of_record
TN:
SF:/Users/jschuler/Documents/GitHub/pf-react-fork/packages/patternfly-4/react-core/src/components/AboutModal/AboutModalBoxContent.tsx
FN:19,(anonymous_5)
FNF:1
FNH:1
FNDA:1,(anonymous_5)
DA:1,3
DA:2,3
DA:3,3
DA:4,3
DA:19,3
DA:20,1
DA:21,2
DA:22,1
DA:23,1
DA:24,2
DA:25,1
DA:26,1
LF:12
LH:12
BRDA:21,0,0,1
BRDA:21,0,1,0
BRDA:24,1,0,1
BRDA:24,1,1,0
BRDA:29,2,0,0
BRDA:29,2,1,1
BRF:6
BRH:3
end_of_record
TN:
SF:/Users/jschuler/Documents/GitHub/pf-react-fork/packages/patternfly-4/react-core/src/components/AboutModal/AboutModalBoxHeader.tsx
FN:15,(anonymous_5)
FNF:1
FNH:1
FNDA:1,(anonymous_5)
DA:1,3
DA:2,3
DA:3,3
DA:4,3
DA:15,3
DA:16,2
DA:17,2
DA:18,1
DA:19,1
DA:20,1
LF:10
LH:10
BRDA:16,0,0,1
BRDA:16,0,1,0
BRDA:17,1,0,0
BRDA:17,1,1,1
BRF:4
BRH:2
end_of_record
TN:
SF:/Users/jschuler/Documents/GitHub/pf-react-fork/packages/patternfly-4/react-core/src/components/AboutModal/AboutModalBoxHero.tsx
FN:13,(anonymous_5)
FNF:1
FNH:1
FNDA:1,(anonymous_5)
DA:1,3
DA:2,3
DA:3,3
DA:4,3
DA:13,3
DA:14,1
DA:15,1
DA:16,1
DA:17,1
LF:9
LH:9
BRDA:21,0,0,1
BRDA:21,0,1,0
BRF:2
BRH:1
end_of_record
TN:
SF:/Users/jschuler/Documents/GitHub/pf-react-fork/packages/patternfly-4/react-core/src/components/AboutModal/AboutModalContainer.tsx
FN:42,(anonymous_5)
FN:46,(anonymous_6)
FNF:2
FNH:1
FNDA:3,(anonymous_5)
FNDA:0,(anonymous_6)
DA:1,2
DA:4,2
DA:6,2
DA:7,2
DA:9,2
DA:10,2
DA:11,2
DA:12,2
DA:13,2
DA:14,2
DA:15,2
DA:42,2
DA:43,3
DA:44,6
DA:45,6
DA:46,6
DA:47,6
DA:48,3
DA:49,3
DA:50,3
DA:51,3
DA:52,3
DA:53,3
DA:54,3
DA:56,3
DA:57,2
DA:59,1
LF:27
LH:27
BRDA:44,0,0,3
BRDA:44,0,1,0
BRDA:45,1,0,2
BRDA:45,1,1,1
BRDA:46,2,0,2
BRDA:46,2,1,1
BRDA:47,3,0,0
BRDA:47,3,1,3
BRDA:56,4,0,2
BRDA:56,4,1,1
BRDA:65,5,0,1
BRDA:65,5,1,1
BRF:12
BRH:10
end_of_record
TN:
SF:/Users/jschuler/Documents/GitHub/pf-react-fork/packages/patternfly-4/react-core/src/components/Accordion/Accordion.tsx
FN:21,(anonymous_5)
FNF:1
FNH:1
FNDA:5,(anonymous_5)
DA:1,1
DA:2,1
DA:3,1
DA:4,1
DA:21,1
DA:22,10
DA:23,10
DA:24,10
DA:25,10
DA:26,10
DA:27,10
DA:28,5
DA:30,5
DA:31,5
LF:14
LH:14
BRDA:22,0,0,1
BRDA:22,0,1,4
BRDA:23,1,0,5
BRDA:23,1,1,0
BRDA:24,2,0,4
BRDA:24,2,1,1
BRDA:25,3,0,3
BRDA:25,3,1,2
BRDA:26,4,0,2
BRDA:26,4,1,3
BRDA:27,5,0,5
BRDA:27,5,1,0
BRDA:30,6,0,4
BRDA:30,6,1,1
BRDA:33,7,0,5
BRDA:33,7,1,0
BRDA:39,8,0,4
BRDA:39,8,1,1
BRDA:40,9,0,4
BRDA:40,9,1,1
BRF:20
BRH:17
end_of_record
TN:
SF:/Users/jschuler/Documents/GitHub/pf-react-fork/packages/patternfly-4/react-core/src/components/Accordion/AccordionContent.tsx
FN:23,(anonymous_5)
FN:34,(anonymous_6)
FNF:2
FNH:2
FNDA:2,(anonymous_5)
FNDA:2,(anonymous_6)
DA:1,1
DA:2,1
DA:3,1
DA:4,1
DA:23,1
DA:24,4
DA:25,4
DA:26,4
DA:27,4
DA:28,4
DA:29,4
DA:30,2
DA:31,2
DA:32,2
DA:34,2
DA:35,2
DA:36,2
LF:17
LH:17
BRDA:24,0,0,2
BRDA:24,0,1,0
BRDA:25,1,0,0
BRDA:25,1,1,2
BRDA:26,2,0,2
BRDA:26,2,1,0
BRDA:27,3,0,2
BRDA:27,3,1,0
BRDA:28,4,0,2
BRDA:28,4,1,0
BRDA:29,5,0,2
BRDA:29,5,1,0
BRDA:35,6,0,2
BRDA:35,6,1,1
BRDA:41,7,0,2
BRDA:41,7,1,0
BRDA:42,8,0,2
BRDA:42,8,1,2
BRF:18
BRH:11
end_of_record
TN:
SF:/Users/jschuler/Documents/GitHub/pf-react-fork/packages/patternfly-4/react-core/src/components/Accordion/AccordionContext.ts
FNF:0
FNH:0
DA:1,1
DA:8,1
LF:2
LH:2
BRF:0
BRH:0
end_of_record
TN:
SF:/Users/jschuler/Documents/GitHub/pf-react-fork/packages/patternfly-4/react-core/src/components/Accordion/AccordionItem.tsx
FN:8,(anonymous_1)
FNF:1
FNH:1
FNDA:2,(anonymous_1)
DA:1,1
DA:8,4
LF:2
LH:2
BRDA:8,0,0,0
BRDA:8,0,1,2
BRF:2
BRH:1
end_of_record
TN:
SF:/Users/jschuler/Documents/GitHub/pf-react-fork/packages/patternfly-4/react-core/src/components/Accordion/AccordionToggle.tsx
FN:21,(anonymous_5)
FN:30,(anonymous_6)
FNF:2
FNH:2
FNDA:4,(anonymous_5)
FNDA:4,(anonymous_6)
DA:1,1
DA:2,1
DA:3,1
DA:4,1
DA:6,1
DA:21,1
DA:22,8
DA:23,4
DA:24,8
DA:25,8
DA:26,4
DA:27,4
DA:28,4
DA:30,4
DA:31,4
DA:32,4
LF:16
LH:16
BRDA:22,0,0,4
BRDA:22,0,1,0
BRDA:24,1,0,3
BRDA:24,1,1,1
BRDA:25,2,0,2
BRDA:25,2,1,2
BRDA:31,3,0,4
BRDA:31,3,1,3
BRDA:36,4,0,4
BRDA:36,4,1,1
BRF:10
BRH:9
end_of_record
TN:
SF:/Users/jschuler/Documents/GitHub/pf-react-fork/packages/patternfly-4/react-core/src/components/Alert/Alert.tsx
FN:10,(anonymous_5)
FN:37,(anonymous_6)
FNF:2
FNH:2
FNDA:1,(anonymous_5)
FNDA:36,(anonymous_6)
DA:1,1
DA:2,1
DA:3,1
DA:4,1
DA:5,1
DA:6,1
DA:8,1
DA:10,1
DA:11,1
DA:12,1
DA:13,1
DA:14,1
DA:15,1
DA:37,1
DA:38,72
DA:39,72
DA:40,72
DA:41,72
DA:42,72
DA:43,36
DA:44,72
DA:45,72
DA:46,72
DA:47,72
DA:48,36
DA:51,36
DA:57,36
DA:64,36
DA:84,1
DA:85,1
LF:30
LH:30
BRDA:10,0,0,1
BRDA:10,0,1,1
BRDA:38,1,0,1
BRDA:38,1,1,35
BRDA:39,2,0,31
BRDA:39,2,1,5
BRDA:40,3,0,36
BRDA:40,3,1,0
BRDA:41,4,0,31
BRDA:41,4,1,5
BRDA:42,5,0,16
BRDA:42,5,1,20
BRDA:44,6,0,0
BRDA:44,6,1,36
BRDA:45,7,0,36
BRDA:45,7,1,0
BRDA:46,8,0,0
BRDA:46,8,1,36
BRDA:47,9,0,36
BRDA:47,9,1,0
BRDA:59,10,0,36
BRDA:59,10,1,5
BRDA:60,11,0,36
BRDA:60,11,1,29
BRDA:69,12,0,36
BRDA:69,12,1,0
BRDA:71,13,0,0
BRDA:71,13,1,0
BRDA:76,14,0,36
BRDA:76,14,1,36
BRDA:77,15,0,36
BRDA:77,15,1,20
BRF:32
BRH:24
end_of_record
TN:
SF:/Users/jschuler/Documents/GitHub/pf-react-fork/packages/patternfly-4/react-core/src/components/Alert/AlertActionCloseButton.tsx
FN:16,(anonymous_4)
FN:18,(anonymous_5)
FNF:2
FNH:1
FNDA:5,(anonymous_4)
FNDA:0,(anonymous_5)
DA:1,1
DA:2,1
DA:3,1
DA:16,1
DA:17,10
DA:18,10
DA:19,10
DA:20,5
DA:21,10
DA:22,5
DA:23,5
LF:11
LH:11
BRDA:17,0,0,5
BRDA:17,0,1,0
BRDA:18,1,0,0
BRDA:18,1,1,5
BRDA:19,2,0,0
BRDA:19,2,1,5
BRDA:21,3,0,0
BRDA:21,3,1,5
BRDA:27,4,0,0
BRDA:27,4,1,5
BRF:10
BRH:5
end_of_record
TN:
SF:/Users/jschuler/Documents/GitHub/pf-react-fork/packages/patternfly-4/react-core/src/components/Alert/AlertActionLink.tsx
FN:11,(anonymous_4)
FNF:1
FNH:1
FNDA:15,(anonymous_4)
DA:1,1
DA:2,1
DA:11,1
DA:12,30
DA:13,30
DA:14,15
DA:15,15
LF:7
LH:7
BRDA:12,0,0,15
BRDA:12,0,1,0
BRDA:13,1,0,0
BRDA:13,1,1,15
BRF:4
BRH:2
end_of_record
TN:
SF:/Users/jschuler/Documents/GitHub/pf-react-fork/packages/patternfly-4/react-core/src/components/Alert/AlertIcon.tsx
FN:27,(anonymous_5)
FNF:1
FNH:1
FNDA:36,(anonymous_5)
DA:1,1
DA:2,1
DA:3,1
DA:4,1
DA:12,1
DA:27,72
DA:28,36
DA:29,36
LF:8
LH:8
BRDA:27,0,0,36
BRDA:27,0,1,0
BRF:2
BRH:1
end_of_record
TN:
SF:/Users/jschuler/Documents/GitHub/pf-react-fork/packages/patternfly-4/react-core/src/components/ApplicationLauncher/ApplicationLauncher.tsx
FN:60,(anonymous_11)
FN:62,(anonymous_12)
FN:82,(anonymous_14)
FN:93,(anonymous_15)
FN:102,(anonymous_16)
FN:106,(anonymous_17)
FN:108,(anonymous_18)
FN:109,(anonymous_19)
FN:114,(anonymous_20)
FN:115,(anonymous_21)
FN:118,(anonymous_22)
FN:121,(anonymous_23)
FN:123,(anonymous_24)
FN:126,(anonymous_25)
FN:132,(anonymous_26)
FN:134,(anonymous_27)
FN:139,(anonymous_28)
FN:72,(anonymous_29)
FN:73,(anonymous_30)
FNF:19
FNH:2
FNDA:0,(anonymous_11)
FNDA:7,(anonymous_12)
FNDA:0,(anonymous_14)
FNDA:0,(anonymous_15)
FNDA:0,(anonymous_16)
FNDA:0,(anonymous_17)
FNDA:0,(anonymous_18)
FNDA:0,(anonymous_19)
FNDA:0,(anonymous_20)
FNDA:0,(anonymous_21)
FNDA:0,(anonymous_22)
FNDA:0,(anonymous_23)
FNDA:0,(anonymous_24)
FNDA:0,(anonymous_25)
FNDA:0,(anonymous_26)
FNDA:0,(anonymous_27)
FNDA:6,(anonymous_28)
FNDA:0,(anonymous_29)
FNDA:0,(anonymous_30)
DA:1,1
DA:2,1
DA:3,1
DA:4,1
DA:5,1
DA:6,1
DA:7,1
DA:8,1
DA:9,1
DA:10,1
DA:60,1
DA:62,6
DA:63,1
DA:72,0
DA:73,0
DA:82,6
DA:83,0
DA:85,0
DA:93,0
DA:102,6
DA:103,0
DA:104,0
DA:105,0
DA:106,0
DA:107,0
DA:108,0
DA:109,0
DA:111,0
DA:113,0
DA:114,0
DA:115,0
DA:118,6
DA:119,0
DA:120,0
DA:121,0
DA:122,0
DA:124,0
DA:125,0
DA:126,0
DA:132,0
DA:133,0
DA:134,0
DA:139,1
DA:140,6
DA:141,6
DA:142,6
DA:143,6
DA:144,6
DA:145,6
DA:146,6
DA:147,6
DA:148,6
DA:149,6
DA:150,6
DA:151,6
DA:152,6
DA:153,6
DA:154,6
DA:155,6
DA:156,6
DA:157,6
DA:158,6
DA:159,6
DA:160,6
DA:162,6
DA:164,6
DA:165,0
DA:166,0
DA:167,0
DA:168,0
DA:169,0
DA:176,0
DA:177,0
DA:179,6
DA:181,6
DA:182,0
DA:188,6
DA:189,0
DA:192,6
DA:234,1
LF:80
LH:45
BRDA:62,0,0,6
BRDA:62,0,1,6
BRDA:62,0,2,6
BRDA:104,1,0,0
BRDA:104,1,1,0
BRDA:120,2,0,0
BRDA:120,2,1,0
BRDA:124,3,0,0
BRDA:124,3,1,0
BRDA:164,4,0,0
BRDA:164,4,1,6
BRDA:167,5,0,0
BRDA:167,5,1,0
BRDA:176,6,0,0
BRDA:176,6,1,0
BRDA:181,7,0,0
BRDA:181,7,1,6
BRDA:181,8,0,6
BRDA:181,8,1,6
BRDA:188,9,0,0
BRDA:188,9,1,6
BRDA:212,10,0,0
BRDA:212,10,1,6
BRF:23
BRH:9
end_of_record
TN:
SF:/Users/jschuler/Documents/GitHub/pf-react-fork/packages/patternfly-4/react-core/src/components/ApplicationLauncher/ApplicationLauncherContent.tsx
FN:15,(anonymous_2)
FN:19,(anonymous_3)
FNF:2
FNH:0
FNDA:0,(anonymous_2)
FNDA:0,(anonymous_3)
DA:1,1
DA:2,1
DA:3,1
DA:4,1
DA:5,1
DA:6,1
DA:7,1
DA:8,1
DA:15,1
DA:16,0
DA:17,0
DA:19,0
LF:12
LH:9
BRDA:21,0,0,0
BRDA:21,0,1,0
BRDA:22,1,0,0
BRDA:22,1,1,0
BRDA:23,2,0,0
BRDA:23,2,1,0
BRF:6
BRH:0
end_of_record
TN:
SF:/Users/jschuler/Documents/GitHub/pf-react-fork/packages/patternfly-4/react-core/src/components/ApplicationLauncher/ApplicationLauncherGroup.tsx
FN:4,(anonymous_4)
FNF:1
FNH:0
FNDA:0,(anonymous_4)
DA:1,1
DA:2,1
DA:4,1
DA:5,0
DA:6,0
DA:7,0
LF:6
LH:3
BRF:0
BRH:0
end_of_record
TN:
SF:/Users/jschuler/Documents/GitHub/pf-react-fork/packages/patternfly-4/react-core/src/components/ApplicationLauncher/ApplicationLauncherIcon.tsx
FN:12,(anonymous_5)
FNF:1
FNH:0
FNDA:0,(anonymous_5)
DA:1,1
DA:2,1
DA:3,1
DA:12,1
DA:13,0
DA:14,0
DA:15,0
DA:16,0
LF:8
LH:4
BRDA:13,0,0,0
BRDA:13,0,1,0
BRF:2
BRH:0
end_of_record
TN:
SF:/Users/jschuler/Documents/GitHub/pf-react-fork/packages/patternfly-4/react-core/src/components/ApplicationLauncher/ApplicationLauncherItem.tsx
FN:43,(anonymous_5)
FN:62,(anonymous_6)
FN:82,(anonymous_7)
FNF:3
FNH:0
FNDA:0,(anonymous_5)
FNDA:0,(anonymous_6)
FNDA:0,(anonymous_7)
DA:1,1
DA:2,1
DA:3,1
DA:4,1
DA:5,1
DA:6,1
DA:7,1
DA:9,1
DA:43,1
DA:44,0
DA:45,0
DA:46,0
DA:47,0
DA:48,0
DA:49,0
DA:50,0
DA:51,0
DA:52,0
DA:53,0
DA:54,0
DA:55,0
DA:56,0
DA:57,0
DA:58,0
DA:59,0
DA:62,0
DA:83,0
LF:27
LH:9
BRDA:44,0,0,0
BRDA:44,0,1,0
BRDA:47,1,0,0
BRDA:47,1,1,0
BRDA:48,2,0,0
BRDA:48,2,1,0
BRDA:50,3,0,0
BRDA:50,3,1,0
BRDA:51,4,0,0
BRDA:51,4,1,0
BRDA:52,5,0,0
BRDA:52,5,1,0
BRDA:53,6,0,0
BRDA:53,6,1,0
BRDA:54,7,0,0
BRDA:54,7,1,0
BRDA:55,8,0,0
BRDA:55,8,1,0
BRDA:57,9,0,0
BRDA:57,9,1,0
BRDA:66,10,0,0
BRDA:66,10,1,0
BRDA:68,11,0,0
BRDA:68,11,1,0
BRDA:69,12,0,0
BRDA:69,12,1,0
BRDA:72,13,0,0
BRDA:72,13,1,0
BRDA:72,14,0,0
BRDA:72,14,1,0
BRDA:75,15,0,0
BRDA:75,15,1,0
BRDA:76,16,0,0
BRDA:76,16,1,0
BRDA:77,17,0,0
BRDA:77,17,1,0
BRDA:81,18,0,0
BRDA:81,18,1,0
BRDA:92,19,0,0
BRDA:92,19,1,0
BRF:40
BRH:0
end_of_record
TN:
SF:/Users/jschuler/Documents/GitHub/pf-react-fork/packages/patternfly-4/react-core/src/components/ApplicationLauncher/ApplicationLauncherSeparator.tsx
FN:4,(anonymous_4)
FNF:1
FNH:0
FNDA:0,(anonymous_4)
DA:1,1
DA:2,1
DA:4,1
DA:5,0
DA:6,0
DA:7,0
LF:6
LH:3
BRF:0
BRH:0
end_of_record
TN:
SF:/Users/jschuler/Documents/GitHub/pf-react-fork/packages/patternfly-4/react-core/src/components/ApplicationLauncher/ApplicationLauncherText.tsx
FN:11,(anonymous_4)
FNF:1
FNH:0
FNDA:0,(anonymous_4)
DA:1,1
DA:2,1
DA:11,1
DA:12,0
DA:13,0
DA:14,0
DA:15,0
LF:7
LH:3
BRDA:12,0,0,0
BRDA:12,0,1,0
BRF:2
BRH:0
end_of_record
TN:
SF:/Users/jschuler/Documents/GitHub/pf-react-fork/packages/patternfly-4/react-core/src/components/Avatar/Avatar.tsx
FN:15,(anonymous_5)
FNF:1
FNH:1
FNDA:1,(anonymous_5)
DA:1,1
DA:2,1
DA:3,1
DA:15,2
LF:4
LH:4
BRDA:15,0,0,1
BRDA:15,0,1,0
BRDA:15,1,0,1
BRDA:15,1,1,0
BRF:4
BRH:2
end_of_record
TN:
SF:/Users/jschuler/Documents/GitHub/pf-react-fork/packages/patternfly-4/react-core/src/components/Backdrop/Backdrop.tsx
FN:12,(anonymous_5)
FNF:1
FNH:1
FNDA:5,(anonymous_5)
DA:1,6
DA:2,6
DA:3,6
DA:12,6
DA:13,10
DA:14,10
DA:15,5
DA:16,5
LF:8
LH:8
BRDA:13,0,0,0
BRDA:13,0,1,5
BRDA:14,1,0,5
BRDA:14,1,1,0
BRF:4
BRH:2
end_of_record
TN:
SF:/Users/jschuler/Documents/GitHub/pf-react-fork/packages/patternfly-4/react-core/src/components/Backdrop/index.ts
FNF:0
FNH:0
DA:1,1
LF:1
LH:1
BRF:0
BRH:0
end_of_record
TN:
SF:/Users/jschuler/Documents/GitHub/pf-react-fork/packages/patternfly-4/react-core/src/components/BackgroundImage/BackgroundImage.tsx
FN:16,(anonymous_5)
FN:49,(anonymous_6)
FN:69,(anonymous_7)
FNF:3
FNH:3
FNDA:2,(anonymous_5)
FNDA:3,(anonymous_6)
FNDA:15,(anonymous_7)
DA:1,2
DA:4,2
DA:5,2
DA:8,2
DA:16,2
DA:17,2
DA:18,2
DA:19,2
DA:20,2
DA:21,2
DA:22,2
DA:25,2
DA:49,2
DA:50,6
DA:51,3
DA:52,3
DA:54,3
DA:56,3
DA:57,1
DA:68,3
DA:69,3
DA:70,15
DA:74,3
DA:80,3
LF:24
LH:24
BRDA:16,0,0,2
BRDA:16,0,1,2
BRDA:26,1,0,2
BRDA:26,1,1,2
BRDA:27,2,0,2
BRDA:27,2,1,2
BRDA:28,3,0,2
BRDA:28,3,1,2
BRDA:29,4,0,2
BRDA:29,4,1,2
BRDA:30,5,0,2
BRDA:30,5,1,2
BRDA:50,6,0,3
BRDA:50,6,1,0
BRDA:56,7,0,1
BRDA:56,7,1,2
BRF:16
BRH:15
end_of_record
TN:
SF:/Users/jschuler/Documents/GitHub/pf-react-fork/packages/patternfly-4/react-core/src/components/BackgroundImage/index.ts
FNF:0
FNH:0
DA:1,1
LF:1
LH:1
BRF:0
BRH:0
end_of_record
TN:
SF:/Users/jschuler/Documents/GitHub/pf-react-fork/packages/patternfly-4/react-core/src/components/Badge/Badge.tsx
FN:14,(anonymous_5)
FNF:1
FNH:1
FNDA:2,(anonymous_5)
DA:1,1
DA:2,1
DA:3,1
DA:14,1
DA:15,4
DA:16,4
DA:17,4
DA:18,2
DA:19,2
LF:9
LH:9
BRDA:15,0,0,0
BRDA:15,0,1,2
BRDA:16,1,0,2
BRDA:16,1,1,0
BRDA:17,2,0,0
BRDA:17,2,1,2
BRDA:22,3,0,1
BRDA:22,3,1,1
BRF:8
BRH:5
end_of_record
TN:
SF:/Users/jschuler/Documents/GitHub/pf-react-fork/packages/patternfly-4/react-core/src/components/Brand/Brand.tsx
FN:14,(anonymous_4)
FNF:1
FNH:1
FNDA:1,(anonymous_4)
DA:1,2
DA:2,2
DA:14,2
LF:3
LH:3
BRDA:14,0,0,1
BRDA:14,0,1,0
BRDA:14,1,0,1
BRDA:14,1,1,0
BRF:4
BRH:2
end_of_record
TN:
SF:/Users/jschuler/Documents/GitHub/pf-react-fork/packages/patternfly-4/react-core/src/components/Brand/index.ts
FNF:0
FNH:0
DA:1,1
LF:1
LH:1
BRF:0
BRH:0
end_of_record
TN:
SF:/Users/jschuler/Documents/GitHub/pf-react-fork/packages/patternfly-4/react-core/src/components/Breadcrumb/Breadcrumb.tsx
FN:15,(anonymous_5)
FNF:1
FNH:1
FNDA:6,(anonymous_5)
DA:1,2
DA:2,2
DA:3,2
DA:4,2
DA:15,2
DA:16,12
DA:17,12
DA:18,12
DA:19,12
DA:20,12
DA:21,6
DA:22,6
DA:36,2
DA:37,2
LF:14
LH:14
BRDA:16,0,0,3
BRDA:16,0,1,3
BRDA:17,1,0,5
BRDA:17,1,1,1
BRDA:18,2,0,5
BRDA:18,2,1,1
BRDA:19,3,0,0
BRDA:19,3,1,6
BRDA:20,4,0,6
BRDA:20,4,1,0
BRDA:27,5,0,6
BRDA:27,5,1,0
BRDA:29,6,0,0
BRDA:29,6,1,0
BRF:14
BRH:9
end_of_record
TN:
SF:/Users/jschuler/Documents/GitHub/pf-react-fork/packages/patternfly-4/react-core/src/components/Breadcrumb/BreadcrumbHeading.tsx
FN:18,(anonymous_5)
FNF:1
FNH:1
FNDA:5,(anonymous_5)
DA:1,2
DA:2,2
DA:3,2
DA:18,2
DA:19,10
DA:20,10
DA:21,10
DA:22,10
DA:23,10
DA:24,5
DA:26,5
DA:27,5
LF:12
LH:12
BRDA:19,0,0,0
BRDA:19,0,1,5
BRDA:20,1,0,4
BRDA:20,1,1,1
BRDA:21,2,0,3
BRDA:21,2,1,2
BRDA:22,3,0,4
BRDA:22,3,1,1
BRDA:23,4,0,5
BRDA:23,4,1,0
BRDA:30,5,0,5
BRDA:30,5,1,2
BRDA:40,6,0,5
BRDA:40,6,1,3
BRF:14
BRH:12
end_of_record
TN:
SF:/Users/jschuler/Documents/GitHub/pf-react-fork/packages/patternfly-4/react-core/src/components/Breadcrumb/BreadcrumbItem.tsx
FN:21,(anonymous_5)
FNF:1
FNH:1
FNDA:17,(anonymous_5)
DA:1,3
DA:2,3
DA:3,3
DA:4,3
DA:21,3
DA:22,34
DA:23,34
DA:24,34
DA:25,34
DA:26,34
DA:27,34
DA:28,17
DA:30,17
DA:31,17
LF:14
LH:14
BRDA:22,0,0,0
BRDA:22,0,1,17
BRDA:23,1,0,16
BRDA:23,1,1,1
BRDA:24,2,0,8
BRDA:24,2,1,9
BRDA:25,3,0,14
BRDA:25,3,1,3
BRDA:26,4,0,16
BRDA:26,4,1,1
BRDA:27,5,0,17
BRDA:27,5,1,0
BRDA:33,6,0,17
BRDA:33,6,1,9
BRDA:37,7,0,2
BRDA:37,7,1,7
BRDA:38,8,0,2
BRDA:38,8,1,7
BRDA:43,9,0,17
BRDA:43,9,1,8
BRDA:44,10,0,17
BRDA:44,10,1,14
BRF:22
BRH:20
end_of_record
TN:
SF:/Users/jschuler/Documents/GitHub/pf-react-fork/packages/patternfly-4/react-core/src/components/Breadcrumb/index.ts
FNF:0
FNH:0
DA:1,1
DA:2,1
DA:3,1
LF:3
LH:3
BRF:0
BRH:0
end_of_record
TN:
SF:/Users/jschuler/Documents/GitHub/pf-react-fork/packages/patternfly-4/react-core/src/components/Button/Button.tsx
FN:6,(anonymous_5)
FN:16,(anonymous_6)
FN:53,(anonymous_7)
FNF:3
FNH:3
FNDA:22,(anonymous_5)
FNDA:22,(anonymous_6)
FNDA:262,(anonymous_7)
DA:1,22
DA:2,22
DA:3,22
DA:4,22
DA:6,22
DA:7,22
DA:8,22
DA:9,22
DA:10,22
DA:11,22
DA:12,22
DA:13,22
DA:16,22
DA:17,22
DA:18,22
DA:19,22
DA:53,22
DA:54,524
DA:55,524
DA:56,524
DA:57,524
DA:58,524
DA:59,524
DA:60,524
DA:61,524
DA:62,524
DA:63,524
DA:64,524
DA:65,524
DA:66,524
DA:67,524
DA:68,524
DA:69,524
DA:70,262
DA:72,262
DA:73,262
DA:74,262
DA:104,22
DA:105,22
LF:39
LH:39
BRDA:6,0,0,22
BRDA:6,0,1,22
BRDA:16,1,0,22
BRDA:16,1,1,22
BRDA:54,2,0,3
BRDA:54,2,1,259
BRDA:55,3,0,217
BRDA:55,3,1,45
BRDA:56,4,0,259
BRDA:56,4,1,3
BRDA:57,5,0,262
BRDA:57,5,1,0
BRDA:58,6,0,261
BRDA:58,6,1,1
BRDA:59,7,0,68
BRDA:59,7,1,194
BRDA:60,8,0,261
BRDA:60,8,1,1
BRDA:61,9,0,261
BRDA:61,9,1,1
BRDA:62,10,0,261
BRDA:62,10,1,1
BRDA:63,11,0,260
BRDA:63,11,1,2
BRDA:64,12,0,9
BRDA:64,12,1,253
BRDA:65,13,0,31
BRDA:65,13,1,231
BRDA:66,14,0,261
BRDA:66,14,1,1
BRDA:67,15,0,0
BRDA:67,15,1,262
BRDA:68,16,0,262
BRDA:68,16,1,0
BRDA:69,17,0,261
BRDA:69,17,1,1
BRDA:77,18,0,259
BRDA:77,18,1,3
BRDA:82,19,0,262
BRDA:82,19,1,1
BRDA:83,20,0,262
BRDA:83,20,1,83
BRDA:83,20,2,1
BRDA:84,21,0,262
BRDA:84,21,1,0
BRDA:85,22,0,262
BRDA:85,22,1,1
BRDA:86,23,0,262
BRDA:86,23,1,1
BRDA:87,24,0,262
BRDA:87,24,1,1
BRDA:87,24,2,1
BRDA:90,25,0,259
BRDA:90,25,1,3
BRDA:91,26,0,1
BRDA:91,26,1,261
BRDA:91,27,0,262
BRDA:91,27,1,83
BRDA:92,28,0,259
BRDA:92,28,1,3
BRDA:93,29,0,262
BRDA:93,29,1,0
BRDA:95,30,0,0
BRDA:95,30,1,0
BRDA:98,31,0,262
BRDA:98,31,1,1
BRDA:98,31,2,1
BRF:67
BRH:60
end_of_record
TN:
SF:/Users/jschuler/Documents/GitHub/pf-react-fork/packages/patternfly-4/react-core/src/components/Button/index.ts
FNF:0
FNH:0
DA:1,21
LF:1
LH:1
BRF:0
BRH:0
end_of_record
TN:
SF:/Users/jschuler/Documents/GitHub/pf-react-fork/packages/patternfly-4/react-core/src/components/Card/Card.tsx
FN:18,(anonymous_5)
FNF:1
FNH:1
FNDA:7,(anonymous_5)
DA:1,1
DA:2,1
DA:3,1
DA:18,1
DA:19,14
DA:20,14
DA:21,14
DA:22,14
DA:23,14
DA:24,7
DA:26,7
DA:27,7
LF:12
LH:12
BRDA:19,0,0,7
BRDA:19,0,1,0
BRDA:20,1,0,6
BRDA:20,1,1,1
BRDA:21,2,0,5
BRDA:21,2,1,2
BRDA:22,3,0,6
BRDA:22,3,1,1
BRDA:23,4,0,6
BRDA:23,4,1,1
BRDA:31,5,0,7
BRDA:31,5,1,1
BRDA:32,6,0,7
BRDA:32,6,1,1
BRF:14
BRH:13
end_of_record
TN:
SF:/Users/jschuler/Documents/GitHub/pf-react-fork/packages/patternfly-4/react-core/src/components/Card/CardBody.tsx
FN:16,(anonymous_5)
FNF:1
FNH:1
FNDA:6,(anonymous_5)
DA:1,1
DA:2,1
DA:3,1
DA:16,1
DA:17,12
DA:18,12
DA:19,12
DA:20,12
DA:21,6
DA:23,6
DA:24,6
LF:11
LH:11
BRDA:17,0,0,6
BRDA:17,0,1,0
BRDA:18,1,0,5
BRDA:18,1,1,1
BRDA:19,2,0,4
BRDA:19,2,1,2
BRDA:20,3,0,5
BRDA:20,3,1,1
BRDA:25,4,0,6
BRDA:25,4,1,1
BRF:10
BRH:9
end_of_record
TN:
SF:/Users/jschuler/Documents/GitHub/pf-react-fork/packages/patternfly-4/react-core/src/components/Card/CardFooter.tsx
FN:14,(anonymous_5)
FNF:1
FNH:1
FNDA:5,(anonymous_5)
DA:1,1
DA:2,1
DA:3,1
DA:14,1
DA:15,10
DA:16,10
DA:17,10
DA:18,5
DA:20,5
DA:21,5
LF:10
LH:10
BRDA:15,0,0,5
BRDA:15,0,1,0
BRDA:16,1,0,4
BRDA:16,1,1,1
BRDA:17,2,0,3
BRDA:17,2,1,2
BRF:6
BRH:5
end_of_record
TN:
SF:/Users/jschuler/Documents/GitHub/pf-react-fork/packages/patternfly-4/react-core/src/components/Card/CardHeader.tsx
FN:13,(anonymous_5)
FNF:1
FNH:1
FNDA:3,(anonymous_5)
DA:1,1
DA:2,1
DA:3,1
DA:4,1
DA:13,1
DA:14,6
DA:15,6
DA:16,3
DA:17,3
LF:9
LH:9
BRDA:14,0,0,3
BRDA:14,0,1,0
BRDA:15,1,0,2
BRDA:15,1,1,1
BRF:4
BRH:3
end_of_record
TN:
SF:/Users/jschuler/Documents/GitHub/pf-react-fork/packages/patternfly-4/react-core/src/components/Checkbox/Checkbox.tsx
FN:28,(anonymous_11)
FN:30,(anonymous_12)
FN:39,Checkbox
FN:43,(anonymous_14)
FN:47,(anonymous_15)
FN:82,(anonymous_16)
FNF:6
FNH:4
FNDA:0,(anonymous_11)
FNDA:2,(anonymous_12)
FNDA:10,Checkbox
FNDA:1,(anonymous_14)
FNDA:10,(anonymous_15)
FNDA:0,(anonymous_16)
DA:1,2
DA:2,2
DA:3,2
DA:28,2
DA:30,2
DA:31,2
DA:40,10
DA:43,10
DA:44,1
DA:47,2
DA:48,10
DA:49,10
DA:50,10
DA:51,10
DA:52,10
DA:53,10
DA:54,10
DA:55,10
DA:56,10
DA:57,10
DA:58,10
DA:60,10
DA:61,10
DA:62,6
DA:64,10
DA:65,1
DA:67,10
DA:68,0
DA:71,10
DA:72,10
DA:82,0
DA:96,2
LF:32
LH:30
BRDA:40,0,0,10
BRDA:40,0,1,10
BRDA:61,1,0,6
BRDA:61,1,1,4
BRDA:61,2,0,10
BRDA:61,2,1,10
BRDA:62,3,0,6
BRDA:62,3,1,6
BRDA:64,4,0,1
BRDA:64,4,1,9
BRDA:67,5,0,0
BRDA:67,5,1,10
BRDA:71,6,0,0
BRDA:71,6,1,10
BRDA:82,7,0,0
BRDA:82,7,1,0
BRDA:85,8,0,10
BRDA:85,8,1,5
BRDA:87,9,0,0
BRDA:87,9,1,5
BRF:20
BRH:15
end_of_record
TN:
SF:/Users/jschuler/Documents/GitHub/pf-react-fork/packages/patternfly-4/react-core/src/components/Checkbox/index.ts
FNF:0
FNH:0
DA:1,1
LF:1
LH:1
BRF:0
BRH:0
end_of_record
TN:
SF:/Users/jschuler/Documents/GitHub/pf-react-fork/packages/patternfly-4/react-core/src/components/ChipGroup/Chip.tsx
FN:34,(anonymous_10)
FN:35,Chip
FN:59,(anonymous_12)
FN:77,(anonymous_13)
FN:53,(anonymous_14)
FN:141,(anonymous_15)
FN:144,(anonymous_16)
FN:49,(anonymous_17)
FNF:8
FNH:7
FNDA:4,(anonymous_10)
FNDA:11,Chip
FNDA:5,(anonymous_12)
FNDA:21,(anonymous_13)
FNDA:11,(anonymous_14)
FNDA:26,(anonymous_15)
FNDA:26,(anonymous_16)
FNDA:0,(anonymous_17)
DA:1,4
DA:2,4
DA:3,4
DA:5,4
DA:6,4
DA:7,4
DA:8,4
DA:9,4
DA:34,4
DA:36,11
DA:37,11
DA:41,11
DA:43,4
DA:49,0
DA:53,4
DA:54,11
DA:59,11
DA:60,5
DA:61,5
DA:62,5
DA:77,11
DA:78,21
DA:79,21
DA:80,21
DA:81,21
DA:82,21
DA:83,21
DA:84,21
DA:85,21
DA:86,21
DA:88,21
DA:89,21
DA:90,0
DA:116,21
DA:141,26
DA:142,26
DA:143,26
DA:144,26
DA:147,4
DA:149,4
DA:150,4
LF:41
LH:39
BRDA:36,0,0,11
BRDA:36,0,1,11
BRDA:65,1,0,5
BRDA:65,1,1,0
BRDA:67,2,0,0
BRDA:67,2,1,0
BRDA:89,3,0,0
BRDA:89,3,1,21
BRDA:93,4,0,0
BRDA:93,4,1,0
BRDA:94,5,0,0
BRDA:94,5,1,0
BRDA:96,6,0,0
BRDA:96,6,1,0
BRDA:102,7,0,0
BRDA:102,7,1,0
BRDA:118,8,0,21
BRDA:118,8,1,2
BRDA:119,9,0,21
BRDA:119,9,1,0
BRDA:121,10,0,0
BRDA:121,10,1,0
BRDA:127,11,0,21
BRDA:127,11,1,19
BRDA:55,12,0,11
BRDA:55,12,1,9
BRDA:144,13,0,5
BRDA:144,13,1,21
BRF:28
BRH:13
end_of_record
TN:
SF:/Users/jschuler/Documents/GitHub/pf-react-fork/packages/patternfly-4/react-core/src/components/ChipGroup/ChipButton.tsx
FN:15,(anonymous_4)
FN:19,(anonymous_5)
FNF:2
FNH:1
FNDA:25,(anonymous_4)
FNDA:0,(anonymous_5)
DA:1,4
DA:2,4
DA:15,4
DA:16,50
DA:17,50
DA:18,50
DA:19,50
DA:20,25
DA:22,25
LF:9
LH:9
BRDA:16,0,0,6
BRDA:16,0,1,19
BRDA:17,1,0,0
BRDA:17,1,1,25
BRDA:18,2,0,24
BRDA:18,2,1,1
BRDA:19,3,0,1
BRDA:19,3,1,24
BRF:8
BRH:7
end_of_record
TN:
SF:/Users/jschuler/Documents/GitHub/pf-react-fork/packages/patternfly-4/react-core/src/components/ChipGroup/ChipGroup.tsx
FN:32,(anonymous_10)
FN:33,ChipGroup
FN:49,(anonymous_12)
FN:50,(anonymous_13)
FN:55,(anonymous_14)
FN:65,(anonymous_15)
FN:75,(anonymous_16)
FN:89,(anonymous_17)
FN:95,(anonymous_18)
FN:99,(anonymous_19)
FN:114,(anonymous_20)
FNF:11
FNH:10
FNDA:3,(anonymous_10)
FNDA:6,ChipGroup
FNDA:1,(anonymous_12)
FNDA:1,(anonymous_13)
FNDA:2,(anonymous_14)
FNDA:4,(anonymous_15)
FNDA:7,(anonymous_16)
FNDA:3,(anonymous_17)
FNDA:10,(anonymous_18)
FNDA:0,(anonymous_19)
FNDA:6,(anonymous_20)
DA:1,3
DA:2,3
DA:3,3
DA:4,3
DA:5,3
DA:7,3
DA:32,3
DA:34,6
DA:35,6
DA:40,3
DA:49,6
DA:50,1
DA:55,3
DA:56,2
DA:57,4
DA:58,2
DA:65,3
DA:66,4
DA:67,4
DA:68,4
DA:75,3
DA:76,7
DA:77,7
DA:78,6
DA:80,1
DA:82,3
DA:89,3
DA:90,3
DA:92,3
DA:95,3
DA:96,10
DA:97,10
DA:98,0
DA:100,0
DA:104,10
DA:108,3
DA:115,6
DA:116,5
LF:38
LH:36
BRDA:34,0,0,6
BRDA:34,0,1,6
BRDA:57,1,0,2
BRDA:57,1,1,0
BRDA:77,2,0,6
BRDA:77,2,1,1
BRDA:78,3,0,2
BRDA:78,3,1,4
BRDA:97,4,0,0
BRDA:97,4,1,10
BRDA:111,5,0,1
BRDA:111,5,1,2
BRDA:115,6,0,5
BRDA:115,6,1,1
BRDA:121,7,0,3
BRDA:121,7,1,2
BRDA:122,8,0,0
BRDA:122,8,1,2
BRDA:123,9,0,1
BRDA:123,9,1,1
BRF:20
BRH:17
end_of_record
TN:
SF:/Users/jschuler/Documents/GitHub/pf-react-fork/packages/patternfly-4/react-core/src/components/ChipGroup/ChipGroupToolbarItem.tsx
FN:24,(anonymous_5)
FN:29,(anonymous_6)
FN:35,(anonymous_7)
FN:59,(anonymous_8)
FN:61,(anonymous_9)
FNF:5
FNH:0
FNDA:0,(anonymous_5)
FNDA:0,(anonymous_6)
FNDA:0,(anonymous_7)
FNDA:0,(anonymous_8)
FNDA:0,(anonymous_9)
DA:1,3
DA:2,3
DA:3,3
DA:4,3
DA:5,3
DA:6,3
DA:7,3
DA:24,3
DA:25,0
DA:26,0
DA:27,0
DA:28,0
DA:29,0
DA:30,0
DA:31,0
DA:33,0
DA:35,0
DA:36,0
DA:57,0
DA:60,0
DA:61,0
DA:67,0
LF:22
LH:8
BRDA:25,0,0,0
BRDA:25,0,1,0
BRDA:26,1,0,0
BRDA:26,1,1,0
BRDA:27,2,0,0
BRDA:27,2,1,0
BRDA:28,3,0,0
BRDA:28,3,1,0
BRDA:29,4,0,0
BRDA:29,4,1,0
BRDA:30,5,0,0
BRDA:30,5,1,0
BRDA:33,6,0,0
BRDA:33,6,1,0
BRDA:41,7,0,0
BRDA:41,7,1,0
BRF:16
BRH:0
end_of_record
TN:
SF:/Users/jschuler/Documents/GitHub/pf-react-fork/packages/patternfly-4/react-core/src/components/ChipGroup/index.ts
FNF:0
FNH:0
DA:1,3
DA:2,3
DA:3,3
LF:3
LH:3
BRF:0
BRH:0
end_of_record
TN:
SF:/Users/jschuler/Documents/GitHub/pf-react-fork/packages/patternfly-4/react-core/src/components/ClipboardCopy/ClipboardCopyButton.tsx
FN:21,(anonymous_5)
FNF:1
FNH:1
FNDA:2,(anonymous_5)
DA:1,1
DA:2,1
DA:3,1
DA:4,1
DA:5,1
DA:21,1
DA:22,2
DA:23,4
DA:24,4
DA:25,4
DA:26,4
DA:27,4
DA:28,4
DA:29,2
DA:30,2
DA:31,2
DA:32,2
DA:33,2
LF:18
LH:18
BRDA:23,0,0,0
BRDA:23,0,1,2
BRDA:24,1,0,0
BRDA:24,1,1,2
BRDA:25,2,0,0
BRDA:25,2,1,2
BRDA:26,3,0,0
BRDA:26,3,1,2
BRDA:27,4,0,0
BRDA:27,4,1,2
BRDA:28,5,0,0
BRDA:28,5,1,2
BRF:12
BRH:6
end_of_record
TN:
SF:/Users/jschuler/Documents/GitHub/pf-react-fork/packages/patternfly-4/react-core/src/components/ClipboardCopy/ClipboardCopyExpanded.tsx
FN:15,(anonymous_11)
FN:16,ClipboardCopyExpanded
FN:27,(anonymous_13)
FN:34,(anonymous_14)
FN:21,(anonymous_15)
FNF:5
FNH:3
FNDA:1,(anonymous_11)
FNDA:2,ClipboardCopyExpanded
FNDA:2,(anonymous_13)
FNDA:0,(anonymous_14)
FNDA:0,(anonymous_15)
DA:1,1
DA:2,1
DA:3,1
DA:15,1
DA:17,2
DA:20,1
DA:21,0
DA:27,1
DA:28,2
DA:30,2
DA:34,0
DA:40,1
LF:12
LH:10
BRDA:17,0,0,2
BRDA:17,0,1,2
BRDA:37,1,0,1
BRDA:37,1,1,1
BRF:4
BRH:4
end_of_record
TN:
SF:/Users/jschuler/Documents/GitHub/pf-react-fork/packages/patternfly-4/react-core/src/components/ClipboardCopy/ClipboardCopyToggle.tsx
FN:16,(anonymous_5)
FNF:1
FNH:1
FNDA:4,(anonymous_5)
DA:1,1
DA:2,1
DA:3,1
DA:4,1
DA:16,1
DA:17,4
DA:18,8
DA:19,4
DA:20,4
DA:21,4
DA:22,8
DA:23,4
DA:25,4
LF:13
LH:13
BRDA:18,0,0,0
BRDA:18,0,1,4
BRDA:22,1,0,0
BRDA:22,1,1,4
BRF:4
BRH:2
end_of_record
TN:
SF:/Users/jschuler/Documents/GitHub/pf-react-fork/packages/patternfly-4/react-core/src/components/ContextSelector/ContextSelector.tsx
FN:49,(anonymous_11)
FN:67,(anonymous_13)
FN:73,(anonymous_14)
FN:54,(anonymous_15)
FN:55,(anonymous_16)
FN:60,(anonymous_17)
FN:62,(anonymous_18)
FNF:7
FNH:2
FNDA:4,(anonymous_11)
FNDA:0,(anonymous_13)
FNDA:3,(anonymous_14)
FNDA:0,(anonymous_15)
FNDA:0,(anonymous_16)
FNDA:0,(anonymous_17)
FNDA:0,(anonymous_18)
DA:1,1
DA:2,1
DA:3,1
DA:4,1
DA:5,1
DA:6,1
DA:7,1
DA:8,1
DA:9,1
DA:10,1
DA:11,1
DA:16,1
DA:19,1
DA:20,1
DA:49,3
DA:50,1
DA:54,0
DA:55,0
DA:60,0
DA:62,0
DA:65,3
DA:67,3
DA:68,0
DA:69,0
DA:73,1
DA:74,3
DA:75,3
DA:76,3
DA:77,3
DA:78,3
DA:79,3
DA:80,3
DA:81,3
DA:82,3
DA:83,3
DA:84,3
DA:85,3
DA:86,3
DA:87,3
DA:88,3
DA:89,3
DA:90,3
DA:92,3
DA:145,1
LF:44
LH:38
BRDA:49,0,0,3
BRDA:49,0,1,3
BRDA:49,0,2,3
BRDA:68,1,0,0
BRDA:68,1,1,0
BRDA:94,2,0,3
BRDA:94,2,1,1
BRDA:98,3,0,3
BRDA:98,3,1,0
BRDA:111,4,0,3
BRDA:111,4,1,1
BRDA:113,5,0,1
BRDA:113,5,1,1
BRF:13
BRH:10
end_of_record
TN:
SF:/Users/jschuler/Documents/GitHub/pf-react-fork/packages/patternfly-4/react-core/src/components/ContextSelector/ContextSelectorItem.tsx
FN:24,(anonymous_11)
FN:37,(anonymous_13)
FN:42,(anonymous_14)
FN:46,(anonymous_15)
FN:56,(anonymous_16)
FN:30,(anonymous_17)
FN:32,(anonymous_18)
FNF:7
FNH:5
FNDA:6,(anonymous_11)
FNDA:3,(anonymous_13)
FNDA:3,(anonymous_14)
FNDA:1,(anonymous_15)
FNDA:1,(anonymous_16)
FNDA:0,(anonymous_17)
FNDA:0,(anonymous_18)
DA:1,3
DA:2,3
DA:3,3
DA:4,3
DA:24,3
DA:25,3
DA:30,0
DA:35,3
DA:37,3
DA:39,3
DA:42,3
DA:43,3
DA:44,3
DA:46,1
DA:57,1
DA:58,1
DA:59,1
DA:71,3
LF:18
LH:17
BRDA:24,0,0,3
BRDA:24,0,1,3
BRDA:24,0,2,3
BRDA:51,1,0,1
BRDA:51,1,1,0
BRDA:52,2,0,1
BRDA:52,2,1,1
BRDA:57,3,0,1
BRDA:57,3,1,0
BRF:9
BRH:7
end_of_record
TN:
SF:/Users/jschuler/Documents/GitHub/pf-react-fork/packages/patternfly-4/react-core/src/components/ContextSelector/ContextSelectorMenuList.tsx
FN:14,(anonymous_11)
FN:23,(anonymous_13)
FN:36,(anonymous_14)
FN:27,(anonymous_15)
FN:28,(anonymous_16)
FNF:5
FNH:4
FNDA:4,(anonymous_11)
FNDA:0,(anonymous_13)
FNDA:2,(anonymous_14)
FNDA:2,(anonymous_15)
FNDA:10,(anonymous_16)
DA:1,2
DA:2,2
DA:3,2
DA:14,2
DA:15,2
DA:21,2
DA:23,2
DA:24,0
DA:27,2
DA:28,2
DA:29,10
DA:36,2
DA:37,2
DA:38,2
DA:44,2
LF:15
LH:14
BRDA:14,0,0,2
BRDA:14,0,1,2
BRDA:14,0,2,2
BRF:3
BRH:3
end_of_record
TN:
SF:/Users/jschuler/Documents/GitHub/pf-react-fork/packages/patternfly-4/react-core/src/components/ContextSelector/ContextSelectorToggle.tsx
FN:30,(anonymous_11)
FN:45,(anonymous_13)
FN:51,(anonymous_14)
FN:57,(anonymous_15)
FN:65,(anonymous_16)
FN:74,(anonymous_17)
FN:91,(anonymous_18)
FN:118,(anonymous_19)
FN:35,(anonymous_20)
FN:40,(anonymous_21)
FNF:10
FNH:5
FNDA:9,(anonymous_11)
FNDA:7,(anonymous_13)
FNDA:0,(anonymous_14)
FNDA:0,(anonymous_15)
FNDA:0,(anonymous_16)
FNDA:4,(anonymous_17)
FNDA:7,(anonymous_18)
FNDA:2,(anonymous_19)
FNDA:0,(anonymous_20)
FNDA:0,(anonymous_21)
DA:1,2
DA:2,2
DA:3,2
DA:4,2
DA:5,2
DA:30,7
DA:31,2
DA:35,0
DA:40,0
DA:43,7
DA:45,7
DA:46,7
DA:47,7
DA:48,7
DA:51,7
DA:52,0
DA:53,0
DA:54,0
DA:57,7
DA:58,0
DA:59,0
DA:60,0
DA:61,0
DA:65,7
DA:66,0
DA:67,0
DA:68,0
DA:69,0
DA:70,0
DA:74,7
DA:75,4
DA:76,4
DA:77,4
DA:79,0
DA:80,0
DA:84,0
DA:85,0
DA:86,0
DA:87,0
DA:91,2
DA:92,7
DA:93,7
DA:94,7
DA:95,7
DA:96,7
DA:97,7
DA:98,7
DA:99,7
DA:100,7
DA:101,7
DA:102,7
DA:103,7
DA:105,7
DA:118,2
DA:127,2
LF:55
LH:35
BRDA:30,0,0,7
BRDA:30,0,1,7
BRDA:30,0,2,7
BRDA:59,1,0,0
BRDA:59,1,1,0
BRDA:59,2,0,0
BRDA:59,2,1,0
BRDA:59,2,2,0
BRDA:67,3,0,0
BRDA:67,3,1,0
BRDA:68,4,0,0
BRDA:68,4,1,0
BRDA:68,5,0,0
BRDA:68,5,1,0
BRDA:68,5,2,0
BRDA:68,5,3,0
BRDA:76,6,0,4
BRDA:76,6,1,0
BRDA:76,7,0,4
BRDA:76,7,1,0
BRDA:76,7,2,4
BRDA:80,8,0,0
BRDA:80,8,1,0
BRDA:81,9,0,0
BRDA:81,9,1,0
BRDA:81,9,2,0
BRDA:81,9,3,0
BRDA:85,10,0,0
BRDA:85,10,1,0
BRDA:85,11,0,0
BRDA:85,11,1,0
BRDA:85,11,2,0
BRDA:112,12,0,7
BRDA:112,12,1,0
BRDA:113,13,0,7
BRDA:113,13,1,0
BRDA:114,14,0,7
BRDA:114,14,1,0
BRF:38
BRH:9
end_of_record
TN:
SF:/Users/jschuler/Documents/GitHub/pf-react-fork/packages/patternfly-4/react-core/src/components/ContextSelector/contextSelectorConstants.tsx
FN:4,(anonymous_1)
FNF:1
FNH:1
FNDA:1,(anonymous_1)
DA:1,3
DA:3,3
DA:4,1
LF:3
LH:3
BRF:0
BRH:0
end_of_record
TN:
SF:/Users/jschuler/Documents/GitHub/pf-react-fork/packages/patternfly-4/react-core/src/components/DataList/DataList.tsx
FN:30,(anonymous_5)
FN:40,(anonymous_6)
FNF:2
FNH:1
FNDA:2,(anonymous_5)
FNDA:0,(anonymous_6)
DA:1,1
DA:2,1
DA:4,1
DA:5,1
DA:26,1
DA:30,1
DA:31,4
DA:32,4
DA:33,2
DA:34,4
DA:35,2
DA:36,2
DA:38,2
DA:40,2
DA:41,0
DA:44,2
LF:16
LH:15
BRDA:31,0,0,2
BRDA:31,0,1,0
BRDA:32,1,0,1
BRDA:32,1,1,1
BRDA:34,2,0,2
BRDA:34,2,1,0
BRF:6
BRH:4
end_of_record
TN:
SF:/Users/jschuler/Documents/GitHub/pf-react-fork/packages/patternfly-4/react-core/src/components/DataList/DataListAction.tsx
FN:21,(anonymous_11)
FN:22,(anonymous_12)
FN:41,(anonymous_13)
FN:46,DataListAction
FN:53,(anonymous_15)
FN:57,(anonymous_16)
FN:58,(anonymous_17)
FN:63,(anonymous_18)
FNF:8
FNH:5
FNDA:11,(anonymous_11)
FNDA:11,(anonymous_12)
FNDA:1,(anonymous_13)
FNDA:4,DataListAction
FNDA:0,(anonymous_15)
FNDA:0,(anonymous_16)
FNDA:0,(anonymous_17)
FNDA:4,(anonymous_18)
DA:1,1
DA:2,1
DA:3,1
DA:6,1
DA:20,1
DA:21,11
DA:22,11
DA:41,1
DA:42,1
DA:47,4
DA:48,4
DA:53,4
DA:54,0
DA:57,4
DA:58,0
DA:63,1
DA:64,4
DA:65,4
DA:66,4
DA:67,4
DA:68,4
DA:69,4
DA:70,4
DA:73,4
DA:79,1
LF:25
LH:23
BRDA:47,0,0,4
BRDA:47,0,1,4
BRF:2
BRH:2
end_of_record
TN:
SF:/Users/jschuler/Documents/GitHub/pf-react-fork/packages/patternfly-4/react-core/src/components/DataList/DataListCell.tsx
FN:21,(anonymous_5)
FNF:1
FNH:1
FNDA:6,(anonymous_5)
DA:1,1
DA:2,1
DA:3,1
DA:21,1
DA:22,12
DA:23,12
DA:24,12
DA:25,12
DA:26,12
DA:27,12
DA:28,6
DA:29,6
LF:12
LH:12
BRDA:22,0,0,0
BRDA:22,0,1,6
BRDA:23,1,0,6
BRDA:23,1,1,0
BRDA:24,2,0,1
BRDA:24,2,1,5
BRDA:25,3,0,6
BRDA:25,3,1,0
BRDA:26,4,0,6
BRDA:26,4,1,0
BRDA:27,5,0,6
BRDA:27,5,1,0
BRDA:33,6,0,6
BRDA:33,6,1,4
BRDA:34,7,0,6
BRDA:34,7,1,0
BRDA:35,8,0,6
BRDA:35,8,1,0
BRDA:36,9,0,6
BRDA:36,9,1,0
BRF:20
BRH:12
end_of_record
TN:
SF:/Users/jschuler/Documents/GitHub/pf-react-fork/packages/patternfly-4/react-core/src/components/DataList/DataListContent.tsx
FN:22,(anonymous_5)
FNF:1
FNH:1
FNDA:2,(anonymous_5)
DA:1,1
DA:2,1
DA:3,1
DA:22,1
DA:23,4
DA:24,4
DA:25,4
DA:26,4
DA:27,2
DA:28,4
DA:29,4
DA:30,2
DA:31,2
LF:13
LH:13
BRDA:23,0,0,2
BRDA:23,0,1,0
BRDA:24,1,0,0
BRDA:24,1,1,2
BRDA:25,2,0,2
BRDA:25,2,1,0
BRDA:26,3,0,2
BRDA:26,3,1,0
BRDA:28,4,0,1
BRDA:28,4,1,1
BRDA:29,5,0,2
BRDA:29,5,1,0
BRDA:39,6,0,2
BRDA:39,6,1,1
BRF:14
BRH:9
end_of_record
TN:
SF:/Users/jschuler/Documents/GitHub/pf-react-fork/packages/patternfly-4/react-core/src/components/DataList/DataListItem.tsx
FN:26,(anonymous_5)
FN:37,(anonymous_6)
FN:39,(anonymous_7)
FN:54,(anonymous_8)
FN:76,(anonymous_9)
FNF:5
FNH:3
FNDA:3,(anonymous_5)
FNDA:1,(anonymous_6)
FNDA:0,(anonymous_7)
FNDA:0,(anonymous_8)
FNDA:1,(anonymous_9)
DA:1,1
DA:2,1
DA:3,1
DA:5,1
DA:6,1
DA:26,1
DA:27,6
DA:28,6
DA:29,6
DA:30,3
DA:31,3
DA:32,3
DA:35,3
DA:37,1
DA:39,1
DA:40,0
DA:41,0
DA:42,0
DA:46,0
DA:48,0
DA:51,0
DA:54,1
DA:55,0
DA:56,0
DA:60,1
DA:77,1
LF:26
LH:18
BRDA:27,0,0,2
BRDA:27,0,1,1
BRDA:28,1,0,2
BRDA:28,1,1,1
BRDA:29,2,0,3
BRDA:29,2,1,0
BRDA:42,3,0,0
BRDA:42,3,1,0
BRDA:42,4,0,0
BRDA:42,4,1,0
BRDA:42,4,2,0
BRDA:42,4,3,0
BRDA:55,5,0,0
BRDA:55,5,1,0
BRDA:65,6,0,1
BRDA:65,6,1,1
BRDA:66,7,0,1
BRDA:66,7,1,0
BRDA:67,8,0,1
BRDA:67,8,1,0
BRDA:67,8,2,0
BRDA:70,9,0,1
BRDA:70,9,1,0
BRDA:71,10,0,1
BRDA:71,10,1,0
BRDA:77,11,0,1
BRDA:77,11,1,0
BRF:27
BRH:12
end_of_record
TN:
SF:/Users/jschuler/Documents/GitHub/pf-react-fork/packages/patternfly-4/react-core/src/components/DataList/DataListItemCells.tsx
FN:14,(anonymous_5)
FNF:1
FNH:1
FNDA:1,(anonymous_5)
DA:1,1
DA:2,1
DA:3,1
DA:14,1
DA:15,2
DA:16,1
DA:17,2
DA:18,1
DA:19,1
LF:9
LH:9
BRDA:15,0,0,1
BRDA:15,0,1,0
BRDA:17,1,0,1
BRDA:17,1,1,0
BRF:4
BRH:2
end_of_record
TN:
SF:/Users/jschuler/Documents/GitHub/pf-react-fork/packages/patternfly-4/react-core/src/components/DataList/DataListItemRow.tsx
FN:12,(anonymous_5)
FN:21,(anonymous_6)
FNF:2
FNH:2
FNDA:1,(anonymous_5)
FNDA:1,(anonymous_6)
DA:1,1
DA:2,1
DA:3,1
DA:12,1
DA:13,1
DA:14,2
DA:15,2
DA:16,1
DA:17,1
DA:22,1
LF:10
LH:10
BRDA:14,0,0,1
BRDA:14,0,1,0
BRDA:15,1,0,1
BRDA:15,1,1,0
BRDA:22,2,0,1
BRDA:22,2,1,0
BRF:6
BRH:3
end_of_record
TN:
SF:/Users/jschuler/Documents/GitHub/pf-react-fork/packages/patternfly-4/react-core/src/components/DataList/DataListToggle.tsx
FN:24,(anonymous_5)
FNF:1
FNH:1
FNDA:2,(anonymous_5)
DA:1,1
DA:2,1
DA:3,1
DA:4,1
DA:5,1
DA:24,1
DA:25,4
DA:26,4
DA:27,4
DA:28,4
DA:29,4
DA:30,4
DA:31,2
DA:32,2
DA:33,2
LF:15
LH:15
BRDA:25,0,0,2
BRDA:25,0,1,0
BRDA:26,1,0,1
BRDA:26,1,1,1
BRDA:27,2,0,2
BRDA:27,2,1,0
BRDA:28,3,0,0
BRDA:28,3,1,2
BRDA:29,4,0,1
BRDA:29,4,1,1
BRDA:30,5,0,2
BRDA:30,5,1,0
BRDA:39,6,0,2
BRDA:39,6,1,0
BRDA:41,7,0,2
BRDA:41,7,1,0
BRF:16
BRH:10
end_of_record
TN:
SF:/Users/jschuler/Documents/GitHub/pf-react-fork/packages/patternfly-4/react-core/src/components/Dropdown/Dropdown.tsx
FN:34,(anonymous_5)
FN:41,(anonymous_6)
FNF:2
FNH:2
FNDA:18,(anonymous_5)
FNDA:1,(anonymous_6)
DA:1,5
DA:2,5
DA:3,5
DA:4,5
DA:34,5
DA:35,18
DA:36,18
DA:37,18
DA:38,18
DA:41,1
LF:10
LH:10
BRDA:41,0,0,1
BRDA:41,0,1,1
BRF:2
BRH:2
end_of_record
TN:
SF:/Users/jschuler/Documents/GitHub/pf-react-fork/packages/patternfly-4/react-core/src/components/Dropdown/DropdownGroup.tsx
FN:15,(anonymous_1)
FN:21,(anonymous_2)
FNF:2
FNH:1
FNDA:1,(anonymous_1)
FNDA:0,(anonymous_2)
DA:1,5
DA:2,5
DA:3,5
DA:15,5
DA:16,2
DA:17,2
DA:18,2
DA:19,1
DA:21,0
DA:22,0
DA:23,0
LF:11
LH:8
BRDA:16,0,0,0
BRDA:16,0,1,1
BRDA:17,1,0,1
BRDA:17,1,1,0
BRDA:18,2,0,0
BRDA:18,2,1,1
BRDA:25,3,0,0
BRDA:25,3,1,0
BRF:8
BRH:3
end_of_record
TN:
SF:/Users/jschuler/Documents/GitHub/pf-react-fork/packages/patternfly-4/react-core/src/components/Dropdown/DropdownItem.tsx
FN:32,(anonymous_4)
FN:50,(anonymous_5)
FNF:2
FNH:2
FNDA:26,(anonymous_4)
FNDA:26,(anonymous_5)
DA:1,4
DA:2,4
DA:3,4
DA:32,4
DA:33,52
DA:34,52
DA:35,52
DA:36,52
DA:37,52
DA:38,52
DA:39,52
DA:40,52
DA:41,52
DA:42,26
DA:43,26
DA:44,26
DA:45,26
DA:46,26
DA:47,26
DA:48,26
DA:50,26
LF:21
LH:21
BRDA:33,0,0,0
BRDA:33,0,1,26
BRDA:34,1,0,18
BRDA:34,1,1,8
BRDA:35,2,0,6
BRDA:35,2,1,20
BRDA:36,3,0,26
BRDA:36,3,1,0
BRDA:37,4,0,21
BRDA:37,4,1,5
BRDA:38,5,0,26
BRDA:38,5,1,0
BRDA:39,6,0,26
BRDA:39,6,1,0
BRDA:40,7,0,26
BRDA:40,7,1,0
BRDA:41,8,0,26
BRDA:41,8,1,0
BRF:18
BRH:12
end_of_record
TN:
SF:/Users/jschuler/Documents/GitHub/pf-react-fork/packages/patternfly-4/react-core/src/components/Dropdown/DropdownItemIcon.tsx
FN:12,(anonymous_5)
FNF:1
FNH:0
FNDA:0,(anonymous_5)
DA:1,4
DA:2,4
DA:3,4
DA:12,4
DA:13,0
DA:14,0
DA:15,0
DA:16,0
LF:8
LH:4
BRDA:14,0,0,0
BRDA:14,0,1,0
BRF:2
BRH:0
end_of_record
TN:
SF:/Users/jschuler/Documents/GitHub/pf-react-fork/packages/patternfly-4/react-core/src/components/Dropdown/DropdownMenu.tsx
FN:37,(anonymous_11)
FN:69,(anonymous_13)
FN:80,(anonymous_14)
FN:82,(anonymous_15)
FN:50,(anonymous_16)
FN:55,(anonymous_17)
FN:63,(anonymous_18)
FN:95,(anonymous_19)
FN:99,(anonymous_20)
FN:108,(anonymous_21)
FN:120,(anonymous_22)
FN:127,(anonymous_23)
FN:138,(anonymous_24)
FN:146,(anonymous_25)
FN:155,(anonymous_26)
FN:175,(anonymous_27)
FNF:16
FNH:9
FNDA:17,(anonymous_11)
FNDA:0,(anonymous_13)
FNDA:32,(anonymous_14)
FNDA:64,(anonymous_15)
FNDA:12,(anonymous_16)
FNDA:0,(anonymous_17)
FNDA:0,(anonymous_18)
FNDA:9,(anonymous_19)
FNDA:0,(anonymous_20)
FNDA:0,(anonymous_21)
FNDA:53,(anonymous_22)
FNDA:12,(anonymous_23)
FNDA:3,(anonymous_24)
FNDA:0,(anonymous_25)
FNDA:0,(anonymous_26)
FNDA:9,(anonymous_27)
DA:1,5
DA:2,5
DA:3,5
DA:4,5
DA:5,5
DA:6,5
DA:37,12
DA:38,12
DA:40,5
DA:50,5
DA:51,12
DA:53,12
DA:55,0
DA:56,0
DA:57,0
DA:58,0
DA:63,5
DA:65,0
DA:66,0
DA:69,12
DA:70,0
DA:80,12
DA:81,32
DA:82,32
DA:83,64
DA:84,32
DA:86,0
DA:87,32
DA:88,11
DA:90,21
DA:95,5
DA:96,9
DA:97,9
DA:98,0
DA:99,0
DA:100,0
DA:101,0
DA:109,0
DA:120,9
DA:121,53
DA:127,12
DA:128,12
DA:129,12
DA:138,3
DA:146,0
DA:155,0
DA:156,0
DA:157,0
DA:175,9
DA:176,9
DA:177,9
DA:198,5
LF:52
LH:35
BRDA:37,0,0,12
BRDA:37,0,1,12
BRDA:37,0,2,12
BRDA:69,1,0,0
BRDA:69,1,1,0
BRDA:75,2,0,0
BRDA:75,2,1,0
BRDA:83,3,0,32
BRDA:83,3,1,32
BRDA:84,4,0,0
BRDA:84,4,1,32
BRDA:87,5,0,11
BRDA:87,5,1,21
BRDA:87,6,0,32
BRDA:87,6,1,27
BRDA:53,7,0,0
BRDA:53,7,1,12
BRDA:55,8,0,0
BRDA:55,8,1,0
BRDA:55,8,2,0
BRDA:56,9,0,0
BRDA:56,9,1,0
BRDA:57,10,0,0
BRDA:57,10,1,0
BRDA:57,11,0,0
BRDA:57,11,1,0
BRDA:97,12,0,0
BRDA:97,12,1,9
BRDA:102,13,0,0
BRDA:102,13,1,0
BRDA:102,13,2,0
BRDA:105,14,0,0
BRDA:105,14,1,0
BRDA:105,14,2,0
BRDA:137,15,0,3
BRDA:137,15,1,9
BRDA:142,16,0,3
BRDA:142,16,1,0
BRDA:146,17,0,0
BRDA:146,17,1,0
BRDA:153,18,0,9
BRDA:153,18,1,0
BRDA:153,18,2,9
BRDA:156,19,0,0
BRDA:156,19,1,0
BRDA:162,20,0,0
BRDA:162,20,1,0
BRDA:176,21,0,9
BRDA:176,21,1,6
BRDA:182,22,0,9
BRDA:182,22,1,0
BRF:51
BRH:20
end_of_record
TN:
SF:/Users/jschuler/Documents/GitHub/pf-react-fork/packages/patternfly-4/react-core/src/components/Dropdown/DropdownToggle.tsx
FN:49,(anonymous_5)
FN:61,(anonymous_6)
FN:71,(anonymous_7)
FNF:3
FNH:2
FNDA:69,(anonymous_5)
FNDA:0,(anonymous_6)
FNDA:69,(anonymous_7)
DA:1,7
DA:2,7
DA:3,7
DA:4,7
DA:5,7
DA:6,7
DA:49,7
DA:50,138
DA:51,138
DA:52,138
DA:53,138
DA:54,138
DA:55,138
DA:56,138
DA:57,138
DA:58,138
DA:59,138
DA:60,138
DA:61,138
DA:62,138
DA:63,69
DA:64,138
DA:65,69
DA:66,69
DA:67,69
DA:70,69
DA:71,69
DA:95,69
DA:96,0
DA:111,69
LF:30
LH:29
BRDA:50,0,0,1
BRDA:50,0,1,68
BRDA:51,1,0,36
BRDA:51,1,1,33
BRDA:52,2,0,33
BRDA:52,2,1,36
BRDA:53,3,0,7
BRDA:53,3,1,62
BRDA:54,4,0,1
BRDA:54,4,1,68
BRDA:55,5,0,59
BRDA:55,5,1,10
BRDA:56,6,0,61
BRDA:56,6,1,8
BRDA:57,7,0,61
BRDA:57,7,1,8
BRDA:58,8,0,20
BRDA:58,8,1,49
BRDA:59,9,0,46
BRDA:59,9,1,23
BRDA:60,10,0,68
BRDA:60,10,1,1
BRDA:61,11,0,23
BRDA:61,11,1,46
BRDA:62,12,0,62
BRDA:62,12,1,7
BRDA:64,13,0,69
BRDA:64,13,1,0
BRDA:86,14,0,69
BRDA:86,14,1,0
BRDA:86,15,0,0
BRDA:86,15,1,0
BRDA:88,16,0,69
BRDA:88,16,1,33
BRDA:88,17,0,33
BRDA:88,17,1,26
BRDA:89,18,0,69
BRDA:89,18,1,62
BRDA:89,19,0,62
BRDA:89,19,1,26
BRDA:95,20,0,0
BRDA:95,20,1,69
BRDA:101,21,0,0
BRDA:101,21,1,0
BRDA:102,22,0,0
BRDA:102,22,1,0
BRF:46
BRH:37
end_of_record
TN:
SF:/Users/jschuler/Documents/GitHub/pf-react-fork/packages/patternfly-4/react-core/src/components/Dropdown/DropdownToggleAction.tsx
FN:20,(anonymous_11)
FN:27,(anonymous_13)
FN:24,(anonymous_14)
FNF:3
FNH:2
FNDA:9,(anonymous_11)
FNDA:4,(anonymous_13)
FNDA:0,(anonymous_14)
DA:1,5
DA:2,5
DA:3,5
DA:20,5
DA:21,5
DA:27,5
DA:28,4
DA:30,4
DA:42,5
LF:9
LH:9
BRDA:35,0,0,4
BRDA:35,0,1,1
BRF:2
BRH:2
end_of_record
TN:
SF:/Users/jschuler/Documents/GitHub/pf-react-fork/packages/patternfly-4/react-core/src/components/Dropdown/DropdownToggleCheckbox.tsx
FN:28,(anonymous_11)
FN:36,(anonymous_13)
FN:40,(anonymous_14)
FN:45,(anonymous_15)
FN:33,(anonymous_16)
FNF:5
FNH:4
FNDA:13,(anonymous_11)
FNDA:1,(anonymous_13)
FNDA:16,(anonymous_14)
FNDA:8,(anonymous_15)
FNDA:0,(anonymous_16)
DA:1,5
DA:2,5
DA:3,5
DA:28,8
DA:29,5
DA:33,0
DA:36,8
DA:37,1
DA:40,8
DA:41,16
DA:42,16
DA:45,5
DA:46,8
DA:47,8
DA:52,8
DA:67,5
LF:16
LH:15
BRDA:28,0,0,8
BRDA:28,0,1,8
BRDA:28,0,2,8
BRDA:42,1,0,10
BRDA:42,1,1,6
BRDA:47,2,0,8
BRDA:47,2,1,1
BRDA:56,3,0,8
BRDA:56,3,1,5
BRF:9
BRH:9
end_of_record
TN:
SF:/Users/jschuler/Documents/GitHub/pf-react-fork/packages/patternfly-4/react-core/src/components/Dropdown/DropdownWithContext.tsx
FN:12,(anonymous_11)
FN:32,DropdownWithContext
FN:41,(anonymous_13)
FN:45,(anonymous_14)
FN:51,(anonymous_15)
FN:84,(anonymous_16)
FN:102,(anonymous_17)
FN:109,(anonymous_18)
FN:27,(anonymous_19)
FNF:9
FNH:6
FNDA:5,(anonymous_11)
FNDA:66,DropdownWithContext
FNDA:0,(anonymous_13)
FNDA:4,(anonymous_14)
FNDA:68,(anonymous_15)
FNDA:68,(anonymous_16)
FNDA:68,(anonymous_17)
FNDA:0,(anonymous_18)
FNDA:0,(anonymous_19)
DA:1,5
DA:2,5
DA:3,5
DA:4,5
DA:6,5
DA:7,5
DA:12,5
DA:13,66
DA:14,66
DA:17,5
DA:19,5
DA:27,0
DA:33,66
DA:34,66
DA:35,2
DA:41,66
DA:42,0
DA:45,5
DA:46,4
DA:47,2
DA:51,68
DA:52,68
DA:53,68
DA:54,68
DA:55,68
DA:56,68
DA:57,68
DA:58,68
DA:59,68
DA:60,68
DA:61,68
DA:62,68
DA:63,68
DA:64,68
DA:65,68
DA:66,68
DA:67,68
DA:69,68
DA:72,68
DA:73,68
DA:74,64
DA:75,64
DA:76,64
DA:78,4
DA:79,4
DA:81,68
DA:82,68
DA:84,68
DA:85,68
DA:86,68
DA:103,68
DA:109,0
DA:131,5
DA:133,5
DA:135,5
LF:55
LH:52
BRDA:33,0,0,66
BRDA:33,0,1,66
BRDA:34,1,0,2
BRDA:34,1,1,64
BRDA:34,2,0,66
BRDA:34,2,1,66
BRDA:34,2,2,62
BRDA:46,3,0,2
BRDA:46,3,1,2
BRDA:69,4,0,68
BRDA:69,4,1,51
BRDA:73,5,0,64
BRDA:73,5,1,4
BRDA:73,6,0,68
BRDA:73,6,1,68
BRDA:91,7,0,68
BRDA:91,7,1,9
BRDA:92,8,0,68
BRDA:92,8,1,8
BRDA:93,9,0,68
BRDA:93,9,1,12
BRDA:97,10,0,68
BRDA:97,10,1,0
BRDA:99,11,0,0
BRDA:99,11,1,0
BRDA:112,12,0,68
BRDA:112,12,1,12
BRDA:117,13,0,3
BRDA:117,13,1,9
BRDA:120,14,0,12
BRDA:120,14,1,0
BRF:31
BRH:27
end_of_record
TN:
SF:/Users/jschuler/Documents/GitHub/pf-react-fork/packages/patternfly-4/react-core/src/components/Dropdown/InternalDropdownItem.tsx
FN:50,(anonymous_11)
FN:96,(anonymous_13)
FN:100,(anonymous_14)
FN:74,(anonymous_15)
FN:85,(anonymous_16)
FN:119,(anonymous_17)
FN:127,(anonymous_18)
FN:165,(anonymous_19)
FN:176,(anonymous_20)
FN:193,(anonymous_21)
FN:63,(anonymous_22)
FN:66,(anonymous_23)
FN:67,(anonymous_24)
FNF:13
FNH:8
FNDA:68,(anonymous_11)
FNDA:0,(anonymous_13)
FNDA:0,(anonymous_14)
FNDA:62,(anonymous_15)
FNDA:0,(anonymous_16)
FNDA:0,(anonymous_17)
FNDA:62,(anonymous_18)
FNDA:56,(anonymous_19)
FNDA:56,(anonymous_20)
FNDA:3,(anonymous_21)
FNDA:1,(anonymous_22)
FNDA:0,(anonymous_23)
FNDA:30,(anonymous_24)
DA:1,6
DA:2,6
DA:3,6
DA:4,6
DA:5,6
DA:6,6
DA:50,62
DA:51,62
DA:52,62
DA:54,6
DA:63,1
DA:74,6
DA:75,62
DA:76,62
DA:77,62
DA:85,6
DA:86,0
DA:87,0
DA:88,0
DA:96,62
DA:97,0
DA:100,62
DA:102,0
DA:103,0
DA:104,0
DA:105,0
DA:106,0
DA:107,0
DA:108,0
DA:109,0
DA:110,0
DA:111,0
DA:112,0
DA:113,0
DA:114,0
DA:119,6
DA:120,0
DA:122,0
DA:127,62
DA:128,62
DA:129,62
DA:130,62
DA:131,62
DA:132,62
DA:133,62
DA:134,62
DA:135,62
DA:136,62
DA:137,62
DA:138,62
DA:139,62
DA:140,62
DA:141,62
DA:142,62
DA:143,62
DA:144,62
DA:145,62
DA:146,62
DA:147,62
DA:148,62
DA:150,62
DA:151,62
DA:153,62
DA:154,21
DA:155,21
DA:156,41
DA:157,35
DA:158,35
DA:159,6
DA:162,0
DA:165,62
DA:166,56
DA:174,62
DA:176,56
DA:177,56
DA:178,6
DA:180,50
DA:182,56
DA:183,0
DA:188,56
DA:194,3
DA:195,3
DA:196,3
DA:230,6
LF:84
LH:63
BRDA:50,0,0,62
BRDA:50,0,1,62
BRDA:50,0,2,62
BRDA:97,1,0,0
BRDA:97,1,1,0
BRDA:97,2,0,0
BRDA:97,2,1,0
BRDA:97,2,2,0
BRDA:102,3,0,0
BRDA:102,3,1,0
BRDA:103,4,0,0
BRDA:103,4,1,0
BRDA:104,5,0,0
BRDA:104,5,1,0
BRDA:106,6,0,0
BRDA:106,6,1,0
BRDA:108,7,0,0
BRDA:108,7,1,0
BRDA:110,8,0,0
BRDA:110,8,1,0
BRDA:112,9,0,0
BRDA:112,9,1,0
BRDA:112,10,0,0
BRDA:112,10,1,0
BRDA:114,11,0,0
BRDA:114,11,1,0
BRDA:76,12,0,0
BRDA:76,12,1,62
BRDA:79,13,0,0
BRDA:79,13,1,62
BRDA:87,14,0,0
BRDA:87,14,1,0
BRDA:90,15,0,0
BRDA:90,15,1,0
BRDA:153,16,0,21
BRDA:153,16,1,41
BRDA:155,17,0,7
BRDA:155,17,1,14
BRDA:156,18,0,35
BRDA:156,18,1,6
BRDA:158,19,0,35
BRDA:158,19,1,35
BRDA:159,20,0,0
BRDA:159,20,1,6
BRDA:167,21,0,0
BRDA:167,21,1,56
BRDA:177,22,0,6
BRDA:177,22,1,50
BRDA:180,23,0,50
BRDA:180,23,1,13
BRDA:180,24,0,50
BRDA:180,24,1,0
BRDA:182,25,0,0
BRDA:182,25,1,56
BRDA:190,26,0,56
BRDA:190,26,1,56
BRDA:194,27,0,3
BRDA:194,27,1,0
BRDA:203,28,0,0
BRDA:203,28,1,56
BRDA:205,29,0,0
BRDA:205,29,1,0
BRDA:210,30,0,56
BRDA:210,30,1,56
BRDA:214,31,0,56
BRDA:214,31,1,50
BRDA:215,32,0,56
BRDA:215,32,1,0
BRDA:223,33,0,56
BRDA:223,33,1,0
BRF:70
BRH:31
end_of_record
TN:
SF:/Users/jschuler/Documents/GitHub/pf-react-fork/packages/patternfly-4/react-core/src/components/Dropdown/KebabToggle.tsx
FN:35,(anonymous_4)
FN:47,(anonymous_5)
FNF:2
FNH:1
FNDA:8,(anonymous_4)
FNDA:0,(anonymous_5)
DA:1,6
DA:3,6
DA:4,6
DA:35,6
DA:36,16
DA:37,16
DA:38,16
DA:39,16
DA:40,16
DA:41,16
DA:42,16
DA:43,16
DA:44,16
DA:45,16
DA:46,16
DA:47,16
DA:48,8
DA:49,8
DA:50,8
LF:19
LH:19
BRDA:36,0,0,0
BRDA:36,0,1,8
BRDA:37,1,0,8
BRDA:37,1,1,0
BRDA:38,2,0,8
BRDA:38,2,1,0
BRDA:39,3,0,1
BRDA:39,3,1,7
BRDA:40,4,0,8
BRDA:40,4,1,0
BRDA:41,5,0,1
BRDA:41,5,1,7
BRDA:42,6,0,8
BRDA:42,6,1,0
BRDA:43,7,0,8
BRDA:43,7,1,0
BRDA:44,8,0,8
BRDA:44,8,1,0
BRDA:45,9,0,1
BRDA:45,9,1,7
BRDA:46,10,0,8
BRDA:46,10,1,0
BRDA:47,11,0,8
BRDA:47,11,1,0
BRF:24
BRH:15
end_of_record
TN:
SF:/Users/jschuler/Documents/GitHub/pf-react-fork/packages/patternfly-4/react-core/src/components/Dropdown/Separator.tsx
FN:13,(anonymous_4)
FN:19,(anonymous_5)
FN:21,(anonymous_6)
FNF:3
FNH:3
FNDA:7,(anonymous_4)
FNDA:6,(anonymous_5)
FNDA:6,(anonymous_6)
DA:1,6
DA:2,6
DA:3,6
DA:4,6
DA:13,6
DA:14,14
DA:15,7
DA:16,7
DA:17,7
DA:19,6
DA:21,6
LF:11
LH:11
BRDA:14,0,0,7
BRDA:14,0,1,0
BRF:2
BRH:1
end_of_record
TN:
SF:/Users/jschuler/Documents/GitHub/pf-react-fork/packages/patternfly-4/react-core/src/components/Dropdown/Toggle.tsx
FN:45,(anonymous_11)
FN:62,(anonymous_13)
FN:63,(anonymous_14)
FN:64,(anonymous_15)
FN:65,(anonymous_16)
FN:68,(anonymous_17)
FN:69,(anonymous_18)
FN:70,(anonymous_19)
FN:71,(anonymous_20)
FN:74,(anonymous_21)
FN:86,(anonymous_22)
FN:101,(anonymous_23)
FN:114,(anonymous_24)
FN:136,(anonymous_25)
FN:151,(anonymous_26)
FN:154,(anonymous_27)
FN:58,(anonymous_28)
FN:59,(anonymous_29)
FNF:18
FNH:8
FNDA:80,(anonymous_11)
FNDA:73,(anonymous_13)
FNDA:0,(anonymous_14)
FNDA:0,(anonymous_15)
FNDA:2,(anonymous_16)
FNDA:2,(anonymous_17)
FNDA:0,(anonymous_18)
FNDA:0,(anonymous_19)
FNDA:0,(anonymous_20)
FNDA:0,(anonymous_21)
FNDA:2,(anonymous_22)
FNDA:0,(anonymous_23)
FNDA:77,(anonymous_24)
FNDA:77,(anonymous_25)
FNDA:4,(anonymous_26)
FNDA:0,(anonymous_27)
FNDA:0,(anonymous_28)
FNDA:0,(anonymous_29)
DA:1,7
DA:2,7
DA:3,7
DA:4,7
DA:5,7
DA:45,73
DA:46,73
DA:48,7
DA:62,73
DA:63,73
DA:64,73
DA:65,73
DA:68,73
DA:69,2
DA:70,2
DA:71,2
DA:74,73
DA:75,0
DA:81,0
DA:82,0
DA:86,73
DA:87,2
DA:88,2
DA:89,2
DA:96,0
DA:97,0
DA:101,73
DA:102,0
DA:103,0
DA:105,0
DA:106,0
DA:107,0
DA:108,0
DA:109,0
DA:110,0
DA:114,77
DA:115,77
DA:116,77
DA:117,77
DA:118,77
DA:119,77
DA:120,77
DA:121,77
DA:122,77
DA:123,77
DA:124,77
DA:125,77
DA:126,77
DA:127,77
DA:128,77
DA:129,77
DA:130,77
DA:131,77
DA:132,77
DA:134,77
DA:136,77
DA:151,4
DA:154,0
DA:163,7
LF:59
LH:45
BRDA:45,0,0,73
BRDA:45,0,1,73
BRDA:45,0,2,73
BRDA:75,1,0,0
BRDA:75,1,1,0
BRDA:76,2,0,0
BRDA:76,2,1,0
BRDA:76,2,2,0
BRDA:76,2,3,0
BRDA:88,3,0,2
BRDA:88,3,1,2
BRDA:89,4,0,0
BRDA:89,4,1,2
BRDA:90,5,0,2
BRDA:90,5,1,2
BRDA:90,5,2,2
BRDA:90,5,3,0
BRDA:90,5,4,0
BRDA:90,5,5,0
BRDA:102,6,0,0
BRDA:102,6,1,0
BRDA:102,7,0,0
BRDA:102,7,1,0
BRDA:106,8,0,0
BRDA:106,8,1,0
BRDA:106,9,0,0
BRDA:106,9,1,0
BRDA:106,9,2,0
BRDA:106,9,3,0
BRDA:108,10,0,0
BRDA:108,10,1,0
BRDA:108,11,0,0
BRDA:108,11,1,0
BRDA:108,11,2,0
BRDA:142,12,0,0
BRDA:142,12,1,77
BRDA:142,13,0,77
BRDA:142,13,1,11
BRDA:143,14,0,77
BRDA:143,14,1,3
BRDA:144,15,0,77
BRDA:144,15,1,1
BRDA:145,16,0,77
BRDA:145,16,1,1
BRDA:146,17,0,77
BRDA:146,17,1,2
BRDA:147,18,0,77
BRDA:147,18,1,1
BRDA:150,19,0,77
BRDA:150,19,1,77
BRF:50
BRH:24
end_of_record
TN:
SF:/Users/jschuler/Documents/GitHub/pf-react-fork/packages/patternfly-4/react-core/src/components/Dropdown/dropdownConstants.tsx
FN:3,(anonymous_1)
FN:8,(anonymous_2)
FN:31,(anonymous_3)
FNF:3
FNH:2
FNDA:9,(anonymous_1)
FNDA:9,(anonymous_2)
FNDA:0,(anonymous_3)
DA:1,9
DA:3,9
DA:4,9
DA:5,9
DA:8,9
DA:9,9
DA:10,9
DA:13,9
DA:31,0
DA:49,9
LF:10
LH:9
BRDA:3,0,0,9
BRDA:3,0,1,9
BRDA:8,1,0,9
BRDA:8,1,1,9
BRF:4
BRH:4
end_of_record
TN:
SF:/Users/jschuler/Documents/GitHub/pf-react-fork/packages/patternfly-4/react-core/src/components/Dropdown/index.ts
FNF:0
FNH:0
DA:1,4
DA:2,4
DA:3,4
DA:4,4
DA:5,4
DA:6,4
DA:7,4
DA:8,4
DA:9,4
DA:10,4
DA:11,4
DA:12,4
LF:12
LH:12
BRF:0
BRH:0
end_of_record
TN:
SF:/Users/jschuler/Documents/GitHub/pf-react-fork/packages/patternfly-4/react-core/src/components/EmptyState/EmptyState.tsx
FN:5,(anonymous_5)
FN:26,(anonymous_6)
FNF:2
FNH:2
FNDA:1,(anonymous_5)
FNDA:3,(anonymous_6)
DA:1,1
DA:2,1
DA:3,1
DA:5,1
DA:6,1
DA:7,1
DA:8,1
DA:11,1
DA:26,1
DA:27,3
DA:28,6
DA:29,6
DA:30,3
DA:32,3
DA:33,3
LF:15
LH:15
BRDA:5,0,0,1
BRDA:5,0,1,1
BRDA:28,1,0,3
BRDA:28,1,1,0
BRDA:29,2,0,1
BRDA:29,2,1,2
BRF:6
BRH:5
end_of_record
TN:
SF:/Users/jschuler/Documents/GitHub/pf-react-fork/packages/patternfly-4/react-core/src/components/EmptyState/EmptyStateBody.tsx
FN:12,(anonymous_5)
FNF:1
FNH:1
FNDA:1,(anonymous_5)
DA:1,1
DA:2,1
DA:3,1
DA:12,1
DA:13,1
DA:14,2
DA:15,1
DA:16,1
LF:8
LH:8
BRDA:14,0,0,0
BRDA:14,0,1,1
BRF:2
BRH:1
end_of_record
TN:
SF:/Users/jschuler/Documents/GitHub/pf-react-fork/packages/patternfly-4/react-core/src/components/EmptyState/EmptyStateIcon.tsx
FN:6,(anonymous_5)
FN:33,(anonymous_6)
FNF:2
FNH:2
FNDA:1,(anonymous_5)
FNDA:2,(anonymous_6)
DA:1,1
DA:2,1
DA:3,1
DA:6,1
DA:7,1
DA:8,1
DA:9,1
DA:10,1
DA:33,1
DA:34,4
DA:35,4
DA:36,4
DA:37,4
DA:38,2
DA:40,2
DA:41,2
LF:16
LH:16
BRDA:6,0,0,1
BRDA:6,0,1,1
BRDA:34,1,0,0
BRDA:34,1,1,2
BRDA:35,2,0,1
BRDA:35,2,1,1
BRDA:36,3,0,1
BRDA:36,3,1,1
BRDA:37,4,0,1
BRDA:37,4,1,1
BRDA:42,5,0,1
BRDA:42,5,1,1
BRF:12
BRH:11
end_of_record
TN:
SF:/Users/jschuler/Documents/GitHub/pf-react-fork/packages/patternfly-4/react-core/src/components/EmptyState/EmptyStatePrimary.tsx
FN:12,(anonymous_5)
FNF:1
FNH:1
FNDA:1,(anonymous_5)
DA:1,1
DA:2,1
DA:3,1
DA:12,1
DA:13,1
DA:14,2
DA:15,1
DA:17,1
LF:8
LH:8
BRDA:14,0,0,0
BRDA:14,0,1,1
BRF:2
BRH:1
end_of_record
TN:
SF:/Users/jschuler/Documents/GitHub/pf-react-fork/packages/patternfly-4/react-core/src/components/EmptyState/EmptyStateSecondaryActions.tsx
FN:11,(anonymous_5)
FNF:1
FNH:1
FNDA:1,(anonymous_5)
DA:1,1
DA:2,1
DA:3,1
DA:11,1
DA:12,2
DA:13,2
DA:14,1
DA:15,1
LF:8
LH:8
BRDA:12,0,0,1
BRDA:12,0,1,0
BRDA:13,1,0,0
BRDA:13,1,1,1
BRF:4
BRH:2
end_of_record
TN:
SF:/Users/jschuler/Documents/GitHub/pf-react-fork/packages/patternfly-4/react-core/src/components/Expandable/Expandable.tsx
FN:33,(anonymous_11)
FN:34,Expandable
FN:53,(anonymous_13)
FN:63,(anonymous_14)
FN:83,(anonymous_15)
FN:85,(anonymous_16)
FN:47,(anonymous_17)
FNF:7
FNH:6
FNDA:1,(anonymous_11)
FNDA:4,Expandable
FNDA:5,(anonymous_13)
FNDA:5,(anonymous_14)
FNDA:1,(anonymous_15)
FNDA:1,(anonymous_16)
FNDA:0,(anonymous_17)
DA:1,1
DA:2,1
DA:3,1
DA:4,1
DA:33,1
DA:35,4
DA:37,4
DA:42,1
DA:47,0
DA:53,1
DA:54,5
DA:55,0
DA:57,5
DA:58,0
DA:60,5
DA:63,5
DA:64,5
DA:65,5
DA:66,5
DA:67,5
DA:68,5
DA:69,5
DA:70,5
DA:71,5
DA:72,5
DA:73,5
DA:74,5
DA:75,5
DA:77,5
DA:78,5
DA:81,5
DA:82,4
DA:83,4
DA:84,1
DA:85,1
DA:89,5
DA:91,5
DA:113,1
LF:38
LH:35
BRDA:35,0,0,4
BRDA:35,0,1,4
BRDA:54,1,0,0
BRDA:54,1,1,5
BRDA:54,2,0,5
BRDA:54,2,1,2
BRDA:57,3,0,0
BRDA:57,3,1,5
BRDA:57,4,0,5
BRDA:57,4,1,3
BRDA:81,5,0,4
BRDA:81,5,1,1
BRDA:92,6,0,5
BRDA:92,6,1,2
BRDA:96,7,0,5
BRDA:96,7,1,0
BRDA:97,8,0,5
BRDA:97,8,1,0
BRDA:98,9,0,5
BRDA:98,9,1,0
BRF:20
BRH:15
end_of_record
TN:
SF:/Users/jschuler/Documents/GitHub/pf-react-fork/packages/patternfly-4/react-core/src/components/Form/ActionGroup.tsx
FN:13,(anonymous_5)
FN:24,(anonymous_6)
FNF:2
FNH:2
FNDA:2,(anonymous_5)
FNDA:2,(anonymous_6)
DA:1,2
DA:2,2
DA:3,2
DA:4,2
DA:13,2
DA:14,4
DA:15,4
DA:16,2
DA:18,2
DA:19,2
DA:21,2
DA:22,2
DA:24,2
LF:13
LH:13
BRDA:14,0,0,1
BRDA:14,0,1,1
BRDA:15,1,0,2
BRDA:15,1,1,0
BRDA:26,2,0,1
BRDA:26,2,1,1
BRF:6
BRH:5
end_of_record
TN:
SF:/Users/jschuler/Documents/GitHub/pf-react-fork/packages/patternfly-4/react-core/src/components/Form/Form.tsx
FN:15,(anonymous_5)
FNF:1
FNH:1
FNDA:4,(anonymous_5)
DA:1,4
DA:2,4
DA:3,4
DA:4,4
DA:15,4
DA:16,8
DA:17,8
DA:18,8
DA:19,4
DA:20,4
LF:10
LH:10
BRDA:16,0,0,2
BRDA:16,0,1,2
BRDA:17,1,0,4
BRDA:17,1,1,0
BRDA:18,2,0,1
BRDA:18,2,1,3
BRDA:21,3,0,4
BRDA:21,3,1,3
BRF:8
BRH:7
end_of_record
TN:
SF:/Users/jschuler/Documents/GitHub/pf-react-fork/packages/patternfly-4/react-core/src/components/Form/FormContext.tsx
FNF:0
FNH:0
DA:1,4
DA:3,4
LF:2
LH:2
BRF:0
BRH:0
end_of_record
TN:
SF:/Users/jschuler/Documents/GitHub/pf-react-fork/packages/patternfly-4/react-core/src/components/Form/FormGroup.tsx
FN:34,(anonymous_5)
FN:65,(anonymous_6)
FNF:2
FNH:2
FNDA:14,(anonymous_5)
FNDA:14,(anonymous_6)
DA:1,2
DA:3,2
DA:4,2
DA:5,2
DA:6,2
DA:7,2
DA:34,2
DA:35,28
DA:36,28
DA:37,14
DA:38,28
DA:39,28
DA:40,28
DA:41,28
DA:42,14
DA:43,14
DA:44,14
DA:45,14
DA:48,14
DA:58,14
DA:63,14
DA:65,14
LF:22
LH:22
BRDA:35,0,0,0
BRDA:35,0,1,14
BRDA:36,1,0,14
BRDA:36,1,1,0
BRDA:38,2,0,12
BRDA:38,2,1,2
BRDA:39,3,0,13
BRDA:39,3,1,1
BRDA:40,4,0,12
BRDA:40,4,1,2
BRDA:41,5,0,13
BRDA:41,5,1,1
BRDA:49,6,0,14
BRDA:49,6,1,1
BRDA:68,7,0,1
BRDA:68,7,1,13
BRDA:70,8,0,14
BRDA:70,8,1,13
BRDA:73,9,0,13
BRDA:73,9,1,2
BRDA:80,10,0,1
BRDA:80,10,1,13
BRDA:82,11,0,1
BRDA:82,11,1,13
BRDA:81,12,0,14
BRDA:81,12,1,13
BRDA:81,12,2,2
BRDA:84,13,0,6
BRDA:84,13,1,7
BRDA:83,14,0,13
BRDA:83,14,1,12
BRF:31
BRH:29
end_of_record
TN:
SF:/Users/jschuler/Documents/GitHub/pf-react-fork/packages/patternfly-4/react-core/src/components/Form/FormHelperText.tsx
FN:16,(anonymous_5)
FNF:1
FNH:1
FNDA:4,(anonymous_5)
DA:1,2
DA:2,2
DA:3,2
DA:16,2
DA:17,8
DA:18,8
DA:19,8
DA:20,8
DA:21,4
DA:22,4
LF:10
LH:10
BRDA:17,0,0,3
BRDA:17,0,1,1
BRDA:18,1,0,3
BRDA:18,1,1,1
BRDA:19,2,0,3
BRDA:19,2,1,1
BRDA:20,3,0,3
BRDA:20,3,1,1
BRDA:26,4,0,1
BRDA:26,4,1,3
BRDA:27,5,0,3
BRDA:27,5,1,1
BRF:12
BRH:12
end_of_record
TN:
SF:/Users/jschuler/Documents/GitHub/pf-react-fork/packages/patternfly-4/react-core/src/components/Form/index.ts
FNF:0
FNH:0
DA:1,1
DA:2,1
DA:3,1
DA:4,1
LF:4
LH:4
BRF:0
BRH:0
end_of_record
TN:
SF:/Users/jschuler/Documents/GitHub/pf-react-fork/packages/patternfly-4/react-core/src/components/FormSelect/FormSelect.tsx
FN:36,(anonymous_11)
FN:37,FormSelect
FN:57,(anonymous_13)
FN:61,(anonymous_14)
FN:52,(anonymous_15)
FN:53,(anonymous_16)
FN:54,(anonymous_17)
FNF:7
FNH:4
FNDA:3,(anonymous_11)
FNDA:11,FormSelect
FNDA:1,(anonymous_13)
FNDA:11,(anonymous_14)
FNDA:0,(anonymous_15)
FNDA:0,(anonymous_16)
FNDA:0,(anonymous_17)
DA:1,3
DA:2,3
DA:3,3
DA:5,3
DA:36,3
DA:38,11
DA:39,11
DA:41,1
DA:45,3
DA:52,0
DA:53,0
DA:54,0
DA:57,11
DA:58,1
DA:61,3
DA:62,11
DA:63,11
DA:81,3
LF:18
LH:15
BRDA:38,0,0,11
BRDA:38,0,1,11
BRDA:39,1,0,1
BRDA:39,1,1,10
BRDA:39,2,0,11
BRDA:39,2,1,10
BRDA:69,3,0,11
BRDA:69,3,1,1
BRDA:71,4,0,11
BRDA:71,4,1,10
BRF:10
BRH:10
end_of_record
TN:
SF:/Users/jschuler/Documents/GitHub/pf-react-fork/packages/patternfly-4/react-core/src/components/FormSelect/FormSelectOption.tsx
FN:15,(anonymous_4)
FNF:1
FNH:0
FNDA:0,(anonymous_4)
DA:1,3
DA:15,3
DA:16,0
DA:17,0
DA:18,0
DA:19,0
DA:20,0
DA:21,0
LF:8
LH:2
BRDA:16,0,0,0
BRDA:16,0,1,0
BRDA:17,1,0,0
BRDA:17,1,1,0
BRDA:18,2,0,0
BRDA:18,2,1,0
BRF:6
BRH:0
end_of_record
TN:
SF:/Users/jschuler/Documents/GitHub/pf-react-fork/packages/patternfly-4/react-core/src/components/FormSelect/FormSelectOptionGroup.tsx
FN:15,(anonymous_4)
FNF:1
FNH:0
FNDA:0,(anonymous_4)
DA:1,3
DA:15,3
DA:16,0
DA:17,0
DA:18,0
DA:19,0
DA:20,0
DA:21,0
LF:8
LH:2
BRDA:16,0,0,0
BRDA:16,0,1,0
BRDA:17,1,0,0
BRDA:17,1,1,0
BRDA:18,2,0,0
BRDA:18,2,1,0
BRF:6
BRH:0
end_of_record
TN:
SF:/Users/jschuler/Documents/GitHub/pf-react-fork/packages/patternfly-4/react-core/src/components/FormSelect/index.ts
FNF:0
FNH:0
DA:1,2
DA:2,2
DA:3,2
LF:3
LH:3
BRF:0
BRH:0
end_of_record
TN:
SF:/Users/jschuler/Documents/GitHub/pf-react-fork/packages/patternfly-4/react-core/src/components/InputGroup/InputGroup.tsx
FN:15,(anonymous_5)
FN:20,(anonymous_6)
FN:22,(anonymous_7)
FN:27,(anonymous_8)
FNF:4
FNH:4
FNDA:2,(anonymous_5)
FNDA:6,(anonymous_6)
FNDA:3,(anonymous_7)
FNDA:2,(anonymous_8)
DA:1,2
DA:2,2
DA:3,2
DA:4,2
DA:5,2
DA:6,2
DA:15,2
DA:16,4
DA:17,2
DA:18,2
DA:20,6
DA:21,2
DA:22,3
DA:24,2
DA:28,2
LF:15
LH:15
BRDA:16,0,0,1
BRDA:16,0,1,1
BRDA:22,1,0,3
BRDA:22,1,1,1
BRDA:27,2,0,1
BRDA:27,2,1,1
BRDA:29,3,0,1
BRDA:29,3,1,1
BRF:8
BRH:8
end_of_record
TN:
SF:/Users/jschuler/Documents/GitHub/pf-react-fork/packages/patternfly-4/react-core/src/components/InputGroup/InputGroupText.tsx
FN:14,(anonymous_5)
FNF:1
FNH:1
FNDA:1,(anonymous_5)
DA:1,2
DA:2,2
DA:3,2
DA:14,2
DA:15,2
DA:16,2
DA:17,1
DA:18,1
DA:20,1
DA:21,1
LF:10
LH:10
BRDA:15,0,0,0
BRDA:15,0,1,1
BRDA:16,1,0,1
BRDA:16,1,1,0
BRF:4
BRH:2
end_of_record
TN:
SF:/Users/jschuler/Documents/GitHub/pf-react-fork/packages/patternfly-4/react-core/src/components/InputGroup/index.ts
FNF:0
FNH:0
DA:1,1
DA:2,1
LF:2
LH:2
BRF:0
BRH:0
end_of_record
TN:
SF:/Users/jschuler/Documents/GitHub/pf-react-fork/packages/patternfly-4/react-core/src/components/Label/Label.tsx
FN:14,(anonymous_5)
FNF:1
FNH:1
FNDA:4,(anonymous_5)
DA:1,1
DA:2,1
DA:3,1
DA:14,1
DA:15,4
DA:16,8
DA:17,8
DA:18,4
DA:19,4
LF:9
LH:9
BRDA:16,0,0,2
BRDA:16,0,1,2
BRDA:17,1,0,3
BRDA:17,1,1,1
BRDA:20,2,0,4
BRDA:20,2,1,1
BRF:6
BRH:6
end_of_record
TN:
SF:/Users/jschuler/Documents/GitHub/pf-react-fork/packages/patternfly-4/react-core/src/components/List/List.tsx
FN:6,(anonymous_5)
FN:14,(anonymous_6)
FN:18,(anonymous_7)
FN:35,(anonymous_8)
FNF:4
FNH:4
FNDA:2,(anonymous_5)
FNDA:2,(anonymous_6)
FNDA:2,(anonymous_7)
FNDA:8,(anonymous_8)
DA:1,2
DA:2,2
DA:3,2
DA:6,2
DA:7,2
DA:8,2
DA:9,2
DA:10,2
DA:11,2
DA:14,2
DA:15,2
DA:18,2
DA:19,2
DA:20,2
DA:35,2
DA:36,16
DA:37,16
DA:38,16
DA:39,16
DA:40,16
DA:41,16
DA:42,8
DA:44,8
LF:23
LH:23
BRDA:6,0,0,2
BRDA:6,0,1,2
BRDA:14,1,0,2
BRDA:14,1,1,2
BRDA:18,2,0,2
BRDA:18,2,1,2
BRDA:36,3,0,8
BRDA:36,3,1,0
BRDA:37,4,0,0
BRDA:37,4,1,8
BRDA:38,5,0,6
BRDA:38,5,1,2
BRDA:39,6,0,7
BRDA:39,6,1,1
BRDA:40,7,0,8
BRDA:40,7,1,0
BRDA:41,8,0,4
BRDA:41,8,1,4
BRDA:45,9,0,4
BRDA:45,9,1,4
BRDA:45,10,0,4
BRDA:45,10,1,1
BRDA:49,11,0,4
BRDA:49,11,1,1
BRF:24
BRH:21
end_of_record
TN:
SF:/Users/jschuler/Documents/GitHub/pf-react-fork/packages/patternfly-4/react-core/src/components/List/ListItem.tsx
FN:8,(anonymous_4)
FNF:1
FNH:1
FNDA:16,(anonymous_4)
DA:1,2
DA:8,32
LF:2
LH:2
BRDA:8,0,0,0
BRDA:8,0,1,16
BRF:2
BRH:1
end_of_record
TN:
SF:/Users/jschuler/Documents/GitHub/pf-react-fork/packages/patternfly-4/react-core/src/components/List/index.ts
FNF:0
FNH:0
DA:1,1
DA:2,1
LF:2
LH:2
BRF:0
BRH:0
end_of_record
TN:
SF:/Users/jschuler/Documents/GitHub/pf-react-fork/packages/patternfly-4/react-core/src/components/LoginPage/Login.tsx
FN:16,(anonymous_5)
FNF:1
FNH:1
FNDA:1,(anonymous_5)
DA:1,2
DA:2,2
DA:3,2
DA:16,2
DA:17,2
DA:18,2
DA:19,2
DA:20,2
DA:21,1
DA:22,1
LF:10
LH:10
BRDA:17,0,0,1
BRDA:17,0,1,0
BRDA:18,1,0,0
BRDA:18,1,1,1
BRDA:19,2,0,0
BRDA:19,2,1,1
BRDA:20,3,0,0
BRDA:20,3,1,1
BRF:8
BRH:4
end_of_record
TN:
SF:/Users/jschuler/Documents/GitHub/pf-react-fork/packages/patternfly-4/react-core/src/components/LoginPage/LoginFooter.tsx
FN:12,(anonymous_5)
FNF:1
FNH:0
FNDA:0,(anonymous_5)
DA:1,2
DA:2,2
DA:3,2
DA:12,2
DA:13,0
DA:14,0
DA:15,0
DA:16,0
LF:8
LH:4
BRDA:13,0,0,0
BRDA:13,0,1,0
BRDA:14,1,0,0
BRDA:14,1,1,0
BRF:4
BRH:0
end_of_record
TN:
SF:/Users/jschuler/Documents/GitHub/pf-react-fork/packages/patternfly-4/react-core/src/components/LoginPage/LoginFooterItem.tsx
FN:14,(anonymous_4)
FNF:1
FNH:1
FNDA:4,(anonymous_4)
DA:1,1
DA:14,1
DA:15,8
DA:16,8
DA:17,8
DA:18,8
DA:19,4
DA:21,4
DA:22,4
LF:9
LH:9
BRDA:15,0,0,3
BRDA:15,0,1,1
BRDA:16,1,0,3
BRDA:16,1,1,1
BRDA:17,2,0,3
BRDA:17,2,1,1
BRDA:18,3,0,3
BRDA:18,3,1,1
BRDA:23,4,0,1
BRDA:23,4,1,3
BRF:10
BRH:10
end_of_record
TN:
SF:/Users/jschuler/Documents/GitHub/pf-react-fork/packages/patternfly-4/react-core/src/components/LoginPage/LoginForm.tsx
FN:50,(anonymous_4)
FN:57,(anonymous_5)
FN:61,(anonymous_6)
FN:65,(anonymous_7)
FN:68,(anonymous_8)
FNF:5
FNH:1
FNDA:6,(anonymous_4)
FNDA:0,(anonymous_5)
FNDA:0,(anonymous_6)
FNDA:0,(anonymous_7)
FNDA:0,(anonymous_8)
DA:1,1
DA:2,1
DA:3,1
DA:4,1
DA:5,1
DA:50,1
DA:51,12
DA:52,12
DA:53,12
DA:54,12
DA:55,12
DA:56,12
DA:57,12
DA:58,12
DA:59,12
DA:60,12
DA:61,12
DA:62,12
DA:63,12
DA:64,12
DA:65,12
DA:66,12
DA:67,12
DA:68,12
DA:69,12
DA:70,6
DA:71,6
LF:27
LH:27
BRDA:51,0,0,6
BRDA:51,0,1,0
BRDA:52,1,0,6
BRDA:52,1,1,0
BRDA:53,2,0,6
BRDA:53,2,1,0
BRDA:54,3,0,6
BRDA:54,3,1,0
BRDA:55,4,0,6
BRDA:55,4,1,0
BRDA:56,5,0,6
BRDA:56,5,1,0
BRDA:57,6,0,5
BRDA:57,6,1,1
BRDA:58,7,0,6
BRDA:58,7,1,0
BRDA:59,8,0,6
BRDA:59,8,1,0
BRDA:60,9,0,6
BRDA:60,9,1,0
BRDA:61,10,0,5
BRDA:61,10,1,1
BRDA:62,11,0,6
BRDA:62,11,1,0
BRDA:63,12,0,6
BRDA:63,12,1,0
BRDA:64,13,0,6
BRDA:64,13,1,0
BRDA:65,14,0,6
BRDA:65,14,1,0
BRDA:66,15,0,1
BRDA:66,15,1,5
BRDA:67,16,0,6
BRDA:67,16,1,0
BRDA:68,17,0,5
BRDA:68,17,1,1
BRDA:69,18,0,5
BRDA:69,18,1,1
BRDA:73,19,0,6
BRDA:73,19,1,6
BRDA:99,20,0,6
BRDA:99,20,1,5
BRF:42
BRH:28
end_of_record
TN:
SF:/Users/jschuler/Documents/GitHub/pf-react-fork/packages/patternfly-4/react-core/src/components/LoginPage/LoginHeader.tsx
FN:14,(anonymous_5)
FNF:1
FNH:0
FNDA:0,(anonymous_5)
DA:1,2
DA:2,2
DA:3,2
DA:14,2
DA:15,0
DA:16,0
DA:17,0
DA:18,0
DA:19,0
LF:9
LH:4
BRDA:15,0,0,0
BRDA:15,0,1,0
BRDA:16,1,0,0
BRDA:16,1,1,0
BRDA:17,2,0,0
BRDA:17,2,1,0
BRF:6
BRH:0
end_of_record
TN:
SF:/Users/jschuler/Documents/GitHub/pf-react-fork/packages/patternfly-4/react-core/src/components/LoginPage/LoginMainBody.tsx
FN:12,(anonymous_5)
FNF:1
FNH:1
FNDA:3,(anonymous_5)
DA:1,2
DA:2,2
DA:3,2
DA:12,2
DA:13,6
DA:14,6
DA:15,3
DA:16,3
LF:8
LH:8
BRDA:13,0,0,3
BRDA:13,0,1,0
BRDA:14,1,0,2
BRDA:14,1,1,1
BRF:4
BRH:3
end_of_record
TN:
SF:/Users/jschuler/Documents/GitHub/pf-react-fork/packages/patternfly-4/react-core/src/components/LoginPage/LoginMainFooter.tsx
FN:18,(anonymous_5)
FNF:1
FNH:1
FNDA:3,(anonymous_5)
DA:1,2
DA:2,2
DA:3,2
DA:18,2
DA:19,6
DA:20,6
DA:21,6
DA:22,6
DA:23,6
DA:24,3
DA:25,3
LF:11
LH:11
BRDA:19,0,0,3
BRDA:19,0,1,0
BRDA:20,1,0,3
BRDA:20,1,1,0
BRDA:21,2,0,3
BRDA:21,2,1,0
BRDA:22,3,0,3
BRDA:22,3,1,0
BRDA:23,4,0,2
BRDA:23,4,1,1
BRDA:28,5,0,3
BRDA:28,5,1,0
BRDA:29,6,0,3
BRDA:29,6,1,3
BRDA:29,6,2,0
BRF:15
BRH:9
end_of_record
TN:
SF:/Users/jschuler/Documents/GitHub/pf-react-fork/packages/patternfly-4/react-core/src/components/LoginPage/LoginMainFooterBandItem.tsx
FN:12,(anonymous_5)
FNF:1
FNH:1
FNDA:4,(anonymous_5)
DA:1,1
DA:2,1
DA:3,1
DA:12,1
DA:13,8
DA:14,8
DA:15,4
DA:16,4
LF:8
LH:8
BRDA:13,0,0,3
BRDA:13,0,1,1
BRDA:14,1,0,3
BRDA:14,1,1,1
BRF:4
BRH:4
end_of_record
TN:
SF:/Users/jschuler/Documents/GitHub/pf-react-fork/packages/patternfly-4/react-core/src/components/LoginPage/LoginMainFooterLinksItem.tsx
FN:18,(anonymous_5)
FNF:1
FNH:1
FNDA:4,(anonymous_5)
DA:1,1
DA:2,1
DA:3,1
DA:18,1
DA:19,8
DA:20,8
DA:21,8
DA:22,8
DA:23,8
DA:24,4
DA:26,4
DA:28,4
LF:12
LH:12
BRDA:19,0,0,3
BRDA:19,0,1,1
BRDA:20,1,0,3
BRDA:20,1,1,1
BRDA:21,2,0,3
BRDA:21,2,1,1
BRDA:22,3,0,3
BRDA:22,3,1,1
BRDA:23,4,0,4
BRDA:23,4,1,0
BRF:10
BRH:9
end_of_record
TN:
SF:/Users/jschuler/Documents/GitHub/pf-react-fork/packages/patternfly-4/react-core/src/components/LoginPage/LoginMainHeader.tsx
FN:17,(anonymous_5)
FNF:1
FNH:1
FNDA:4,(anonymous_5)
DA:1,2
DA:2,2
DA:3,2
DA:4,2
DA:17,2
DA:18,8
DA:19,8
DA:20,8
DA:21,8
DA:22,4
DA:23,4
LF:11
LH:11
BRDA:18,0,0,4
BRDA:18,0,1,0
BRDA:19,1,0,3
BRDA:19,1,1,1
BRDA:20,2,0,3
BRDA:20,2,1,1
BRDA:21,3,0,3
BRDA:21,3,1,1
BRDA:25,4,0,4
BRDA:25,4,1,1
BRDA:30,5,0,4
BRDA:30,5,1,1
BRF:12
BRH:11
end_of_record
TN:
SF:/Users/jschuler/Documents/GitHub/pf-react-fork/packages/patternfly-4/react-core/src/components/LoginPage/LoginPage.tsx
FN:46,(anonymous_4)
FNF:1
FNH:1
FNDA:1,(anonymous_4)
DA:1,1
DA:2,1
DA:4,1
DA:5,1
DA:6,1
DA:8,1
DA:9,1
DA:10,1
DA:11,1
DA:12,1
DA:13,1
DA:46,1
DA:47,2
DA:48,2
DA:49,2
DA:50,2
DA:51,2
DA:52,2
DA:53,2
DA:54,2
DA:55,1
DA:56,1
DA:57,1
DA:58,2
DA:59,2
DA:60,2
DA:61,1
DA:64,1
DA:68,1
DA:70,1
DA:76,1
LF:31
LH:31
BRDA:47,0,0,1
BRDA:47,0,1,0
BRDA:48,1,0,1
BRDA:48,1,1,0
BRDA:49,2,0,0
BRDA:49,2,1,1
BRDA:50,3,0,0
BRDA:50,3,1,1
BRDA:51,4,0,0
BRDA:51,4,1,1
BRDA:52,5,0,0
BRDA:52,5,1,1
BRDA:53,6,0,0
BRDA:53,6,1,1
BRDA:54,7,0,0
BRDA:54,7,1,1
BRDA:58,8,0,0
BRDA:58,8,1,1
BRDA:59,9,0,1
BRDA:59,9,1,0
BRDA:60,10,0,0
BRDA:60,10,1,1
BRDA:78,11,0,1
BRDA:78,11,1,1
BRDA:82,12,0,1
BRDA:82,12,1,0
BRDA:82,12,2,0
BRDA:82,12,3,1
BRF:28
BRH:15
end_of_record
TN:
SF:/Users/jschuler/Documents/GitHub/pf-react-fork/packages/patternfly-4/react-core/src/components/Modal/Modal.tsx
FN:52,(anonymous_11)
FN:70,Modal
FN:80,(anonymous_13)
FN:86,(anonymous_14)
FN:96,(anonymous_15)
FN:107,(anonymous_16)
FN:122,(anonymous_17)
FN:134,(anonymous_18)
FN:144,(anonymous_19)
FN:64,(anonymous_20)
FNF:10
FNH:8
FNDA:1,(anonymous_11)
FNDA:7,Modal
FNDA:2,(anonymous_13)
FNDA:25,(anonymous_14)
FNDA:9,(anonymous_15)
FNDA:7,(anonymous_16)
FNDA:9,(anonymous_17)
FNDA:0,(anonymous_18)
FNDA:16,(anonymous_19)
FNDA:0,(anonymous_20)
DA:1,1
DA:2,1
DA:3,1
DA:5,1
DA:6,1
DA:8,1
DA:9,1
DA:52,1
DA:53,1
DA:54,7
DA:56,1
DA:64,0
DA:71,7
DA:72,7
DA:73,7
DA:75,7
DA:80,7
DA:81,2
DA:82,1
DA:86,7
DA:88,25
DA:89,0
DA:91,25
DA:93,25
DA:96,7
DA:97,9
DA:98,9
DA:99,9
DA:100,35
DA:101,35
DA:102,32
DA:107,1
DA:108,7
DA:109,7
DA:110,7
DA:111,7
DA:112,7
DA:113,7
DA:115,7
DA:116,3
DA:118,4
DA:122,1
DA:123,9
DA:124,9
DA:125,9
DA:126,4
DA:127,4
DA:129,5
DA:130,5
DA:134,1
DA:135,0
DA:136,0
DA:137,0
DA:138,0
DA:140,0
DA:141,0
DA:144,1
DA:145,16
DA:146,16
DA:148,16
DA:149,7
DA:152,9
DA:162,1
LF:63
LH:55
BRDA:71,0,0,7
BRDA:71,0,1,7
BRDA:81,1,0,1
BRDA:81,1,1,1
BRDA:81,2,0,2
BRDA:81,2,1,2
BRDA:88,3,0,0
BRDA:88,3,1,25
BRDA:101,4,0,32
BRDA:101,4,1,3
BRDA:102,5,0,18
BRDA:102,5,1,14
BRDA:115,6,0,3
BRDA:115,6,1,4
BRDA:125,7,0,4
BRDA:125,7,1,5
BRDA:137,8,0,0
BRDA:137,8,1,0
BRDA:148,9,0,7
BRDA:148,9,1,9
BRDA:148,10,0,16
BRDA:148,10,1,16
BRDA:67,11,0,1
BRDA:67,11,1,1
BRDA:67,11,2,0
BRF:25
BRH:21
end_of_record
TN:
SF:/Users/jschuler/Documents/GitHub/pf-react-fork/packages/patternfly-4/react-core/src/components/Modal/ModalBox.tsx
FN:20,(anonymous_5)
FNF:1
FNH:1
FNDA:5,(anonymous_5)
DA:1,3
DA:2,3
DA:3,3
DA:20,3
DA:21,5
DA:22,10
DA:23,10
DA:24,10
DA:25,5
DA:26,5
DA:27,5
DA:28,5
LF:12
LH:12
BRDA:22,0,0,3
BRDA:22,0,1,2
BRDA:23,1,0,2
BRDA:23,1,1,3
BRDA:24,2,0,2
BRDA:24,2,1,3
BRDA:35,3,0,5
BRDA:35,3,1,1
BRDA:35,4,0,5
BRDA:35,4,1,1
BRF:10
BRH:10
end_of_record
TN:
SF:/Users/jschuler/Documents/GitHub/pf-react-fork/packages/patternfly-4/react-core/src/components/Modal/ModalBoxBody.tsx
FN:12,(anonymous_5)
FNF:1
FNH:1
FNDA:3,(anonymous_5)
DA:1,3
DA:2,3
DA:3,3
DA:12,3
DA:13,6
DA:14,6
DA:15,3
DA:16,3
LF:8
LH:8
BRDA:13,0,0,0
BRDA:13,0,1,3
BRDA:14,1,0,2
BRDA:14,1,1,1
BRF:4
BRH:3
end_of_record
TN:
SF:/Users/jschuler/Documents/GitHub/pf-react-fork/packages/patternfly-4/react-core/src/components/Modal/ModalBoxCloseButton.tsx
FN:12,(anonymous_4)
FN:14,(anonymous_5)
FNF:2
FNH:1
FNDA:2,(anonymous_4)
FNDA:0,(anonymous_5)
DA:1,3
DA:2,3
DA:3,3
DA:12,3
DA:13,4
DA:14,4
DA:15,2
DA:16,2
LF:8
LH:8
BRDA:13,0,0,1
BRDA:13,0,1,1
BRDA:14,1,0,0
BRDA:14,1,1,2
BRF:4
BRH:3
end_of_record
TN:
SF:/Users/jschuler/Documents/GitHub/pf-react-fork/packages/patternfly-4/react-core/src/components/Modal/ModalBoxFooter.tsx
FN:14,(anonymous_5)
FNF:1
FNH:1
FNDA:1,(anonymous_5)
DA:1,3
DA:2,3
DA:3,3
DA:14,3
DA:15,2
DA:16,2
DA:17,2
DA:18,1
DA:19,1
LF:9
LH:9
BRDA:15,0,0,0
BRDA:15,0,1,1
BRDA:16,1,0,0
BRDA:16,1,1,1
BRDA:17,2,0,1
BRDA:17,2,1,0
BRDA:20,3,0,1
BRDA:20,3,1,0
BRF:8
BRH:4
end_of_record
TN:
SF:/Users/jschuler/Documents/GitHub/pf-react-fork/packages/patternfly-4/react-core/src/components/Modal/ModalBoxHeader.tsx
FN:18,(anonymous_4)
FNF:1
FNH:1
FNDA:5,(anonymous_4)
DA:1,3
DA:5,3
DA:18,3
DA:19,10
DA:20,10
DA:21,10
DA:22,10
DA:23,5
DA:25,5
LF:9
LH:9
BRDA:19,0,0,0
BRDA:19,0,1,5
BRDA:20,1,0,5
BRDA:20,1,1,0
BRDA:21,2,0,2
BRDA:21,2,1,3
BRDA:22,3,0,4
BRDA:22,3,1,1
BRDA:25,4,0,1
BRDA:25,4,1,4
BRF:10
BRH:8
end_of_record
TN:
SF:/Users/jschuler/Documents/GitHub/pf-react-fork/packages/patternfly-4/react-core/src/components/Modal/ModalContent.tsx
FN:56,(anonymous_5)
FN:67,(anonymous_6)
FNF:2
FNH:1
FNDA:9,(anonymous_5)
FNDA:0,(anonymous_6)
DA:1,2
DA:6,2
DA:8,2
DA:9,2
DA:10,2
DA:12,2
DA:13,2
DA:14,2
DA:15,2
DA:16,2
DA:17,2
DA:56,2
DA:57,9
DA:58,18
DA:59,18
DA:60,18
DA:61,9
DA:62,18
DA:63,18
DA:64,18
DA:65,18
DA:66,18
DA:67,18
DA:68,18
DA:69,18
DA:70,18
DA:71,18
DA:72,18
DA:73,18
DA:74,9
DA:76,9
DA:77,0
DA:80,9
DA:86,9
DA:91,9
DA:93,9
DA:109,9
LF:37
LH:36
BRDA:58,0,0,7
BRDA:58,0,1,2
BRDA:59,1,0,0
BRDA:59,1,1,9
BRDA:60,2,0,8
BRDA:60,2,1,1
BRDA:62,3,0,7
BRDA:62,3,1,2
BRDA:63,4,0,7
BRDA:63,4,1,2
BRDA:64,5,0,8
BRDA:64,5,1,1
BRDA:65,6,0,4
BRDA:65,6,1,5
BRDA:66,7,0,7
BRDA:66,7,1,2
BRDA:67,8,0,4
BRDA:67,8,1,5
BRDA:68,9,0,4
BRDA:68,9,1,5
BRDA:69,10,0,7
BRDA:69,10,1,2
BRDA:70,11,0,9
BRDA:70,11,1,0
BRDA:71,12,0,7
BRDA:71,12,1,2
BRDA:72,13,0,0
BRDA:72,13,1,9
BRDA:73,14,0,9
BRDA:73,14,1,0
BRDA:76,15,0,0
BRDA:76,15,1,9
BRDA:81,16,0,1
BRDA:81,16,1,8
BRDA:87,17,0,1
BRDA:87,17,1,8
BRDA:89,18,0,8
BRDA:89,18,1,3
BRDA:91,19,0,9
BRDA:91,19,1,0
BRDA:99,20,0,9
BRDA:99,20,1,9
BRDA:101,21,0,9
BRDA:101,21,1,8
BRF:44
BRH:38
end_of_record
TN:
SF:/Users/jschuler/Documents/GitHub/pf-react-fork/packages/patternfly-4/react-core/src/components/Nav/Nav.tsx
FN:43,(anonymous_11)
FN:58,(anonymous_13)
FN:67,(anonymous_14)
FN:87,(anonymous_15)
FN:95,(anonymous_16)
FN:113,(anonymous_17)
FN:126,(anonymous_18)
FN:48,(anonymous_19)
FN:49,(anonymous_20)
FNF:9
FNH:6
FNDA:12,(anonymous_11)
FNDA:3,(anonymous_13)
FNDA:1,(anonymous_14)
FNDA:0,(anonymous_15)
FNDA:14,(anonymous_16)
FNDA:1,(anonymous_17)
FNDA:0,(anonymous_18)
FNDA:1,(anonymous_19)
FNDA:0,(anonymous_20)
DA:1,1
DA:2,1
DA:3,1
DA:5,1
DA:41,1
DA:43,11
DA:44,1
DA:48,1
DA:49,0
DA:53,11
DA:58,11
DA:59,3
DA:60,3
DA:67,1
DA:75,1
DA:76,0
DA:79,1
DA:81,1
DA:82,0
DA:87,1
DA:88,0
DA:95,14
DA:96,14
DA:97,14
DA:98,14
DA:99,14
DA:100,14
DA:101,14
DA:102,14
DA:103,14
DA:104,14
DA:105,14
DA:107,14
DA:108,14
DA:110,14
DA:125,1
DA:127,0
DA:157,1
DA:159,1
DA:160,1
LF:40
LH:35
BRDA:43,0,0,11
BRDA:43,0,1,11
BRDA:43,0,2,11
BRDA:75,1,0,0
BRDA:75,1,1,1
BRDA:81,2,0,0
BRDA:81,2,1,1
BRDA:134,3,0,14
BRDA:134,3,1,1
BRDA:135,4,0,14
BRDA:135,4,1,0
BRDA:136,5,0,14
BRDA:136,5,1,0
BRDA:141,6,0,13
BRDA:141,6,1,1
BRDA:142,7,0,4
BRDA:142,7,1,9
BRDA:141,8,0,13
BRDA:141,8,1,12
BRDA:146,9,0,14
BRDA:146,9,1,0
BRDA:148,10,0,0
BRDA:148,10,1,0
BRF:23
BRH:16
end_of_record
TN:
SF:/Users/jschuler/Documents/GitHub/pf-react-fork/packages/patternfly-4/react-core/src/components/Nav/NavExpandable.tsx
FN:36,(anonymous_11)
FN:63,(anonymous_13)
FN:71,(anonymous_14)
FN:53,(anonymous_15)
FN:57,(anonymous_16)
FN:90,(anonymous_17)
FN:96,(anonymous_18)
FN:104,(anonymous_19)
FN:112,(anonymous_20)
FN:113,(anonymous_21)
FNF:10
FNH:7
FNDA:4,(anonymous_11)
FNDA:0,(anonymous_13)
FNDA:1,(anonymous_14)
FNDA:3,(anonymous_15)
FNDA:3,(anonymous_16)
FNDA:6,(anonymous_17)
FNDA:6,(anonymous_18)
FNDA:1,(anonymous_19)
FNDA:0,(anonymous_20)
FNDA:0,(anonymous_21)
DA:1,1
DA:2,1
DA:3,1
DA:4,1
DA:5,1
DA:7,1
DA:8,1
DA:36,3
DA:37,1
DA:47,3
DA:49,3
DA:53,1
DA:54,3
DA:57,1
DA:58,3
DA:59,0
DA:63,3
DA:64,0
DA:65,0
DA:67,0
DA:71,3
DA:80,1
DA:81,1
DA:84,0
DA:85,0
DA:86,0
DA:87,0
DA:90,6
DA:91,6
DA:92,6
DA:94,6
DA:96,6
DA:104,1
DA:112,0
DA:113,0
DA:134,1
LF:36
LH:26
BRDA:36,0,0,3
BRDA:36,0,1,3
BRDA:36,0,2,3
BRDA:47,1,0,3
BRDA:47,1,1,0
BRDA:64,2,0,0
BRDA:64,2,1,0
BRDA:80,3,0,1
BRDA:80,3,1,0
BRDA:58,4,0,0
BRDA:58,4,1,3
BRDA:100,5,0,6
BRDA:100,5,1,2
BRDA:101,6,0,6
BRDA:101,6,1,0
BRDA:110,7,0,2
BRDA:110,7,1,4
BRDA:121,8,0,2
BRDA:121,8,1,4
BRDA:122,9,0,6
BRDA:122,9,1,2
BRF:21
BRH:15
end_of_record
TN:
SF:/Users/jschuler/Documents/GitHub/pf-react-fork/packages/patternfly-4/react-core/src/components/Nav/NavGroup.tsx
FN:17,(anonymous_5)
FNF:1
FNH:1
FNDA:2,(anonymous_5)
DA:1,1
DA:2,1
DA:3,1
DA:4,1
DA:17,1
DA:18,2
DA:19,4
DA:20,4
DA:21,4
DA:22,2
DA:23,2
LF:11
LH:11
BRDA:19,0,0,0
BRDA:19,0,1,2
BRDA:20,1,0,2
BRDA:20,1,1,0
BRDA:21,2,0,0
BRDA:21,2,1,2
BRF:6
BRH:3
end_of_record
TN:
SF:/Users/jschuler/Documents/GitHub/pf-react-fork/packages/patternfly-4/react-core/src/components/Nav/NavItem.tsx
FN:28,(anonymous_5)
FN:42,(anonymous_6)
FN:46,(anonymous_7)
FN:49,(anonymous_8)
FN:61,(anonymous_9)
FN:63,(anonymous_10)
FN:65,(anonymous_11)
FNF:7
FNH:6
FNDA:45,(anonymous_5)
FNDA:44,(anonymous_6)
FNDA:52,(anonymous_7)
FNDA:1,(anonymous_8)
FNDA:1,(anonymous_9)
FNDA:2,(anonymous_10)
FNDA:0,(anonymous_11)
DA:1,1
DA:2,1
DA:3,1
DA:5,1
DA:28,1
DA:29,90
DA:30,90
DA:31,90
DA:32,90
DA:33,90
DA:34,90
DA:35,90
DA:36,90
DA:37,90
DA:38,45
DA:40,45
DA:42,45
DA:43,44
DA:44,44
DA:46,52
DA:49,1
DA:61,45
DA:64,2
DA:65,0
DA:73,45
LF:25
LH:24
BRDA:29,0,0,0
BRDA:29,0,1,45
BRDA:30,1,0,36
BRDA:30,1,1,9
BRDA:31,2,0,0
BRDA:31,2,1,45
BRDA:32,3,0,45
BRDA:32,3,1,0
BRDA:33,4,0,45
BRDA:33,4,1,0
BRDA:34,5,0,45
BRDA:34,5,1,0
BRDA:35,6,0,45
BRDA:35,6,1,0
BRDA:36,7,0,45
BRDA:36,7,1,0
BRDA:37,8,0,45
BRDA:37,8,1,0
BRDA:43,9,0,44
BRDA:43,9,1,44
BRDA:50,10,0,52
BRDA:50,10,1,0
BRDA:51,11,0,0
BRDA:51,11,1,52
BRDA:66,12,0,2
BRDA:66,12,1,0
BRDA:66,13,0,2
BRDA:66,13,1,2
BRDA:67,14,0,0
BRDA:67,14,1,2
BRDA:75,15,0,1
BRDA:75,15,1,44
BRF:32
BRH:20
end_of_record
TN:
SF:/Users/jschuler/Documents/GitHub/pf-react-fork/packages/patternfly-4/react-core/src/components/Nav/NavList.tsx
FN:23,(anonymous_11)
FN:36,(anonymous_13)
FN:53,(anonymous_14)
FN:73,(anonymous_15)
FN:93,(anonymous_16)
FN:103,(anonymous_17)
FN:111,(anonymous_18)
FNF:7
FNH:4
FNDA:13,(anonymous_11)
FNDA:3,(anonymous_13)
FNDA:0,(anonymous_14)
FNDA:0,(anonymous_15)
FNDA:12,(anonymous_16)
FNDA:0,(anonymous_17)
FNDA:15,(anonymous_18)
DA:1,1
DA:2,1
DA:3,1
DA:4,1
DA:5,1
DA:6,1
DA:7,1
DA:23,12
DA:24,1
DA:26,1
DA:34,12
DA:36,12
DA:37,3
DA:38,3
DA:39,3
DA:41,3
DA:44,3
DA:46,3
DA:53,12
DA:55,0
DA:56,0
DA:57,0
DA:58,0
DA:59,0
DA:60,0
DA:61,0
DA:62,0
DA:63,0
DA:66,0
DA:67,0
DA:69,0
DA:73,12
DA:75,0
DA:76,0
DA:77,0
DA:78,0
DA:79,0
DA:80,0
DA:81,0
DA:82,0
DA:83,0
DA:86,0
DA:87,0
DA:89,0
DA:93,1
DA:94,12
DA:95,12
DA:96,12
DA:97,3
DA:99,3
DA:103,1
DA:104,0
DA:105,0
DA:106,0
DA:107,0
DA:111,1
DA:112,15
DA:113,15
DA:119,15
DA:121,15
DA:139,1
LF:61
LH:33
BRDA:23,0,0,12
BRDA:23,0,1,12
BRDA:23,0,2,12
BRDA:37,1,0,3
BRDA:37,1,1,0
BRDA:55,2,0,0
BRDA:55,2,1,0
BRDA:60,3,0,0
BRDA:60,3,1,0
BRDA:61,4,0,0
BRDA:61,4,1,0
BRDA:66,5,0,0
BRDA:66,5,1,0
BRDA:75,6,0,0
BRDA:75,6,1,0
BRDA:80,7,0,0
BRDA:80,7,1,0
BRDA:81,8,0,0
BRDA:81,8,1,0
BRDA:86,9,0,0
BRDA:86,9,1,0
BRDA:95,10,0,12
BRDA:95,10,1,11
BRDA:96,11,0,3
BRDA:96,11,1,9
BRDA:105,12,0,0
BRDA:105,12,1,0
BRDA:106,13,0,0
BRDA:106,13,1,0
BRDA:119,14,0,15
BRDA:119,14,1,13
BRDA:123,15,0,15
BRDA:123,15,1,6
BRDA:131,16,0,15
BRDA:131,16,1,6
BRF:35
BRH:14
end_of_record
TN:
SF:/Users/jschuler/Documents/GitHub/pf-react-fork/packages/patternfly-4/react-core/src/components/Nav/NavVariants.tsx
FN:1,(anonymous_0)
FNF:1
FNH:1
FNDA:1,(anonymous_0)
DA:1,1
DA:2,1
DA:3,1
DA:4,1
DA:5,1
LF:5
LH:5
BRDA:1,0,0,1
BRDA:1,0,1,1
BRF:2
BRH:2
end_of_record
TN:
SF:/Users/jschuler/Documents/GitHub/pf-react-fork/packages/patternfly-4/react-core/src/components/NotificationBadge/NotificationBadge.tsx
FN:17,(anonymous_5)
FNF:1
FNH:1
FNDA:2,(anonymous_5)
DA:1,1
DA:2,1
DA:3,1
DA:4,1
DA:17,1
DA:18,4
DA:19,2
DA:20,2
DA:21,2
DA:22,2
LF:10
LH:10
BRDA:18,0,0,0
BRDA:18,0,1,2
BRDA:24,1,0,1
BRDA:24,1,1,1
BRF:4
BRH:3
end_of_record
TN:
SF:/Users/jschuler/Documents/GitHub/pf-react-fork/packages/patternfly-4/react-core/src/components/OptionsMenu/OptionsMenu.tsx
FN:6,(anonymous_5)
FN:11,(anonymous_6)
FN:41,(anonymous_7)
FN:54,(anonymous_8)
FNF:4
FNH:3
FNDA:1,(anonymous_5)
FNDA:1,(anonymous_6)
FNDA:8,(anonymous_7)
FNDA:0,(anonymous_8)
DA:1,1
DA:2,1
DA:3,1
DA:4,1
DA:6,1
DA:7,1
DA:8,1
DA:11,1
DA:12,1
DA:13,1
DA:41,1
DA:42,16
DA:43,8
DA:44,8
DA:45,16
DA:46,16
DA:47,8
DA:48,8
DA:49,8
DA:50,8
DA:54,0
LF:21
LH:20
BRDA:6,0,0,1
BRDA:6,0,1,1
BRDA:11,1,0,1
BRDA:11,1,1,1
BRDA:42,2,0,8
BRDA:42,2,1,0
BRDA:45,3,0,8
BRDA:45,3,1,0
BRDA:46,4,0,8
BRDA:46,4,1,0
BRDA:59,5,0,0
BRDA:59,5,1,8
BRDA:62,6,0,0
BRDA:62,6,1,8
BRF:14
BRH:9
end_of_record
TN:
SF:/Users/jschuler/Documents/GitHub/pf-react-fork/packages/patternfly-4/react-core/src/components/OptionsMenu/OptionsMenuItem.tsx
FN:24,(anonymous_5)
FN:27,(anonymous_6)
FN:37,(anonymous_7)
FNF:3
FNH:1
FNDA:6,(anonymous_5)
FNDA:0,(anonymous_6)
FNDA:0,(anonymous_7)
DA:1,1
DA:2,1
DA:3,1
DA:4,1
DA:5,1
DA:24,1
DA:25,12
DA:26,12
DA:27,12
DA:28,12
DA:29,6
DA:30,6
DA:32,6
DA:37,0
LF:14
LH:13
BRDA:25,0,0,0
BRDA:25,0,1,6
BRDA:26,1,0,6
BRDA:26,1,1,0
BRDA:27,2,0,6
BRDA:27,2,1,0
BRDA:28,3,0,6
BRDA:28,3,1,0
BRDA:38,4,0,6
BRDA:38,4,1,1
BRDA:42,5,0,6
BRDA:42,5,1,0
BRF:12
BRH:7
end_of_record
TN:
SF:/Users/jschuler/Documents/GitHub/pf-react-fork/packages/patternfly-4/react-core/src/components/OptionsMenu/OptionsMenuItemGroup.tsx
FN:18,(anonymous_5)
FNF:1
FNH:1
FNDA:2,(anonymous_5)
DA:1,1
DA:2,1
DA:3,1
DA:18,1
DA:19,4
DA:20,4
DA:21,4
DA:22,4
DA:23,4
DA:24,2
DA:25,2
LF:11
LH:11
BRDA:19,0,0,2
BRDA:19,0,1,0
BRDA:20,1,0,2
BRDA:20,1,1,0
BRDA:21,2,0,0
BRDA:21,2,1,2
BRDA:22,3,0,0
BRDA:22,3,1,2
BRDA:23,4,0,1
BRDA:23,4,1,1
BRDA:27,5,0,2
BRDA:27,5,1,2
BRDA:32,6,0,2
BRDA:32,6,1,1
[...]
DA:24,37
DA:26,37
LF:8
LH:8
BRDA:10,0,0,37
BRDA:10,0,1,0
BRDA:10,1,0,37
BRDA:10,1,1,37
BRF:4
BRH:3
end_of_record
TN:
SF:/Users/jschuler/Documents/GitHub/pf-react-fork/packages/react-icons/dist/js/icons/vr-cardboard-icon.js
FN:10,_interopRequireDefault
FNF:1
FNH:1
FNDA:37,_interopRequireDefault
DA:3,37
DA:6,37
DA:8,37
DA:10,37
DA:13,37
DA:22,37
DA:24,37
DA:26,37
LF:8
LH:8
BRDA:10,0,0,37
BRDA:10,0,1,0
BRDA:10,1,0,37
BRDA:10,1,1,37
BRF:4
BRH:3
end_of_record
TN:
SF:/Users/jschuler/Documents/GitHub/pf-react-fork/packages/react-icons/dist/js/icons/vuejs-icon.js
FN:10,_interopRequireDefault
FNF:1
FNH:1
FNDA:37,_interopRequireDefault
DA:3,37
DA:6,37
DA:8,37
DA:10,37
DA:13,37
DA:22,37
DA:24,37
DA:26,37
LF:8
LH:8
BRDA:10,0,0,37
BRDA:10,0,1,0
BRDA:10,1,0,37
BRDA:10,1,1,37
BRF:4
BRH:3
end_of_record
TN:
SF:/Users/jschuler/Documents/GitHub/pf-react-fork/packages/react-icons/dist/js/icons/walking-icon.js
FN:10,_interopRequireDefault
FNF:1
FNH:1
FNDA:37,_interopRequireDefault
DA:3,37
DA:6,37
DA:8,37
DA:10,37
DA:13,37
DA:22,37
DA:24,37
DA:26,37
LF:8
LH:8
BRDA:10,0,0,37
BRDA:10,0,1,0
BRDA:10,1,0,37
BRDA:10,1,1,37
BRF:4
BRH:3
end_of_record
TN:
SF:/Users/jschuler/Documents/GitHub/pf-react-fork/packages/react-icons/dist/js/icons/wallet-icon.js
FN:10,_interopRequireDefault
FNF:1
FNH:1
FNDA:37,_interopRequireDefault
DA:3,37
DA:6,37
DA:8,37
DA:10,37
DA:13,37
DA:22,37
DA:24,37
DA:26,37
LF:8
LH:8
BRDA:10,0,0,37
BRDA:10,0,1,0
BRDA:10,1,0,37
BRDA:10,1,1,37
BRF:4
BRH:3
end_of_record
TN:
SF:/Users/jschuler/Documents/GitHub/pf-react-fork/packages/react-icons/dist/js/icons/warehouse-icon.js
FN:10,_interopRequireDefault
FNF:1
FNH:1
FNDA:37,_interopRequireDefault
DA:3,37
DA:6,37
DA:8,37
DA:10,37
DA:13,37
DA:22,37
DA:24,37
DA:26,37
LF:8
LH:8
BRDA:10,0,0,37
BRDA:10,0,1,0
BRDA:10,1,0,37
BRDA:10,1,1,37
BRF:4
BRH:3
end_of_record
TN:
SF:/Users/jschuler/Documents/GitHub/pf-react-fork/packages/react-icons/dist/js/icons/warning-triangle-icon.js
FN:10,_interopRequireDefault
FNF:1
FNH:1
FNDA:37,_interopRequireDefault
DA:3,37
DA:6,37
DA:8,37
DA:10,37
DA:13,37
DA:22,37
DA:24,37
DA:26,37
LF:8
LH:8
BRDA:10,0,0,37
BRDA:10,0,1,0
BRDA:10,1,0,37
BRDA:10,1,1,37
BRF:4
BRH:3
end_of_record
TN:
SF:/Users/jschuler/Documents/GitHub/pf-react-fork/packages/react-icons/dist/js/icons/water-icon.js
FN:10,_interopRequireDefault
FNF:1
FNH:1
FNDA:37,_interopRequireDefault
DA:3,37
DA:6,37
DA:8,37
DA:10,37
DA:13,37
DA:22,37
DA:24,37
DA:26,37
LF:8
LH:8
BRDA:10,0,0,37
BRDA:10,0,1,0
BRDA:10,1,0,37
BRDA:10,1,1,37
BRF:4
BRH:3
end_of_record
TN:
SF:/Users/jschuler/Documents/GitHub/pf-react-fork/packages/react-icons/dist/js/icons/wave-square-icon.js
FN:10,_interopRequireDefault
FNF:1
FNH:1
FNDA:37,_interopRequireDefault
DA:3,37
DA:6,37
DA:8,37
DA:10,37
DA:13,37
DA:22,37
DA:24,37
DA:26,37
LF:8
LH:8
BRDA:10,0,0,37
BRDA:10,0,1,0
BRDA:10,1,0,37
BRDA:10,1,1,37
BRF:4
BRH:3
end_of_record
TN:
SF:/Users/jschuler/Documents/GitHub/pf-react-fork/packages/react-icons/dist/js/icons/waze-icon.js
FN:10,_interopRequireDefault
FNF:1
FNH:1
FNDA:37,_interopRequireDefault
DA:3,37
DA:6,37
DA:8,37
DA:10,37
DA:13,37
DA:22,37
DA:24,37
DA:26,37
LF:8
LH:8
BRDA:10,0,0,37
BRDA:10,0,1,0
BRDA:10,1,0,37
BRDA:10,1,1,37
BRF:4
BRH:3
end_of_record
TN:
SF:/Users/jschuler/Documents/GitHub/pf-react-fork/packages/react-icons/dist/js/icons/weebly-icon.js
FN:10,_interopRequireDefault
FNF:1
FNH:1
FNDA:37,_interopRequireDefault
DA:3,37
DA:6,37
DA:8,37
DA:10,37
DA:13,37
DA:22,37
DA:24,37
DA:26,37
LF:8
LH:8
BRDA:10,0,0,37
BRDA:10,0,1,0
BRDA:10,1,0,37
BRDA:10,1,1,37
BRF:4
BRH:3
end_of_record
TN:
SF:/Users/jschuler/Documents/GitHub/pf-react-fork/packages/react-icons/dist/js/icons/weibo-icon.js
FN:10,_interopRequireDefault
FNF:1
FNH:1
FNDA:37,_interopRequireDefault
DA:3,37
DA:6,37
DA:8,37
DA:10,37
DA:13,37
DA:22,37
DA:24,37
DA:26,37
LF:8
LH:8
BRDA:10,0,0,37
BRDA:10,0,1,0
BRDA:10,1,0,37
BRDA:10,1,1,37
BRF:4
BRH:3
end_of_record
TN:
SF:/Users/jschuler/Documents/GitHub/pf-react-fork/packages/react-icons/dist/js/icons/weight-hanging-icon.js
FN:10,_interopRequireDefault
FNF:1
FNH:1
FNDA:37,_interopRequireDefault
DA:3,37
DA:6,37
DA:8,37
DA:10,37
DA:13,37
DA:22,37
DA:24,37
DA:26,37
LF:8
LH:8
BRDA:10,0,0,37
BRDA:10,0,1,0
BRDA:10,1,0,37
BRDA:10,1,1,37
BRF:4
BRH:3
end_of_record
TN:
SF:/Users/jschuler/Documents/GitHub/pf-react-fork/packages/react-icons/dist/js/icons/weight-icon.js
FN:10,_interopRequireDefault
FNF:1
FNH:1
FNDA:37,_interopRequireDefault
DA:3,37
DA:6,37
DA:8,37
DA:10,37
DA:13,37
DA:22,37
DA:24,37
DA:26,37
LF:8
LH:8
BRDA:10,0,0,37
BRDA:10,0,1,0
BRDA:10,1,0,37
BRDA:10,1,1,37
BRF:4
BRH:3
end_of_record
TN:
SF:/Users/jschuler/Documents/GitHub/pf-react-fork/packages/react-icons/dist/js/icons/weixin-icon.js
FN:10,_interopRequireDefault
FNF:1
FNH:1
FNDA:37,_interopRequireDefault
DA:3,37
DA:6,37
DA:8,37
DA:10,37
DA:13,37
DA:22,37
DA:24,37
DA:26,37
LF:8
LH:8
BRDA:10,0,0,37
BRDA:10,0,1,0
BRDA:10,1,0,37
BRDA:10,1,1,37
BRF:4
BRH:3
end_of_record
TN:
SF:/Users/jschuler/Documents/GitHub/pf-react-fork/packages/react-icons/dist/js/icons/whatsapp-icon.js
FN:10,_interopRequireDefault
FNF:1
FNH:1
FNDA:37,_interopRequireDefault
DA:3,37
DA:6,37
DA:8,37
DA:10,37
DA:13,37
DA:22,37
DA:24,37
DA:26,37
LF:8
LH:8
BRDA:10,0,0,37
BRDA:10,0,1,0
BRDA:10,1,0,37
BRDA:10,1,1,37
BRF:4
BRH:3
end_of_record
TN:
SF:/Users/jschuler/Documents/GitHub/pf-react-fork/packages/react-icons/dist/js/icons/whatsapp-square-icon.js
FN:10,_interopRequireDefault
FNF:1
FNH:1
FNDA:37,_interopRequireDefault
DA:3,37
DA:6,37
DA:8,37
DA:10,37
DA:13,37
DA:22,37
DA:24,37
DA:26,37
LF:8
LH:8
BRDA:10,0,0,37
BRDA:10,0,1,0
BRDA:10,1,0,37
BRDA:10,1,1,37
BRF:4
BRH:3
end_of_record
TN:
SF:/Users/jschuler/Documents/GitHub/pf-react-fork/packages/react-icons/dist/js/icons/wheelchair-icon.js
FN:10,_interopRequireDefault
FNF:1
FNH:1
FNDA:37,_interopRequireDefault
DA:3,37
DA:6,37
DA:8,37
DA:10,37
DA:13,37
DA:22,37
DA:24,37
DA:26,37
LF:8
LH:8
BRDA:10,0,0,37
BRDA:10,0,1,0
BRDA:10,1,0,37
BRDA:10,1,1,37
BRF:4
BRH:3
end_of_record
TN:
SF:/Users/jschuler/Documents/GitHub/pf-react-fork/packages/react-icons/dist/js/icons/whmcs-icon.js
FN:10,_interopRequireDefault
FNF:1
FNH:1
FNDA:37,_interopRequireDefault
DA:3,37
DA:6,37
DA:8,37
DA:10,37
DA:13,37
DA:22,37
DA:24,37
DA:26,37
LF:8
LH:8
BRDA:10,0,0,37
BRDA:10,0,1,0
BRDA:10,1,0,37
BRDA:10,1,1,37
BRF:4
BRH:3
end_of_record
TN:
SF:/Users/jschuler/Documents/GitHub/pf-react-fork/packages/react-icons/dist/js/icons/wifi-icon.js
FN:10,_interopRequireDefault
FNF:1
FNH:1
FNDA:37,_interopRequireDefault
DA:3,37
DA:6,37
DA:8,37
DA:10,37
DA:13,37
DA:22,37
DA:24,37
DA:26,37
LF:8
LH:8
BRDA:10,0,0,37
BRDA:10,0,1,0
BRDA:10,1,0,37
BRDA:10,1,1,37
BRF:4
BRH:3
end_of_record
TN:
SF:/Users/jschuler/Documents/GitHub/pf-react-fork/packages/react-icons/dist/js/icons/wikipedia-w-icon.js
FN:10,_interopRequireDefault
FNF:1
FNH:1
FNDA:37,_interopRequireDefault
DA:3,37
DA:6,37
DA:8,37
DA:10,37
DA:13,37
DA:22,37
DA:24,37
DA:26,37
LF:8
LH:8
BRDA:10,0,0,37
BRDA:10,0,1,0
BRDA:10,1,0,37
BRDA:10,1,1,37
BRF:4
BRH:3
end_of_record
TN:
SF:/Users/jschuler/Documents/GitHub/pf-react-fork/packages/react-icons/dist/js/icons/wind-icon.js
FN:10,_interopRequireDefault
FNF:1
FNH:1
FNDA:37,_interopRequireDefault
DA:3,37
DA:6,37
DA:8,37
DA:10,37
DA:13,37
DA:22,37
DA:24,37
DA:26,37
LF:8
LH:8
BRDA:10,0,0,37
BRDA:10,0,1,0
BRDA:10,1,0,37
BRDA:10,1,1,37
BRF:4
BRH:3
end_of_record
TN:
SF:/Users/jschuler/Documents/GitHub/pf-react-fork/packages/react-icons/dist/js/icons/window-close-icon.js
FN:10,_interopRequireDefault
FNF:1
FNH:1
FNDA:37,_interopRequireDefault
DA:3,37
DA:6,37
DA:8,37
DA:10,37
DA:13,37
DA:22,37
DA:24,37
DA:26,37
LF:8
LH:8
BRDA:10,0,0,37
BRDA:10,0,1,0
BRDA:10,1,0,37
BRDA:10,1,1,37
BRF:4
BRH:3
end_of_record
TN:
SF:/Users/jschuler/Documents/GitHub/pf-react-fork/packages/react-icons/dist/js/icons/window-maximize-icon.js
FN:10,_interopRequireDefault
FNF:1
FNH:1
FNDA:37,_interopRequireDefault
DA:3,37
DA:6,37
DA:8,37
DA:10,37
DA:13,37
DA:22,37
DA:24,37
DA:26,37
LF:8
LH:8
BRDA:10,0,0,37
BRDA:10,0,1,0
BRDA:10,1,0,37
BRDA:10,1,1,37
BRF:4
BRH:3
end_of_record
TN:
SF:/Users/jschuler/Documents/GitHub/pf-react-fork/packages/react-icons/dist/js/icons/window-minimize-icon.js
FN:10,_interopRequireDefault
FNF:1
FNH:1
FNDA:37,_interopRequireDefault
DA:3,37
DA:6,37
DA:8,37
DA:10,37
DA:13,37
DA:22,37
DA:24,37
DA:26,37
LF:8
LH:8
BRDA:10,0,0,37
BRDA:10,0,1,0
BRDA:10,1,0,37
BRDA:10,1,1,37
BRF:4
BRH:3
end_of_record
TN:
SF:/Users/jschuler/Documents/GitHub/pf-react-fork/packages/react-icons/dist/js/icons/window-restore-icon.js
FN:10,_interopRequireDefault
FNF:1
FNH:1
FNDA:37,_interopRequireDefault
DA:3,37
DA:6,37
DA:8,37
DA:10,37
DA:13,37
DA:22,37
DA:24,37
DA:26,37
LF:8
LH:8
BRDA:10,0,0,37
BRDA:10,0,1,0
BRDA:10,1,0,37
BRDA:10,1,1,37
BRF:4
BRH:3
end_of_record
TN:
SF:/Users/jschuler/Documents/GitHub/pf-react-fork/packages/react-icons/dist/js/icons/windows-icon.js
FN:10,_interopRequireDefault
FNF:1
FNH:1
FNDA:37,_interopRequireDefault
DA:3,37
DA:6,37
DA:8,37
DA:10,37
DA:13,37
DA:22,37
DA:24,37
DA:26,37
LF:8
LH:8
BRDA:10,0,0,37
BRDA:10,0,1,0
BRDA:10,1,0,37
BRDA:10,1,1,37
BRF:4
BRH:3
end_of_record
TN:
SF:/Users/jschuler/Documents/GitHub/pf-react-fork/packages/react-icons/dist/js/icons/wine-bottle-icon.js
FN:10,_interopRequireDefault
FNF:1
FNH:1
FNDA:37,_interopRequireDefault
DA:3,37
DA:6,37
DA:8,37
DA:10,37
DA:13,37
DA:22,37
DA:24,37
DA:26,37
LF:8
LH:8
BRDA:10,0,0,37
BRDA:10,0,1,0
BRDA:10,1,0,37
BRDA:10,1,1,37
BRF:4
BRH:3
end_of_record
TN:
SF:/Users/jschuler/Documents/GitHub/pf-react-fork/packages/react-icons/dist/js/icons/wine-glass-alt-icon.js
FN:10,_interopRequireDefault
FNF:1
FNH:1
FNDA:37,_interopRequireDefault
DA:3,37
DA:6,37
DA:8,37
DA:10,37
DA:13,37
DA:22,37
DA:24,37
DA:26,37
LF:8
LH:8
BRDA:10,0,0,37
BRDA:10,0,1,0
BRDA:10,1,0,37
BRDA:10,1,1,37
BRF:4
BRH:3
end_of_record
TN:
SF:/Users/jschuler/Documents/GitHub/pf-react-fork/packages/react-icons/dist/js/icons/wine-glass-icon.js
FN:10,_interopRequireDefault
FNF:1
FNH:1
FNDA:37,_interopRequireDefault
DA:3,37
DA:6,37
DA:8,37
DA:10,37
DA:13,37
DA:22,37
DA:24,37
DA:26,37
LF:8
LH:8
BRDA:10,0,0,37
BRDA:10,0,1,0
BRDA:10,1,0,37
BRDA:10,1,1,37
BRF:4
BRH:3
end_of_record
TN:
SF:/Users/jschuler/Documents/GitHub/pf-react-fork/packages/react-icons/dist/js/icons/wix-icon.js
FN:10,_interopRequireDefault
FNF:1
FNH:1
FNDA:37,_interopRequireDefault
DA:3,37
DA:6,37
DA:8,37
DA:10,37
DA:13,37
DA:22,37
DA:24,37
DA:26,37
LF:8
LH:8
BRDA:10,0,0,37
BRDA:10,0,1,0
BRDA:10,1,0,37
BRDA:10,1,1,37
BRF:4
BRH:3
end_of_record
TN:
SF:/Users/jschuler/Documents/GitHub/pf-react-fork/packages/react-icons/dist/js/icons/wizards-of-the-coast-icon.js
FN:10,_interopRequireDefault
FNF:1
FNH:1
FNDA:37,_interopRequireDefault
DA:3,37
DA:6,37
DA:8,37
DA:10,37
DA:13,37
DA:22,37
DA:24,37
DA:26,37
LF:8
LH:8
BRDA:10,0,0,37
BRDA:10,0,1,0
BRDA:10,1,0,37
BRDA:10,1,1,37
BRF:4
BRH:3
end_of_record
TN:
SF:/Users/jschuler/Documents/GitHub/pf-react-fork/packages/react-icons/dist/js/icons/wolf-pack-battalion-icon.js
FN:10,_interopRequireDefault
FNF:1
FNH:1
FNDA:37,_interopRequireDefault
DA:3,37
DA:6,37
DA:8,37
DA:10,37
DA:13,37
DA:22,37
DA:24,37
DA:26,37
LF:8
LH:8
BRDA:10,0,0,37
BRDA:10,0,1,0
BRDA:10,1,0,37
BRDA:10,1,1,37
BRF:4
BRH:3
end_of_record
TN:
SF:/Users/jschuler/Documents/GitHub/pf-react-fork/packages/react-icons/dist/js/icons/won-sign-icon.js
FN:10,_interopRequireDefault
FNF:1
FNH:1
FNDA:37,_interopRequireDefault
DA:3,37
DA:6,37
DA:8,37
DA:10,37
DA:13,37
DA:22,37
DA:24,37
DA:26,37
LF:8
LH:8
BRDA:10,0,0,37
BRDA:10,0,1,0
BRDA:10,1,0,37
BRDA:10,1,1,37
BRF:4
BRH:3
end_of_record
TN:
SF:/Users/jschuler/Documents/GitHub/pf-react-fork/packages/react-icons/dist/js/icons/wordpress-icon.js
FN:10,_interopRequireDefault
FNF:1
FNH:1
FNDA:37,_interopRequireDefault
DA:3,37
DA:6,37
DA:8,37
DA:10,37
DA:13,37
DA:22,37
DA:24,37
DA:26,37
LF:8
LH:8
BRDA:10,0,0,37
BRDA:10,0,1,0
BRDA:10,1,0,37
BRDA:10,1,1,37
BRF:4
BRH:3
end_of_record
TN:
SF:/Users/jschuler/Documents/GitHub/pf-react-fork/packages/react-icons/dist/js/icons/wordpress-simple-icon.js
FN:10,_interopRequireDefault
FNF:1
FNH:1
FNDA:37,_interopRequireDefault
DA:3,37
DA:6,37
DA:8,37
DA:10,37
DA:13,37
DA:22,37
DA:24,37
DA:26,37
LF:8
LH:8
BRDA:10,0,0,37
BRDA:10,0,1,0
BRDA:10,1,0,37
BRDA:10,1,1,37
BRF:4
BRH:3
end_of_record
TN:
SF:/Users/jschuler/Documents/GitHub/pf-react-fork/packages/react-icons/dist/js/icons/wpbeginner-icon.js
FN:10,_interopRequireDefault
FNF:1
FNH:1
FNDA:37,_interopRequireDefault
DA:3,37
DA:6,37
DA:8,37
DA:10,37
DA:13,37
DA:22,37
DA:24,37
DA:26,37
LF:8
LH:8
BRDA:10,0,0,37
BRDA:10,0,1,0
BRDA:10,1,0,37
BRDA:10,1,1,37
BRF:4
BRH:3
end_of_record
TN:
SF:/Users/jschuler/Documents/GitHub/pf-react-fork/packages/react-icons/dist/js/icons/wpexplorer-icon.js
FN:10,_interopRequireDefault
FNF:1
FNH:1
FNDA:37,_interopRequireDefault
DA:3,37
DA:6,37
DA:8,37
DA:10,37
DA:13,37
DA:22,37
DA:24,37
DA:26,37
LF:8
LH:8
BRDA:10,0,0,37
BRDA:10,0,1,0
BRDA:10,1,0,37
BRDA:10,1,1,37
BRF:4
BRH:3
end_of_record
TN:
SF:/Users/jschuler/Documents/GitHub/pf-react-fork/packages/react-icons/dist/js/icons/wpforms-icon.js
FN:10,_interopRequireDefault
FNF:1
FNH:1
FNDA:37,_interopRequireDefault
DA:3,37
DA:6,37
DA:8,37
DA:10,37
DA:13,37
DA:22,37
DA:24,37
DA:26,37
LF:8
LH:8
BRDA:10,0,0,37
BRDA:10,0,1,0
BRDA:10,1,0,37
BRDA:10,1,1,37
BRF:4
BRH:3
end_of_record
TN:
SF:/Users/jschuler/Documents/GitHub/pf-react-fork/packages/react-icons/dist/js/icons/wpressr-icon.js
FN:10,_interopRequireDefault
FNF:1
FNH:1
FNDA:37,_interopRequireDefault
DA:3,37
DA:6,37
DA:8,37
DA:10,37
DA:13,37
DA:22,37
DA:24,37
DA:26,37
LF:8
LH:8
BRDA:10,0,0,37
BRDA:10,0,1,0
BRDA:10,1,0,37
BRDA:10,1,1,37
BRF:4
BRH:3
end_of_record
TN:
SF:/Users/jschuler/Documents/GitHub/pf-react-fork/packages/react-icons/dist/js/icons/wrench-icon.js
FN:10,_interopRequireDefault
FNF:1
FNH:1
FNDA:37,_interopRequireDefault
DA:3,37
DA:6,37
DA:8,37
DA:10,37
DA:13,37
DA:22,37
DA:24,37
DA:26,37
LF:8
LH:8
BRDA:10,0,0,37
BRDA:10,0,1,0
BRDA:10,1,0,37
BRDA:10,1,1,37
BRF:4
BRH:3
end_of_record
TN:
SF:/Users/jschuler/Documents/GitHub/pf-react-fork/packages/react-icons/dist/js/icons/x-ray-icon.js
FN:10,_interopRequireDefault
FNF:1
FNH:1
FNDA:37,_interopRequireDefault
DA:3,37
DA:6,37
DA:8,37
DA:10,37
DA:13,37
DA:22,37
DA:24,37
DA:26,37
LF:8
LH:8
BRDA:10,0,0,37
BRDA:10,0,1,0
BRDA:10,1,0,37
BRDA:10,1,1,37
BRF:4
BRH:3
end_of_record
TN:
SF:/Users/jschuler/Documents/GitHub/pf-react-fork/packages/react-icons/dist/js/icons/xbox-icon.js
FN:10,_interopRequireDefault
FNF:1
FNH:1
FNDA:37,_interopRequireDefault
DA:3,37
DA:6,37
DA:8,37
DA:10,37
DA:13,37
DA:22,37
DA:24,37
DA:26,37
LF:8
LH:8
BRDA:10,0,0,37
BRDA:10,0,1,0
BRDA:10,1,0,37
BRDA:10,1,1,37
BRF:4
BRH:3
end_of_record
TN:
SF:/Users/jschuler/Documents/GitHub/pf-react-fork/packages/react-icons/dist/js/icons/xing-icon.js
FN:10,_interopRequireDefault
FNF:1
FNH:1
FNDA:37,_interopRequireDefault
DA:3,37
DA:6,37
DA:8,37
DA:10,37
DA:13,37
DA:22,37
DA:24,37
DA:26,37
LF:8
LH:8
BRDA:10,0,0,37
BRDA:10,0,1,0
BRDA:10,1,0,37
BRDA:10,1,1,37
BRF:4
BRH:3
end_of_record
TN:
SF:/Users/jschuler/Documents/GitHub/pf-react-fork/packages/react-icons/dist/js/icons/xing-square-icon.js
FN:10,_interopRequireDefault
FNF:1
FNH:1
FNDA:37,_interopRequireDefault
DA:3,37
DA:6,37
DA:8,37
DA:10,37
DA:13,37
DA:22,37
DA:24,37
DA:26,37
LF:8
LH:8
BRDA:10,0,0,37
BRDA:10,0,1,0
BRDA:10,1,0,37
BRDA:10,1,1,37
BRF:4
BRH:3
end_of_record
TN:
SF:/Users/jschuler/Documents/GitHub/pf-react-fork/packages/react-icons/dist/js/icons/y-combinator-icon.js
FN:10,_interopRequireDefault
FNF:1
FNH:1
FNDA:37,_interopRequireDefault
DA:3,37
DA:6,37
DA:8,37
DA:10,37
DA:13,37
DA:22,37
DA:24,37
DA:26,37
LF:8
LH:8
BRDA:10,0,0,37
BRDA:10,0,1,0
BRDA:10,1,0,37
BRDA:10,1,1,37
BRF:4
BRH:3
end_of_record
TN:
SF:/Users/jschuler/Documents/GitHub/pf-react-fork/packages/react-icons/dist/js/icons/yahoo-icon.js
FN:10,_interopRequireDefault
FNF:1
FNH:1
FNDA:37,_interopRequireDefault
DA:3,37
DA:6,37
DA:8,37
DA:10,37
DA:13,37
DA:22,37
DA:24,37
DA:26,37
LF:8
LH:8
BRDA:10,0,0,37
BRDA:10,0,1,0
BRDA:10,1,0,37
BRDA:10,1,1,37
BRF:4
BRH:3
end_of_record
TN:
SF:/Users/jschuler/Documents/GitHub/pf-react-fork/packages/react-icons/dist/js/icons/yammer-icon.js
FN:10,_interopRequireDefault
FNF:1
FNH:1
FNDA:37,_interopRequireDefault
DA:3,37
DA:6,37
DA:8,37
DA:10,37
DA:13,37
DA:22,37
DA:24,37
DA:26,37
LF:8
LH:8
BRDA:10,0,0,37
BRDA:10,0,1,0
BRDA:10,1,0,37
BRDA:10,1,1,37
BRF:4
BRH:3
end_of_record
TN:
SF:/Users/jschuler/Documents/GitHub/pf-react-fork/packages/react-icons/dist/js/icons/yandex-icon.js
FN:10,_interopRequireDefault
FNF:1
FNH:1
FNDA:37,_interopRequireDefault
DA:3,37
DA:6,37
DA:8,37
DA:10,37
DA:13,37
DA:22,37
DA:24,37
DA:26,37
LF:8
LH:8
BRDA:10,0,0,37
BRDA:10,0,1,0
BRDA:10,1,0,37
BRDA:10,1,1,37
BRF:4
BRH:3
end_of_record
TN:
SF:/Users/jschuler/Documents/GitHub/pf-react-fork/packages/react-icons/dist/js/icons/yandex-international-icon.js
FN:10,_interopRequireDefault
FNF:1
FNH:1
FNDA:37,_interopRequireDefault
DA:3,37
DA:6,37
DA:8,37
DA:10,37
DA:13,37
DA:22,37
DA:24,37
DA:26,37
LF:8
LH:8
BRDA:10,0,0,37
BRDA:10,0,1,0
BRDA:10,1,0,37
BRDA:10,1,1,37
BRF:4
BRH:3
end_of_record
TN:
SF:/Users/jschuler/Documents/GitHub/pf-react-fork/packages/react-icons/dist/js/icons/yarn-icon.js
FN:10,_interopRequireDefault
FNF:1
FNH:1
FNDA:37,_interopRequireDefault
DA:3,37
DA:6,37
DA:8,37
DA:10,37
DA:13,37
DA:22,37
DA:24,37
DA:26,37
LF:8
LH:8
BRDA:10,0,0,37
BRDA:10,0,1,0
BRDA:10,1,0,37
BRDA:10,1,1,37
BRF:4
BRH:3
end_of_record
TN:
SF:/Users/jschuler/Documents/GitHub/pf-react-fork/packages/react-icons/dist/js/icons/yelp-icon.js
FN:10,_interopRequireDefault
FNF:1
FNH:1
FNDA:37,_interopRequireDefault
DA:3,37
DA:6,37
DA:8,37
DA:10,37
DA:13,37
DA:22,37
DA:24,37
DA:26,37
LF:8
LH:8
BRDA:10,0,0,37
BRDA:10,0,1,0
BRDA:10,1,0,37
BRDA:10,1,1,37
BRF:4
BRH:3
end_of_record
TN:
SF:/Users/jschuler/Documents/GitHub/pf-react-fork/packages/react-icons/dist/js/icons/yen-sign-icon.js
FN:10,_interopRequireDefault
FNF:1
FNH:1
FNDA:37,_interopRequireDefault
DA:3,37
DA:6,37
DA:8,37
DA:10,37
DA:13,37
DA:22,37
DA:24,37
DA:26,37
LF:8
LH:8
BRDA:10,0,0,37
BRDA:10,0,1,0
BRDA:10,1,0,37
BRDA:10,1,1,37
BRF:4
BRH:3
end_of_record
TN:
SF:/Users/jschuler/Documents/GitHub/pf-react-fork/packages/react-icons/dist/js/icons/yin-yang-icon.js
FN:10,_interopRequireDefault
FNF:1
FNH:1
FNDA:37,_interopRequireDefault
DA:3,37
DA:6,37
DA:8,37
DA:10,37
DA:13,37
DA:22,37
DA:24,37
DA:26,37
LF:8
LH:8
BRDA:10,0,0,37
BRDA:10,0,1,0
BRDA:10,1,0,37
BRDA:10,1,1,37
BRF:4
BRH:3
end_of_record
TN:
SF:/Users/jschuler/Documents/GitHub/pf-react-fork/packages/react-icons/dist/js/icons/yoast-icon.js
FN:10,_interopRequireDefault
FNF:1
FNH:1
FNDA:37,_interopRequireDefault
DA:3,37
DA:6,37
DA:8,37
DA:10,37
DA:13,37
DA:22,37
DA:24,37
DA:26,37
LF:8
LH:8
BRDA:10,0,0,37
BRDA:10,0,1,0
BRDA:10,1,0,37
BRDA:10,1,1,37
BRF:4
BRH:3
end_of_record
TN:
SF:/Users/jschuler/Documents/GitHub/pf-react-fork/packages/react-icons/dist/js/icons/youtube-icon.js
FN:10,_interopRequireDefault
FNF:1
FNH:1
FNDA:37,_interopRequireDefault
DA:3,37
DA:6,37
DA:8,37
DA:10,37
DA:13,37
DA:22,37
DA:24,37
DA:26,37
LF:8
LH:8
BRDA:10,0,0,37
BRDA:10,0,1,0
BRDA:10,1,0,37
BRDA:10,1,1,37
BRF:4
BRH:3
end_of_record
TN:
SF:/Users/jschuler/Documents/GitHub/pf-react-fork/packages/react-icons/dist/js/icons/youtube-square-icon.js
FN:10,_interopRequireDefault
FNF:1
FNH:1
FNDA:37,_interopRequireDefault
DA:3,37
DA:6,37
DA:8,37
DA:10,37
DA:13,37
DA:22,37
DA:24,37
DA:26,37
LF:8
LH:8
BRDA:10,0,0,37
BRDA:10,0,1,0
BRDA:10,1,0,37
BRDA:10,1,1,37
BRF:4
BRH:3
end_of_record
TN:
SF:/Users/jschuler/Documents/GitHub/pf-react-fork/packages/react-icons/dist/js/icons/zhihu-icon.js
FN:10,_interopRequireDefault
FNF:1
FNH:1
FNDA:37,_interopRequireDefault
DA:3,37
DA:6,37
DA:8,37
DA:10,37
DA:13,37
DA:22,37
DA:24,37
DA:26,37
LF:8
LH:8
BRDA:10,0,0,37
BRDA:10,0,1,0
BRDA:10,1,0,37
BRDA:10,1,1,37
BRF:4
BRH:3
end_of_record
TN:
SF:/Users/jschuler/Documents/GitHub/pf-react-fork/packages/react-icons/dist/js/icons/zone-icon.js
FN:10,_interopRequireDefault
FNF:1
FNH:1
FNDA:37,_interopRequireDefault
DA:3,37
DA:6,37
DA:8,37
DA:10,37
DA:13,37
DA:22,37
DA:24,37
DA:26,37
LF:8
LH:8
BRDA:10,0,0,37
BRDA:10,0,1,0
BRDA:10,1,0,37
BRDA:10,1,1,37
BRF:4
BRH:3
end_of_record
